ACL List testacllist saved
xl\\/drawings\\/_rels\\/drawing\\d\\.xml\\.rels
\\\\ding\\{204\\}
Unable to call `foo`, which is undefined
Image::Magick
Unrecognized
ccsh message
GET_NOUN_OR_NOT:
{{position}}
no such file to load
WHERE \\(data#>>'{age}'\\)::numeric = 10
\\bel-tab-pane\\b
CustomSchema\\.execute
Command 'to_s'
C1274012
log in with an MoJ email address
BarClass
charset=CHARSET
Com\\. 
\\brandom=true\\b
%l}
vshost
major
Blue\\ Cross\\/Blue\\ Shield
__PLAN__
ceph_pool_write_total{cluster=\"ceph\",pool=\"cinder_ssd\"} 26721
\u00e1\u00bd\u00a6
/\\.rbenv/versions/
About Notepad
maximum
inline=false
No value accessor for form control with unspecified name attribute
param_
has \"clear\" operator with invalid value in \"nodeRef\"
Database Error
but 1 was made
generated by helper
controlfield
\\{SASSDOC_TITLE\\}
\"Search\"
SOLSTICE__REPLACE__TOKEN
Exception - scary message
\" should be '
#~#argjbexybtb#~#
docker pull base
the birdcage
These digests failed to verify: {\"#response\"=>\"2vCYl3h7ksRgk7IyV2axgpXxTWM=\"}
l2
 *\\| *
__FIELD_ST__
/nested_exceptions
\\.head
join_model
NOT_FOUND
transpilation failed
<svg-sprite\\/>
not a match
please pass a positive number as max_length
</junoscript>
Value passed to \"length\" operator must be \"Int\" scalar\\.
Graphite/carbon configuration for arbiter-master - localhost:2003, prefix: alignak, enabled: True, broks: True, file: None
Account Removal Complete
\u00e2\u0080\u0094
<path d=\\\"\\\"\\/>
testApp
Your theme has 1 warning
unserializable
len
The method #create! is unavailable for this resource
disableCookies
Django is not available on
memorable-animation
My
expected to find link \"No such Link\"
Pool was force destroyed
ideetje
think\\s*\n\\.Sy this\\s*\nis
TypeError: Too few arguments in function log1p \\(expected: any, index: 0\\)
Need to initialize first \\(KMTS::init <your_key>\\)
&security=1
\\u0043\\u2018
HTTP/1\\.\\d\\s200\\sOK
header_content
E&lt;nbsp&gt;
\\bURISchema\\b
Hiera configuration recreated due to change of scope variables used in interpolation expressions
Jasmine started TEST
Value passed to \"mul\" operator must be \"Float\" scalar\\.
\u00ca\u00c1
:dy
TransformEnd
forum
Configuration in hostdependency::unknown/unknown is incorrect
my version
>0:0<
-beginDate
status-
\\{ACTION_TYPE\\}
No property
/customers
Metric
 unsafe-eval
require \"sinatra\"
babel-jest
\\<3\\>
Vagrant
ZT
Opening and ending tag mismatch: p and strong
\\}\\;
PRIMER_ERROR
%contentLength
label
You cannot delete an AutoScalingGroup while there are scaling activities in progress
several
save: Saving of history save is on\\.
STATE TRUE 1 GREEN
THIS_SHOULD_NOT_BE_PASSED
files = this\\.sortuniq\\(this\\.flatten\\(files\\.map\\(function\\(x\\)\\{return glob\\.sync\\(x\\)\\}\\)\\)\\)
http://datastore/places/1/contracts
larbin
background: #133742
\\\not\\\\geq 
class Gender
Kiwi
This is the index page\\.
_leftPara
horsey_malone
OracleLinux
in use
\\.luax
The explicit precedence declaration on this rule
autocomplete=\"no\"
warning: --link: invalid link 'shinsekai yori'
\\[core\\]
<title>ESPOCH Acceso denegado</title>
_log_reader\\.rb
This is the Level1 about page
stderr maxBuffer exceeded
nasm
\\(1 file\\)
XXXXX
Kustom
\\:subdomain
not begin with a hyphen
1 argument given, 3 expected
postfix
body \\{
appium
`options` may not be used as a schema pathname
C2
:1:2: Unclosed comment
VBOX_E_OBJECT_NOT_FOUND
--exclude-deps option can only be used for static libraries
\\u1ecd\\u0311
You cannot specify
:443
prop: Non-empty String or Integer required for first argument
Googlebot
disabled all gear sizes from being created
a is deprecated
\\\\L
application/pgp-encrypted
\\sv\\b
package-server\\.js:1:1: 'PackageGlobalVar'
\\/slugs\\/user\\/
Invalid output mode
gem 'padrino'
ACC=
NoSuchBucket
onebook
Failed to query PuppetDB: something went wrong
#<Encoding:
-r, --rest               enable generation REST
Domain name must be a string
50\\d
!!VERSION!!
bootstrap
opened_on:
Britax
no save directory specified
setting macaddress to
\\bDOC_METATAGS\\b
Search Results
Hiera datadir for yaml doesn't seem to exist
\"id\" cannot be used in \"order\", \"above\", or \"below\" when finding by that field
\\%\\+\\+
tapos_block_summary
LIVEGEEZSYS
server_facts
address sizes
100000000000000006
B\u00f6ing
uniqueidentifier
yyyy-MM-dd 
dev\\.web\\.weixin
%SESSION_ID%
<title>401 Unauthorized<\\/title>
\\(tag
create trigger logidze_on_users
myException
Profiling is now enabled
expected given block not to yield successively
\\u0016\\u00a9
fname=Longbob
Cluster 
require 'bacon'
abc def
not process CSS
HTTPError: HTTP Error 402: Payment Required
test-d
\\*-\\/
chapter=all
CLEAN_GENUS
vmware
\\#container
\\\\textonehalf 
name for the item
ORCHID
\\s*\\b\\s*
Postscript
failed to compute args for event on-foo
\\|addr\\s*\\|opcode\\s*\\|p1\\s*\\|p2\\s*\\|p3\\s*\\|p4\\s*\\|p5\\s*\\|comment\\s*\\|
heroku\\.com
Invalid select\\(\\) argument
Ebay
alice blocked
\\= module;
non-cloudy-network
traceur-runtime
_%{name}
OculusBrowser
can't modify frozen string
Cannot GET \\/does_not_exist
\\.\\s*SUPER\\s*\\(
Validation
client version may be outdated
this is widget_inside_widget_layout
 :: 
RETURN NULL;
Expected sent email with body
\\(Lorg/osgi/framework/ServiceReference;\\)V
Your theme has 1 error and 2 warnings
var config = { track_pageview: true };
-overrides
must contain `namespace`
contains some config files in \\/etc
default name is sample_worker
m\\Bore
Please enter
unknown attribute name
gtag\\('config', 'happy', {\\\"anonymize_ip\\\":true}\\)
Value foo is blacklisted
All pipe ends
  4   def method
common law
# termius:ignore
Operation not supported
mj12bot
user: 'db_user'
cite
GEM_FILE
ospfV3
\\/notes\\/
LiveReload
optimize-me\\.css
Index: 
\"previousChargeId\":\"charge_123\"
Error loading plugin 'yard-plugin'
\\bgenespring\\b
hap update Door CurrentPosition 100
\\x{0647}\\x{0651}
<defs>
\"<adj>\"
parameter must be a map
Invalid token id
Invalid unicode character
\\bchannelTextArea-
You can override the status by adding \"@wip ready for review\"
extract-text-webpack-plugin
string, array or object
\\(EXCESS RECEIVED\\)
\"bProcessing\":true
Could not resolve master by name 'not_existing'
Subcommands:
xorl\\t%eax, %eax
chedot
class AwesomeGeneratorTest
not valid yaml
`, `
#00cc00
[*][(]i
KEGG-path:
an error occurred
X-messaging/aim-All
\\bDone\\b
\u00e3\u0082\u00b5\u00e5\u00a4\u0089\u00e6\u008e\u00a5\u00e7\u00b6\u009a
<hatena
warning message 2
ALUMINIUM
_CS
a visible global
The \\(space compressed\\) stack is larger than the limit set by AWS
util\\/log\\.rb
This is a body of the email
pipeline1
scheduled
codesandbox\\.io\\/static\\/js\\/
This-module-has-a-really-really-long-name
</C>
month condition to be true
<file
foo_test\\.rb
some step
bundlesPath has been removed
filled
id=\"ohyeah\"
\\s*-->\\s*
ceph_pool_dirty_objects_total{cluster=\"ceph\",pool=\"cinder_sas\"} 17124
testmodule-repo-ssh
economy
Foreman test email
contains uncommited changes
Dry::Types
Duplicate module names
\\/node_modules\\/
No local changes to save
\\\\'\\{O\\}
\\bdisplay\\s*:\\s*block
condition set to @var == \"foo\"
UnableToMapJsonToXcovModel
Only XHR based \\(via action-xhr attribute\\) submissions
\\x1b\\[\\?1049
notValidCommand
has no effect
bouncycastle
--no-insight
\\s\\s\\s
this method is broken
at template line
<FIELD KEY=\"owner_street2\">
aa74200714ce8190b38211795f974b4410f5a9d0
parsehilight
\\/resource already exists in this context
no scenario found
LOG_LEVEL
qnap
[.]srx
\u00ca\u00d5
add_index :posts, :content_new
Martin D\\u00FCrst
Name 'git' is reserved\\.
rule_5
PG_MODULE_MAGIC;
puppet-ca/v1/certificate_revocation_list/ca
>301 Moved<
dhx_cell_cont_no_top
unable to locate
user/logout
must define OctocatalogDiff::Config
Different types in deep merge
subtest
A CONTAINS expression cannot be nested within another CONTAINS expression
UTF
INTO\\b
\"hey\"
5 arguments given, 2 to 4 expected
A constitute annotation returned an invalid value of type string \\(should have been an array or a constitutor function\\)
Example
\\r\n4\\r\n
Bad Password
_header
Local variables in frame
Parameter 'pathString' must be a string, not boolean
Test deprecation
\\\"\\s*\\+\\s*\\\"
frozen
jsx
sampler2D
Can't connect to prspecd
account is invalid
IdList
Success rate is
Counter
package tagged
\\bchd=s:ANU,Abo\\b
\\[error\\]\\sEncryptor::GPG::Error:\\sn       Encryption\\scould\\snot\\sbe\\sperformed\\sfor\\smode\\s'asymmetric'
http://localhost:4000/search/role
\\s*editor-preview-active-side\\s*
dependency was not
\u611f\u8c22\u4f60\u6536\u542c
Notifications are unsupported
%ccJsList%
ERROR: internal server error
semicolon
is invalid, must be a String
No data from dumpsys
kill\\.sh
an error in one or more of your lexer regex rules
pagi
\"webNavigation\"
\"iterations\" is invalid
\\{TileCol\\}
quit
 \\|
Could not generate relative url
rtorrent_downloads_started 3
n {n-  \"name\": \"x\"n\\+  \"name\": \"x\",n\\+  \"description\": \"hi\"n }n
not a valid SemVer
Redis >> PING
too many open files
pre-op script
\\.x7
TXT_HERE
<orderContent>\\s*<!\\[CDATA\\[Lots 'o' crazy <data> stuff\\.\\]\\]>\\s*</orderContent>
Invalid \\/Filter
Completed
RNA
citedby
snmp-server group\\s
Bas
RestClient
\\|\\| git checkout master origin/master \\|\\| git checkout master
mercury
localdomain\\(
\\${HSPIDENTITY}
foo *\\( *\\);
Established
Installed GNU touch
resulted in a value outside of Puppet Integer min range
\\bBSD\\b
junk4=
destroy DELETE
Convert-Path
The exception matches: true
\\bcryptonight_hash\\b
Removing DNS Entries
skipped=\"2\"
\"message\":\"oops error\"
<w:pPr>
lowerBound must be a number
\\s%preun\n%vagrant_plugin_unregister %\\{vagrant_plugin_name\\}
\\.\n
\\\\m
<string>--max-old-space-size=4096<\\/string>
MB<
Unclosed quote after '\"' followed by 'xx\\\nyy\\.\\.\\.' \\(line: 1, column: 7\\)
Login: 
gecko\\/\\d
Sent to Archivist of the United States unsigned
src=
PDLA
\\22\\169
CrKey
my-lib
verbose_
No smells detected
caClient not specified
keyword><function>stateSet<
abcdefg
export class Test extends ProductReview {
tests\\/_assets\\/sample_icon\\.hidpi\\.png
__auto__
000004 \u2192 04050607
\\N{MULTIPLICATION SIGN}
RUBY_GC_HEAP_OLDOBJECT_LIMIT_FACTOR=0\\.9
\\G \\+ 
git pull --all
 -echo 
IN KEY
:nope
No matching schemas were found
\u5b57\u4e0b\u3052
\\bseventieth\\b
\u00ca\u0083
age=27
#:
\\e\\[\\dm
post_code=11560
--nbest
\\x{00dc}
/host/
Unknown validator rule '
Spaceship::Portal::Certificate
<section class=\"attachment hosted-externally\">
must be a callback
\\bpage
PREPS
\\bnoawl\\b
queue closed
Task\\ test::params:\nn         \\s*has\\ no\\ parameter\\ named\\ 'foo'\nn         \\s*has\\ no\\ parameter\\ named\\ 'bar'
Ignoring invalid version
Invalid User\\. Cannot set quota\\.
Term::Caca::Event::
static_compiler
oversized row
--feature-gates=RotateKubeletServerCertificate=true
GGGAATTCACATGGTTAAGGCTAGGCCTAAAGCTAT
both :wss_certificate and :wss_private_key
QUnit timeout after 2 seconds
<sourceFile
:range not supported
comment><comment>    format_table => {<
clob
/namespaces
\\+xml
SonicWALL
Nokia\\/Series-9200
\\[\\[ELSE\\]\\]
Successfully deployed new configuration to environment
\\.rb:
\\bcont\\b
postalCode
plugins\\/icons_hidpi\\.png
gt
5,6 is not a valid value for id
Cannot use the same port \"300\" for different cluster chunks\\.
{{ contentCss }}
file header
\"auctions\":
does not exist in the data store
[ ]function[ ]
is on
You declared that username accepts nil values in validate_uniqueness_of, but I cannot save nil values in the database, got
\\.di
\\[options\\]
ASCII value
params\\.require\\(:line_item\\)\\.permit\\(:product_id, :product_type\\)
-V 4
sid=
spamdetected
contact
\\\\approxeq 
ipset> 
7i6jhgjasdsadassda
config\\.action_mailer\\.delivery_method = :test
\\[\"table_name\", \"TEST_POSTS\"\\]
x_zip=12345
Not defined
Unable to find any upcoming events to import from this source
grape_ape
RB
Unexpected end of expression \\(char 4\\)
fill-rule
extra separator
/api/temp_instance_prices
<fault>
\\p{scx=Cprt}+
0 \\* \\* \\* \\* US\\/Eastern
module Hyphenated\n  module Name\n    class Engine < ::Rails::Engine\n      isolate_namespace Hyphenated::Name\n    end\n  end\nend
value is not a valid date
A00_a1_main
now 2012-03-11
itunes\\.apple\\.com
AFS ID
<channel><title><!\\[CDATA\\[Joe Blogs - Test\\]\\]><\\/title>
\\x{FFFD}
nginx
objects
pfam
called:plugin_terminate
the value of minimum must be a number
<\\/span>
min_fraud
Directories searched:
Csardas
Developer Load
<emphasis>
Invalid resource type
All gems are up to date
%22AGGA-KA-BOO!%22
<1>_
\\[WARNING\\] Cound\\'t configure Metrux\\'s logger\\.\\ Errno\\:\\:EPERM\\:\\ 
missing required field\\(s\\)
mhz
Remus
You have one or more invalid gemspecs that need to be fixed
kMDItemAlbum == 'holy'wc
find
has been chosen as the deadlock victim
  class AccountController < ApplicationController
expected body not to be filtered by id==1, but got
key 'ldap_users:' is required
invalid name encoding
<td></td>
status=success
\\bjavascript\\b
Transforming async functions is not implemented
dissoc: String required for first argument
\u307f\u304b\u3093
tunnel crashed
FROM t
<input type=\"text\" name=\"organization\" id=\"organization\" value=\"Shipyard\" class=\"input input-text shipyard-input\" />
styleUrls: 
\\p{XIDC}
height
must provide the directory
name=\"dbussink\"
https://checkout\\.google\\.com/buttons/buy\\.gif
Section \"mysect\" is already defined, cannot redefine
\\#808000
h1='1&apos;2&apos;'
e\\b
\\bByte_t\\b
noon
hm
Value returned from deprecated API function 'environment::data' has wrong type
puppet_run
/rspec/
includes unemployed
kMDItemMusicalGenre == 'techno'wc
CTF framework to generate data for\\? FBCTF
provided with an undefined
<\\/head>
must be one of the following
KEY='d\"\\\\\\|d'
Craig
All 'variables' elements should be Hashes
0012>>:
chef-web01
A valid message is required to sign
<% ICON_IMPORT_PATH %>
Synopsis
Header \\'<<headerName>>\\' already exists
,\\s*email\\s*:
BrowserSync
Lawrence Miles
/hproduct/aggregate
--forked
barcode
the \"basedir\" option is required to use
{\\\\`o}
This is the help
forename
Failed to execute 'add' on 'DataTransferItemList'
pixi\\.js
RancherOS
\\bCapistrano Version\\b
packageA
network
INFO: my 5 message
mondaen
\\.weblogs\\.com/
/ephys_prop/
[{][}]
\\sr
Whee
novirtual
&lt;static>
must specify byte range
\"stylesheet\": \"Stylus\"
\\x{1075}
cucumber\\.yml was not found
transaction is not valid to commit
>; 
Imported 'alignak_module_example' for mod-example
\\\\Elztdcol 
but no matching request was received
PriorAccumulatedQ3
service: my-awesome-service
d1 and d2 in LOAD_PATH\\? true
not a capability resource
@end-highlight@
cdnjs\\.cloudflare\\.com/ajax/libs/mathjax/2\\.7\\.1/MathJax\\.js
\\blater\\b
yellow\\.jpg
No secret_file defined
\\\"method_name\\\":\\\"flash\\\"
MF
awesomium
Cannot set structured value at \"foo\"
\\/js\\/
WARN zohch
GET / HTTP/1\\.1
`its_container`
/a/
Tix
Unix
blob%3A
##-##ABSTRACT##-##
LastInstallerSuccessLaunchCmdLine
Guillermo
translateX
link_title_2
app_worker#2:
\\bSUB\\b
Missing Authenticate header
node_modulesbaz
from not found; is required
body is not allowed
Calling hook push after local
disables the root
Const\\(Number\\): Number required
expected NameError, got #<LoadError
\\p{IsP}
<openSearch:totalResults
##teamcity\\[testFinished
CSEWY
__nl__
\\\\longrightarrow 
Denver
selfdestruct
\\/algolia-frontend-components\\/
\\bwv\\b
PIM
user = create :user
nested docs
\\s--silent
Content-Type must be multipart
loaded
\\x10033
\u00cc\u00b1
dir1 in LOAD_PATH\\? true
You must provide the `-m`
2220
#%22
between 1 and 2
the transfer button
<h1>Not Found<\\/h1>
has an unexpected value in \"optId\"
__BASE1__
Terms of the Perl programming language system itself
\\\\textdollar 
Zeal
== \"string\"\\.who\\? ==
Goliath
2 packages installed from local file
stumble
add_index :books, :discount, unique: true
\\/\\* SPRITES \\*\\/
purl
LIBEAY
\\s*\\bend\\b\\s*
children
<opml version
'stylus'
\\\\textregistered 
\\G!
The value: null is invalid
Ops! Broken suite run\\.
REGEX
UserKnownHostsFile
\\bNew York 1\\b
BadFactoryError
tonly
ConfigFileReadError
POST_TIMESTAMP
\\-wm
tobi-invalid@vision-media\\.ca
qloudsonicvoucher
instructions
could not parse major version
each response key must be an integer
\"favorite_quote\":\"Constraints are liberating\"
AB\\u{10400}
Invalid canner data type
Compilation failed
grub2\\/
Available deployment configurations:\n  production\n  staging
\\\\LeftUpTeeVector 
\\[Errno 10060\\] A connection attempt failed
decode_stub
block expects 2 arguments
_ramanujan_
!DNAME!
Value returned from default block has wrong type, entry 'b' expects a String value, got Integer
Cannot pass in --promote with --no-publish
\\sAdr\\s
%><%
warranty
<ul class=\"dropdown-menu 
5000ms
msvcrt\\.lib
Please supply a parameter to perform a Hiera lookup
eci>22<
Could not add the selected theme
no form controls registered with this array
main \u203a Main error console
Uri
@page_size=10
-R /
code signing is required
lineno
\\\\}
\\/\\*\\s*
/SAMPLE tekzt/i regexp expected within \"div\" in following template:
\\\\ding\\{45\\}
rarrgh
not a valid kibana namespaced template name
REFERENCE
all reads
port: 8080
-u=
version     RadiantSampleExtension::VERSION
\\bformat\\b
<h3 id=\"TOP\">Index</h3>\\s*<ul>\\s*<li><a href=\"#NAME\">NAME</a></li>
java\\.net\\.ConnectException: No route to host
returning 
[e][n][d]
height parameter required
spamcop
\uae30\ub2a5|\u6a5f\u80fd|\u529f\u80fd|\u30d5\u30a3\u30fc\u30c1\u30e3|\u062e\u0627\u0635\u064a\u0629|\u05ea\u05db\u05d5\u05e0\u05d4|\u0424\u0443\u043d\u043a\u0446\u0456\u043e\u043d\u0430\u043b|\u0424\u0443\u043d\u043a\u0446\u0438\u043e\u043d\u0430\u043b\u043d\u043e\u0441\u0442|\u0424\u0443\u043d\u043a\u0446\u0438\u043e\u043d\u0430\u043b|\u041e\u0441\u043e\u0431\u0438\u043d\u0430|\u041c\u043e\u0433\u0443\u045b\u043d\u043e\u0441\u0442|\u00d6zellik|W\u0142a\u015bciwo\u015b\u0107|T\u00ednh n\u0103ng|Savyb\u0117|Po\u017eiadavka|Po\u017eadavek|Osobina|Ominaisuus|Omadus|OH HAI|Mogu\u0107nost|Mogucnost|Jellemz\u0151|F\u012b\u010da|Funzionalit\u00e0|Funktionalit\u00e4t|Funkcionalnost|Funkcionalit\u0101te|Func\u021bionalitate|Functionaliteit|Functionalitate|Funcionalitat|Funcionalidade|Fonctionnalit\u00e9|Fitur|Feature|Egenskap|Egenskab|Crikey|Caracter\u00edstica|Arwedd(.*)
Quitting\\b
Translate
width: 200
_ibfk_
You already own a config lock for scope
warning: use glob patterns list instead of nul-separated patterns
\\x{201d}
\"Hello from C!\"
Combining infill
Use struct<OneviewSDK::LogicalSwitch::CredentialsSSH>
unexpected alert open
<meta name=\"twitter:description\" content=\"post custom excerpt\" \\/>
gss
GLOBAL
sunrise
as :mang do
:7443
PRELOAD
AttributeAccessor
\\bsymbol\\b
Ergebnis der Suche nach Berufen
cannot accept both end and duration
7;38;5;105
No searchPaths
url or json or rows or columns is required
Select Payee
Project-Id-Version: PACKAGE VERSION\\\n
serviceValidate
LXE
must return a valid schema
parameter 'format' variant 1 expects size to be at least 1, got 0
forced_backfill_pgs{cluster=\"ceph\"} 10
-group
dna
GraphQL::Relay::Mutation\\.define
##ENCODING##
Could not retrieve catalog from remote server
Unable to update git repository
mockerror
UTF-8
</strong>
artists_0\\.id AS artists_0_id
schema must be a string
%quota
eighty\\b
<field name=\"name\">matt2<\\/field>
wrong number or types of arguments
def sortable
added1
Very well, we will install using \\/tmp\\/foo
the Puppet::Type says hello
mongoid_dynamic_field=
\\/spec\\/coffeescripts\\/
mdlComponentHandler\\.js
Request \"body\" present, but Swagger spec has no body parameter mentioned
7_0_3_I2_1_
\\\\ding\\{61\\}
Please specify docker_compose_container
geniebot
property does not exist
Segment_foo
OS X
the uploader has not made this video available in your country
\\bYYACCEPT\\b
Deleted
multipart\\/signed
7;36
INVALIDFILTER
loader-options: @loader\\/options
audio/x-wav
{element}
\\Q'=bin='\\E
comment><comment> ]<
The\\slink
Unable to find a specification
runs
%REFID%
gulp-angular-filesort
%players%
INFO:
or perhaps you meant `be true` or `be_truthy`
fields\\:\"username\",
System32
start/running
phantom
No stack found
type=innodb
\\ \\!default
Net/DRI/BaseClass
\"awesome\":
const requestUrl = undefined;
<hr>\n
;base64,null
The service of id \"a\" is an abstract service and cannot be instantiated\\.
http:\\/\\/THIS
coordinates
0100A100100000301020001234567890123456789         
perlism
Received unknown parameter
!s
health_status{cluster=\"ceph\"} 1
h[(]\\/
Hey there, <b>world<\\/b>
#\\.
to type 'activity_books'
#omit#
Say hello
No version in the package descriptor of \"prerequisite\" in an include statement
feature=notices
Payment is missing fields: \\[\"Fee\"\\]
PROPERTIES
\\.ps
%timestamp_download
Invalid plugins list from cocoapods-plugins
inception
decrease
<!\\[CDATA\\[
static\\/downloads\\/
invalid pack data
Decorator cannot be applied more than once on MyController\\.prototype\\.myProp
[*][)]h
\\\\mathscr\\{E\\}
WARN: Test warn
&amp;&quot;&lt;&gt;
\\\\varnothing 
\\bfourth\\b
<text>
Welcome, dynamic
,v
blahblah
ShippingSpeedCategories
Package\\[not_a_package\\]\\/ensure: created
Getting dav blob test: Request failed, response: Response{ StatusCode: 401, Status: '401 Unauthorized' }
\\x{200b}
load_library
\"created_at\":
/customers/123/billing
\\${HSPMIDLINE}
create materialized view view_name as select_query_here with no data
history-test
\n\n\\t\\treturn
APPSECRET
foo: nil
RFC 7946 warning
Check
seznambot
HELLO FROM \\[
t\\/
grammarnn=head2
apps\\/statistics\\/js
is not a String
feeds/download/presentations
parameter 'evars' expects a match for EVariants = Enum\\['a', 'b', 'c', 'd'\\], got 'n'
HELLO from \\[content_for\\(:section_header\\)\\]
Fragment caching in a partial
\\\\,
Invalid database connection string given
Composite_namevar\\[php-yum\\]/ensure: undefined 'ensure' from 'present'
Signature verification failed
styles: \\[
from_fax
\\p{Unified_Ideograph}
Leider konnte Ihre Anmeldung nicht erfolgreich durchgef&uuml;hrt werden
could not parse build version
application/rdf[+]xml
Received
{{ID}}
\n\\| _data oblique_ \\| \\*\\*data bold\\*\\* \\| `data code` \\|\n
state must be a Symbol
Unlocks:n
issue
KEY\\b
\\\\=\\{I\\}
TARGET
the plugin \"kuzzle-plugin-test\" needs to run in privileged mode to work, you have to explicitly set \"privileged: true\" in its configuration
c=inline
\\.game-player-page
series
\\bflickr\\:map\\=pinwin\\b
\\p{Private_Use}
started 0
teleport
\\/app\\/views
\\Q\\\\\\E
An error was emitted
Unable to parse pre-suite,tests/whoops
dynix
\\sinvalid
this-and-that
Provider returned data that does not match the Type Schema for `some_resource\\[wibble\\]`\n\\s*Unknown attribute:\n\\s*\\* foo
\\[master] exit with code:0
<br data-tomark-pass \\/><br data-tomark-pass \\/>
service call window 2
\\(function\\(window\\,\\sundefined\\)\\s\\{
<hr\\sclass=\"short_line\"\\s\\/>
Some gemfiles failed
transform 300ms ease
T-SQL command \\(may be truncated\\):
application\\/x-www-form-urlencoded
RO=
\\p{IsControl}
0020Afor                                          
set to true
#flash8
Custom title: Should have at least 3 Characters
\\s*#\\s*if
dbd
No pools were provided
Binding mismatch: 1 for 2
status: 
PUBLIC KEY BLOCK
require 'riot'
\"name\": \"foo\"
/containers/json
assert_not_nil @some_person
Id is malformed
!PIN_OFFSET!
Open an issue
cloudfront
\\bhttps\\b
webpackChunkName
\\.S
freak
\\{webpack_version\\}
undefined method `namee='
Error: GemInstaller attempted to load gem '
duplicate\\ entry
No handler for message
Hello, Martin
card\\[number\\]
bail
cavv=2
graphite
adb is required
\\\\rest
@AUTHOR
http:\\/\\/example\\.com
'defined' parameter 'vals' expects a value of type String, Type\\[CatalogEntry\\], or Type\\[Type\\], got Integer
Profile unknown not found
GEM CONFIGURATION:
scramble
QUnit timeout after 4 seconds
Average\\sbrightness\\sdata
18
<val>
Su n\u00famero aleatorio es
content_type
\\{\\{alternates}}
:\\d\\d
access_key_id: 123
\\bPointSchema\\b
interrupt
UPGMA
Error during loading
Capybara not loaded
Aplix
\\{page\\}
cannot transition
rake db:migrate:reset
<COORDSET>
Output filter failed during filter
Use of uninitialized value
context and args found
us-zipcode\\.api\\.smartystreets\\.com\\/lookup\\?
This function is now deprecated
CREATE TABLE simplex\\.\"roles\" \\(n  \"FOO\" text,n  bar ascii,n  \"10\" int,n  \"'20'\" int,n  \"\"\"30\"\"\" int,n  \"f00\"\"b4r\" text,n  PRIMARY KEY \\(\"FOO\", bar, \"10\", \"'20'\", \"\"\"30\"\"\", \"f00\"\"b4r\"\\)n\\)
today
no chart available
Account Information
Honeybadger
\\<plist
tieinternal
hell
hoHO
Frequency>OneTime
\\bcompleting\\b
\u041c\u0430\u0440\u0442 
eexist
Main content is: <h4>this is main_content!</h4>
f00
'initialize_copy'
/__WORKBOX/uniqueValue
invalide config key a
maps\\/js\\/app-bbbbbbbbbb\\.js\\.map
No such key: \"hello\"
{block:
\"es6\": true
-\n
some/bogus/file
Argument required : fields
There must be a visible keyboard
is not a valid value
response 502 status
1\\) A suite with a failing spec
ha-p-pyaku
%{location}
The user name you are using to access this blogroll is incorrect
dup key
click here
\\\\cyrchar\\\\cyryo 
\u00e1\u00be\u00a5
%urlc%
`repeating\\.freq` is a mandatory item
P150200005007600
CREATE SCHEMA PUBLIC AUTHORIZATION DBA
-L/var/lib/stuff
schema2
1ab84000
:\\/=\\\\
test\\/dummy\\/db\\/\\*\\.sqlite3
password: 'db_pass'
License: 12345678-\\*\\*\\*\\*\\*\\*\\*\\*-\\*\\*\\*\\*\\*\\*\\*\\*-56789022
redefining constant
Payload results are missing
Invalid node
literal encoding is UTF-8
\"generators\": {
size
existingKey\\s*=\\s*DEF
user path no exist
\\bKEY\\b
\\bweb_ui_title\\b
safety
owner is always first
child-2
ig
\u00e1\u00bd\u0093
Couldn't find any podspec
\\b dump=cascade \\b
decisionTable
harmonic chord
redefined variable
\\s\\,
my exception
www\\.meetup\\.com\\/
_idx_
could not read the project version
\\/static\\/res\\/
the signup page
\nYY_REMAINING_INIT_CODE_SECTIONS_GO_HERE\n
/\\/monarchy\\//
ar2
that service is protected by Basic Authentication
\\-DNV_IS_FLOAT128
CLIENT_ERROR
implements\\s
unbalanced \"
\\scompile\\s
proxy
<html><body>Hello, world!</body></html>
 -XDELETE
%8
\\(\\.\\+\\?\\)
views\\/templates\\/default\\.html
This is the first alert
fun
openapi\\.do
Scoped files may not appear before global
doSomethingEarly
rubygems
Too many parameters for FORMAT_STRING
module FooBar\n  module TopicsHelper
0009  :
raise_exception_on_load
\\\\c\\{\\}
\\s*nesting\\s*
-e \"exit\\(1\\);\" ;#
\\s* , \\s*
\\*\\*43\\;
AutoLoader
appearance
follow
ParametersVendorContentComLytroTags
\\*{1,}
##teamcity\\[testStarted name='phantomjs - it handles failures']
argument key
\"use strict\"
merge error
Invalid type received for \"size\"\\. Expected: number\\. Received \\[string\\]
hello er<span>erik<\\/span>ik!
Hash#each
empty mode string
buffer should start with \"Exif\"
,\\s*/\\*.*?\\*/
DRIVER=
before and after em tags containing whitespace
 \u2013 
renderer \u203a Renderer error console
Unknown attribute type
OOM
ndm --get-yargs-completions
rawstorage1
Jan 01\\, 2000  1\\:00 AM\\, deployment 0000001
\\[buz\\] Done cloning project\\.
Credits are not enabled
none
linkdexbot
\\{total}
\\\\textfrac\\{1\\}\\{6\\}
osds_down{cluster=\"ceph\"} 10
q=test
Invalid path: foo\\/\\.\\. - 1:2
available tags: some-tag
should have been asked if changed\\? 1 time with `1, \"2\"', but was asked 2 times
Good ID must be 35 characters or fewer
LiveF1::Packet::
ITEMS_PER_PAGE
Corp\\. 
1 pending spec
\\x{00de}
spec/tasks
AlignmentProducerAsAnalyzer::endJob\\(\\)
A status is required
and awesomer!
\\|\\|\\=
No errors have been
sidekiq-scheduler
\"declarativeContent\"
No appropriate protocol
Number of decimals in function round must be an integer
Bazinga!\n
cached license data out of date
#\\/register
<!--NewPage-->
example\\.com:8080
\\xdb\\xdd
#\\{1\\}
Html5Plus
\\bdrop\\b
postal_code
localState
no-storage
GML
format\\.json \\{ head :no_content \\}
_mmaModLti
downloading 
degraded_pgs{cluster=\"ceph\"} 5
Can't locate
#FWSFileWebPath#
\u00d1\u0088
Reseller Acls Saved
nix
Missing attribute device_tokens
can't be blank
directive\\('foo'
giza
junk3=
/api/instances/actions/export
Sass argument of type sass_list unsupported
\\u01dd\\u0300
w[)]\\/[|]
Error occurred during initialization of VM
\\+1\\*
 \\(framework directory\\)
\\x{00C6}
\u00d0\u00a7\u00d0\u00a2
-other
tried to create Proc object without a block
Ohai::Config\\[:
</bold>
link_2
ActionController::Routing::RouteSet::NamedRouteCollection
\u00c3\u00a7
uniGene_2
import *{foo} *from *'\\.\\/foo';
no time to explain
i am the derg
node_modules\\/ndm-test
Insufficient number of arguments\\.
lingwin 
chronomodel
&lceil;
<h2>Table name<\\/h2>
ui-icons
Arguments passed to execute must be an array
Property \"node\" must be a Node
tuesday
\\<x-data-component
<myns:NSCustomWithPrefixExplicit xmlns=\"urn:custom\"/>
generate bash completion script
demo\\.test\\.foo
property :id, Serial
import theme from '\\.\\/HelloWorld\\.scss'
Your config is empty
\\302\\240\\302\\273
email\\.com
River Song/Melody P III
Skipping
article
Library does not allow method
ERROR: bad gateway
\\.data
change_passwd\\.empty\\.okay
fake_generated_token
bytes=
angularFilesort
matrix3d\\(
path is dir
sec\\^-1
is locked
Deployment ID 'zee' not found for application 
g: task
remote_user
\\/docile\\/
\\spath\\s
ISMN 
NOECHO
\"_1_1_1\"
\\\\quote\\\\
_graffity
<li>tobi &lt;tobi@learnboost\\.com&gt;<\\/li>
Xbox One\\)
the following fixtures are broken
A return value was not valid
www\\.youtube\\.com/embed/D4GrlOMlOBY
%log_filename%
CREATE SERVICE
<div class=\"aside-dialog 
<div>this is the resolved value of PRERENDERED_HTML<\\/div>
\\?: counterStateType
character 5
<!quote!>
Could not initialize a primary queue on startup
arcgis\\/rest\\/services\\/World\\/GeocodeServer\\/reverseGeocode
n\tn
end_at is deprecated
RF24
##yv5##
IXI
readlink\\(
not readable
basic_auth\\.username
Kenwood
role=\"navigation\"
Basement
lines, ljust, lstrip
\\\\L 
\\.ind
\\\\v\\{C\\}
INQ Mobile
\\<\\>
coverage measurement is not enabled
\\/script2-a42f5380\\.js
\\/\\/>removeCombos<
\\bCodeMirror-focused\\b
0 bytes transferred
\u987a\u4e30
Debug\\.pm
Special Collections and University Archives
\\{\\%foca_args\\%\\}
not match
There are invalid certificates in your trusted_certs_dir
Please provide an argument
lib update works
article_translations
mynumber
mail exchanger
THERE this isnt a todo
@namespace
tkn
#\\{0\\}
<script type=\"fastboot\\/shoebox\" id=\"shoebox-key2\">{\"zip\":\"zap\"}<\\/script>
firstButtonOnSecondPage
AWSAccessKeyId=akid
execArgv: \\[\"--require\",\"abc\"]
\\\\ding\\{43\\}
FormlyBootstrapModule
\n>>
namespace pixi_tilemap
--html
<AVSphoneNum>5555555555
Package Two
DateTime :created
\\[master] worker kill by debugger, exiting
\\\nu 
no path to file
\\bDIST\\b
new-api
--type css
_moz_dirty=\"\"
\\<\\=
JSPERL5
area
\\\\2f
Jasmine has been installed\\.
unexpected parameters
with a type of Hash
exceedlimit
\\%A
apcupsd_ups_load_percent{hostname=\"a\",model=\"b\",ups_name=\"c\"} 16
\\[ok\\]
Failed to refresh the cache
<data version=\"2\">
-part1
Parameter 'pathObject' must be an object, not boolean
alt\\.org\\.fedora\\.web
hap update Doorbell ProgrammableSwitchEvent 0
\u00e1\u00bd\u00af
combo
group_
dl_none
must have argument \"field\"
download_date
fnDrawCallback&quot;:&quot;callback_method
Newly created Main page
@post\\('
Error from _fnOnInstanceCreated
http://localhost:4000/search/node
buddy
\"_ruby_class\":\"
hello123
'dcm'
NONE
\\\\~A
%CWD
\\.org
smart_variables
Views::Gen1
You must pass --allow-breaking-changes
word\\/header
\"action\":\"String\"
\\/v3\\/auth\\/tokens
navigation\\.json
ERR! already built
usr\\/bin
Add accounts to your test keychain with:
\\p{InFullwidth}
fast forward
Expected namespace \\\"org\\.missing\\.Missing\\.\\*\\\" to be defined
bakon
\\s*inset\\s*
width=\"45\"
\u00e1\u00bd\u00a2
unifi_devices_wired_received_bytes_total{id=\"123\",mac=\"ab:ad:1d:ea:ab:ad\",name=\"OneTwoThree\",site=\"Default\"} 20
Switch renderer to
\\<textarea
strungngabhng
workerId
\\\\cyrchar\\\\CYRIOTE 
\\$traceurRuntime\\s*\\.
\u00e2\u0097\u0086gt\u00e2\u0097\u0086
--f, -f <s>:
CHECK: INST HEALTH_STATUS ARY2\\[3\\] was within range
\\bTicketAdminCc\\b
error occurred while compiling
___SP___
Key :total_non_sense does not exist
enterprise
max_staleness
boost=\"10\"
Observable\\.<
\\boggi\\b
present\\(:post\\)
No snapshots exist
\\\\cyrchar\\\\CYRKDSC 
View#key cannot be used
Look
itemsPerPage: 4
No such parent on key
no such field
%PARENTHOSTNAME%
MathJax_SVG_Display
normal><normal>\t\t\t\t\t\t<
not_my_id
GLOB\\(
private method `private_method' called
MB\\]
cert and key must be specified together
\\b dump=ast \\b
duplicate backward middleware
siguiente
\\sspecial-production\\s
\n> Other Exception\n
Packet
\\@n
__FUNCTION__
Cannot resolve injected property
<code></code>
\"grunt-karma\"
function\\s
node_modules\\/fluent
Database name `-_-` invalid \\(Use A-Za-z0-9_ only\\)
abrowse
CURRENT_USER\\b
{MIN}
create_table 
-name 
default from: \"from@example\\.com\"
slackware
<receiver_id>
<technicalMetadata
textile
Jest encountered an unexpected token
ORDINAL
amazonaws\\.com
dir1
\\{static\\}
frequency must be one of
expected to find field \"no such field\"
ns:
REPLACEWXRELEASE
wait-for-delay
super: no superclass method `test_class_method'
bar!
Sudo requires a password
<\\/test:~1>
{{ color-2 }}
waitAsync is already running
create_table\\(:users\\)
Password \\(\\^C to end\\):
Translated
Untrusted viewer referrer override
Setting deployment configuration
could not fetch
before and after empty strong tags
BBBB
variable><normal>;<
aurelia_project
Upload
module Hyphenated\n  module Name\n    # Your code goes here\\.\\.\\.\n  end\nend
\\[Network Required\\]
Missing option key \\:fred
selector: '\\[preW
frameworks: \\['phantomjs-shim', 'jasmine', 'angular-filesort'\\]
\\p{Pc}
no -S allowed in tainted mode \\(SecurityError\\)
parameter property already used: '<<someParameter>>'
import { FormlyModule } from '@ngx-formly\\/core';
\\[\\% IN \\%\\]
admin
my-message
 \\N{GREEK CAPITAL LETTER PSI}         
\\[enter\\]
&asymp;
  class ApplicationRecord < ActiveRecord::Base
2oeXufHGDpU51bfKBsZDdu7Je9weJ3r7sVG
basic:html
status=test\\+status
insertions\\.bed
\\%recipient
\\(\\.\\.\\.\\)
\\G_
Could not find relationship source
no factory name provided
UNIQUE constraint failed:
You need to provide a job file
expect\\(FooBarCollectionView\\)
\\bhelp\\b
Date 0000-00-00 is incorrect format
{persistedFaceId}
Using cached rules: true
Error: need at least one YAML
olo\u00df
Could not find class
{{MODULE_PREFIX}}
window_switching\\.html
5[.]20
#\\{class_name\\}
has an invalid \"pop\" operator in \"optIntList\"
e\\'
nil=\"true\"
image-container
Warning
\",\"
HTTPError: HTTP Error 401: Unauthorized
wrong number of arguments \\(4 for 1\\.\\.3\\)
Missed values list in @each
Options
I add them together
<apt-number>
in field <code>date
returning control
FUNCTIONS
old format
present
\"angular-aria\": \"angular-test-version\"
-Convert completed-
 \\\\r 
Missing translation for message \"foo\" for locale \"en\"
/customers/999
Quentin
<<=
<instance id>
 options:      
\"require\\({{DB}}\\)\"
pkcs12 requires a password
each didn't yield a String
Button label must be a string
received :count out of order
setgrent\\(
\\:value
cde
has been converted
\u00ef\u00bc\u0089
0 items in their inventory\\.
\\\\Kappa 
perk
Lock request time out period exceeded\\.
ERRnopaper
would bring the frame above 10
<TxnData2>
Total percentage is bigger than 100
\\sif-
Rendered customers\\/_customer\\.html\\.erb
a\\.m\\b
\\.test-widget
255
EXT:mask
themeName
need to be URLs
Sample%20Error
must be in the range of
/v2/services/
remove_column :posts, :title, :string
SUCCESS_HOOK: FailThenPass
--nodes
client_error
Not passed through
'delta'
Furl\u00ec
Predicate
-lf2c
LOG
WARNINGS:
input type=\"date\"
Unknown plugin: unicorn
a directory named: \\\"myapp\\\" already exists
Bob Fred
duplicated mapping key
ANALY_
\\.another\\.simple\\.bosh
Author::  YOUR NAME \\(YOUR EMAIL\\)
\\bSingleton\\b
contrast
 <
'invalid' is not a valid component of 'RuleBlock'
`undefined` in query
Sie sind angemeldet als
refs\\/heads\\/
longitude and latitude must be numbers
#PCDATA
flickr
keep that;
Capcode
1\\.0\\.0
192\\.168\\.1\\.\\d\\d\\d
status_code
Expect an integer value of key1, found string
multiline
god this is boring1
not to have a redirect status code \\(3xx\\) but it was 308
sem-query-role:\\[
BBB
igv
Official website
polygon
Expected to generate params
Nothing to compile
column 'something' defined
severity=WARN
Invalid int value: abc
excludes
stale_pgs{cluster=\"ceph\"} 30
Aquarium::AspectInvocationTestClass
/api/analysis_snapshots
FooBar
formControlName must be used with a parent formGroup directive
-stat
=head1 
illegal file mode
\"requirejs\"
missing credentials
DB_NAME=
I scan for warnings
class=\"reference internal\" href=\"#testone\"
\\ssize=100,
swesub
<dwfckg><\\/dwfckg>
No webhook found
:userId
check_object true
No close tag for
should not take any arguments
class FindMatchServiceTest < Minitest::Test
{{language}}
\\x{eb}
wyzo
@everyone
<<DBPASSWORD>>
Dingbats
%h
Current topology does not support sessions
Invalid results returned ::FAIL
-H \"Cookies: \"
_missing\\!_
cdn\\/image-35c3af8134\\.gif
part_html_format
Please enter your user name
Time limit reached\\.
class=\\\"btn\\\"
\\bMethod\\b
y\\B
nullsoft
cannot be loaded by its ID
not be a great idea
botsy ping
%clr
~-\\.
increase
<h1 id=\"quote-test\">\"quote\" \"test\"<\\/h1>
ext\\/
IOS XR
devices
_log
Unknown class: 
@baz@
\"protobufjs\\/minimal\"
~@
B1
time
wikipedia
Variant 'Invalid' is not supported
Cannot set user params on a transaction - it can only inherit params from main knex instance
cannot call `lazy` within a running test
4567
Id passed to addEdge is invalid
02-19-08_1710\\.jpg
Verified certificate '
\\/subdir_unmanaged_1
marpaESLIF
\\bhpw
Could not find template for partial 'item'
/parameter_missing
Parameters:
changes not staged for commit
Hello Execute
\\[\\[<<\\]\\]
\\02p
kgxref
mount 
-LSB- 
\\/post-resource-1
wall
connectionProfile not specified
AES-ECB
Content Switch SW
Too many parameters for MACRO_APPEND_START
E<gt>
issuecrawler
Key Data Integrity failed
Silk-Accelerated=true
\"-rotate\" \"0\"
htmlParseEntityRef: no name
album_link
<\\/p><p>
rft\\.jtitle=The\\+New\\+York\\+times
Must supply a value for form control at index: 1
episode
\\(123456 on abcdefghijklmnopqr\\): h
\\bUSAGE:
\\bthis file does not exist\\b
t/dual/
\\butf8mb4
describe 
rdfa 
/lib/assets/javascripts/
Cannot locate not-a-real-command!
describe NotificationMailer do
\\bAn Attribute\\b
\\=\\\"assets\\/
\\\\cyrchar\\\\cyri 
Verifying file shasum with command: \"
:value can't be used with a bound_check_box
Mac metadata is too large
class User < CouchRest::Model::Base
public\\/javascripts\\/vendor
\\/\\/ subdir\\/a
deleted QObject
Default block content
\\\\Elzltlmr 
version\\/5\\.0
should allow destroy
seamonkey\\/
Dos
\\${num}
 SQL_CALC_FOUND_ROWS 
SSL_use_certificate:passed a null parameter
mpv
Uploaded recipes started for giblets
dedeajax
class Init\\s+{
No device_id or user_id in hash
Must specify name and value for header versioning strategy
<testsuite
option: Last argument must be a Maybe, First or Last
\\\\cyrchar\\\\cyrii 
\\btrailer\\b
missing required option
\\/api\\/v0\\/bounce_headers
Cannot find module 'a\\u0000b'
const\\sLIVERELOAD_HOST\\s=
This is the test template
__DVDRIP_REPEATED_GROUP__
=\\> '
httperf
xlink:href=
\\/poise_debug
href='http://example\\.org/'
mon
doneToLine
NT_STATUS_OBJECT_NAME_NOT_FOUND
Bye!
&gt;=
invalid ELF header
CodeOfConduct
ndisabled\\.gif
,mail=
unnamed argument is required
using ruby 
duration must be an instance
\\bue\\.
Button_9
\\p{InGreek}
[&]ouml[;]
\\x{0643}\\x{0651}
CureWhite
b1
foo: null
Parameter error
may only belong to a settings collection or list
group :doc do
WinMobile
-unsigned
www\\.bing\\.com
src=\"\\/
should have been asked if changed\\? 1 time, but was asked 0 times
eos-
monkeys
 MathJax_MenuActive
NCBIGene:
&gt\\\\;
2 arguments given, 3 expected
class=\"btn btn-mini\"
Digest::MD5->md5_hex
fake error message
ERRdiffdevice
\\&amp;lt;
Ubuntu 
#=
expected NameError but nothing was raised
\\|_
get\\/set have been deprecated in favor of the config command\\.
##mod##
\\bsome-asset\\b
_ultra
expiry=
200D
text\\/yaml
Bob, is not authorized
must be defined by subclass
help=>false
HistoricalData
\\{\\{
Fedora release
use Filter\\:\\:CBC
Invalid XML message
Oh noez!
musl
REQUIRE_NS
--proxyPassword='zarkov'
jquery\\.mobile
failed on following hosts
Shortest path: 
%-EN
_ext
/2
BLAST
Unacceptable exit code returned
near \\\"SELCT\\\": syntax error
\\?\\?
foo is not a sanitization method
slice end anchor
Diffs computed for foo
PhoneOne
<\\/textarea>
#HW_VERSION#
/reply
Illegal argument: bindingContexts
\u674e\u7d44\u9577\u7709\u982d\u4e00\u76ba\uff0c\u5feb\u7ffb\u4e0b\u4e00\u9801\u2192
Levetiracetam
\"hasConfig\": false
 \\\" 
{{svg}}
On efface tout
Error response status
available
%3A
This is main_content override
app/views/account/bar\\.html\\.slim
-O1
STICKY
{{daysHtml}}
\\\\ding\\{103\\}
m=8192
expected key
ENEEDAUTH
~2
inc sp
iPhoneSimulator: Timed out waiting
img-src 'self'
authorized_roles_for_new
SUSPEND
gem list engineyard-serverside
blockType=meta
Cached master dir: bootstrapped=
<xsd:sequence>
bundle install error message
test-classes
KEGG:
 \\G \\^ 
xhr=return
createTimeStamp
\\p{InCyrillic}
Consolidated
# control_group_name should fail
Unknown host
\\bFAILED 1060\\b
Failed to execute 'getAsString' on 'DataTransferItem'
USE foo
http://datastore/places/1
exactly requires one positive integer argument
unless\\b
target attribute is required
facebook
You are not authorized to perform this action
hoodie-plugin-foobar
dragging-route
\\[\\]\\(\\)
<\\/b><\\/a>
\\/~vdom\\.skip
<h1>Hello<\\/h1>
server closed the connection
&quot\\;
ctx\\[:hello\\]
=head1
arc\\/info ascii
create_table \"schema_migrations\"
permit\\(:name, :currency_id, :user_id\\)
Unrecognised type
address is administratively disabled
Maximum number of bindings reached
pp=profile-memory
pio\u00dfes
~~PORT~~
possible SMTP attack
%max%
public-firstcorpus_reader
sso_logon
call_unexistent_function
Heyyy
<sp/>
remove  db\\/migrate\\/1_migration\\.rb\n
FileService already contains a query file
vertical-nav
\\${HSPBITSCORE}
RAPSearch
Error with command ignoring invalid UTF-8 byte sequences
```\nvar this\\;\nthis
Node 'name' is already defined
human_name
Php
\\\\'a
<code_set_name> \"cp932\"
Configure options
Invalid status:
\\bBigDecimal\\b
invalid result
\\\\preccurlyeq 
\\bAND\\b
#a60000
Can't use same method
BEGIN is permitted only at toplevel
::Characters
Date\\.parse\\(\"1989-11-09T17:57:00Z\"\\)
\\/xml-api\\/
\\s*Debian\\s*
sdfn    sdfn          sdfsdfn     sdfsf
there are both positional and keyword arguments for parameter \"obj\"
AfterAll Global After All Failure
<INPUT TYPE=submit NAME=next VALUE=\"Next Results\">
SS
Reason: Connection timed
MOT-
\\[size\\]
\\bvolt\\b
 '\\d\\ds
created template 'RSpec-role-action-template'
should be a number
PasswordAuthentication='no'
at test\\.js\\:3\\:7
\\bRETURNING\\b
recpt
RMD160_ASM
I love tests
:adapter   => 'mysql'
kill
\\[ci\\sskip\\]
-name=my-db
{{selectMonth9ButtonCssClass}}
<svg>Some document<\\/svg>
sender missing
:locale
issuer
ga\\(\\\"ec:addProduct\\\",
#LOGIN#
prompt requires a title
No version in the package descriptor of \"foo\" in an include statement \\(line
Type can be either of: string, number, integer, file, date or boolean
\\.hg
the name attribute must be set
/x/
onabort
\u00d1\u008f\\b
#0089ff
FOOTIFICATE
scss
INFO -- Ensure name: found 5 entries
EVP_md4
GRAND_CHILD_PID
#version
message_content must be a Hash
https:\\/\\/www\\.sisow\\.nl\\/Sisow\\/iDeal\\/Simulator\\.aspx
You must be logged in to deploy
detached ArrayBuffer
rescue_me_spec
IBrowse
fixedStep
\\.\\,
to_pass --setup /tmp/my_to_pass
\\xC6\\x92
debug message here 1
to be greater than or equal to
Message sent
mpegurl
<copyright>
{actual}
Author:
size: Debugger history size is 25
await
application/xml
\\\nabla 
instead of OGN
invoke t1
user already exists
\\[\\.\\]
Neither `enter` nor `leave` walker handler is set or both aren't a function
Searching Bower\\.\\.\\.
created vm 'RSpec-test-vm'
test-package-with-one-dep@0\\.0\\.0
I like foos
data\\s*=\\s*
Adjust display for File::/tmp/bar::parameters::mode: 755 != \"755\" DELETED
lib/spotify
\\[ \"/g_dumpTree\
gem 'rails'
rtorrent_downloads_upload_rate_bytes{info_hash=\"CCCC\",name=\"baz\"} 2048
<simpread-img
\\.et
rowspan\\s*=\\s*\"\\s*2\\s*\"
incomplete protocol
400 <=> 200-500
Use iterate\\.async\\(\\)
type=\"hidden\"
~}}
beta
ezmlm-request
Invalid key code
nico
Credentials are not set
aruba
expected given block to yield with no arguments, but did not yield
name=>\"foo\"
Expected node, got `\\[object Object]`
post_layout foo: foo_from_erb_inside_widget_layout
\u00ca\u00a4
\\.sqlite3
Catch this!
near \\\"null\\\": syntax error
\\bfunction\\(
This is a custom message
stopping a nonexistent session
REPLACE_ALSO
Could not find configuration file: '
<ruby>
 The JavaScript function was called synchronously but
requiredString
CompleteSuggestion
\\{end\\}
transaction is aborted
resource_pools:
circular
supply
\\bno_toc\\b
Invalid pack for
Unable to parse the response
\"attachments\\/
You don't log this error!
Could not determine keystore password
IS_MUTABLE_REPLACE
webseal
a\\.b\\.c
\\bposition\\b
require \"sequel\"
\\\\implies
=\"currentColor\"
\\\\cyrchar\\\\CYRGHCRS 
my name is egg \\/ eggapp
\\bSetSizeHintsSz\\b
Unrated
This module is already loaded
unknown event
taxa
critical
cm_
You have a nil object when you didn't expect it
maps\\.googleapis\\.com
<div class=\"alert alert-success\" role=\"alert\">
CommonModule
DontDelete
dest=caller
unable to open
a string
Api-Version
REFUND_ISSUED
ESS
index\\.php
passing: true
module TestApp\n  class ProductLinesControllerTest < ActionDispatch::IntegrationTest
detail/
Called name
Unexpected colon on line 1\\.
There was an error
Bad timer interval specification
field :name, :type => String
<\\/bt>
not allowed to upload \"csv\" files, allowed types: jpg, jpeg, gif, png
\\besri rest\\b
f=swt
UNTESTED \\/ PARTIALLY IMPLEMENTED
<SEARCH>
this is the prefix
\n \\*
a valid module
0020ATesting a CLIEOP direct debt tra             
\\357\\273\\277
This is a test log file message
UMinvoice=1337
\\.ini
XBOX360
pdftk 1\\.44
rename_column :audits, :association_type, :associated_type
AES-KW
Client network socket disconnected
a half
\\bchco=ff0000,00ff00,0000ff\\b
large
\"Street1\":\"1234 My Street\"
non-standard
At most one type can have @rootViewer directive
angular-route: \"2\\.0\\.0\"
&lt;del&gt;
SQL: inserting
Fusion MPT SAS
\\/other
%ANSWERSHASH%
\\134{1}/
eval
01-Jan-1970
Failed to create stemcell: file not found
Owners for gem: freewill
\\/usr\\/src\\/app
%album
List of devices attached
[:]DBI_REFVERSION:
Unsupported function \"blahblahblah\" with arguments \"\\[\\]\"
SyntaxError: Value expected
PRINCE_PATH = \"foo\"
the \"filename\" option is required to use
\u00e0\u00ba\u008d
lily
Naughty! There will be no backing out of the definition directory!
\\\\bship\\\\b
return __fest_buf
spec\\/fixtures\\/modules
expected `MAINTAINER`
gulp-ruby-sass
TypeError: Test error
<=UTF8=>
Referrer-Policy header doesn't support
gem 'rails-assets-mocha'
foo: unknown command 'mysterycmd'
created a snapshot for role 'RSpec_snapshot_create' of service 'RSpec-role-action-service'
BTREE\\b
dirb\\/b\\.ts
--environment
authorization\\: Basic ZGFud3Jvbmc6
click\\:
5 GETs transmitted
&ellip;
must contain a watchStatusJson property
field missingField on object
<h1
 key reused in authority
