cm
add\\/:param\\/bark
\\bmui-btn\\b
hydrochlorothiazidum
nouuid
graph_union
\\(GMT\\+0\\d:00\\) Moscow
Bad file descriptor
cannot remove historian records from the historian
transformObject needs to be an object
fix
expecting 2 parameters but 3 where provided
suchen
assert_select \"input\\[name=\\?\\]\", \"post\\[title\\]
SampleGem::VERSION
Name: \"foo\"
\\bseventh\\b
Unknown Policy type
\u00e1\u00bd\u008a
travis
{{\\s*currency\\s*}}
\\|left
Could not parse
\\bbase\\b
\\\\lneqq 
h3=12345
contour_sequence
kml source
Missing value
<FONT size=\"\\+2\"
\"dne\"
Vegan
\\.tsx
replied with a 502 and we might want to retry
bad_character
\\.\\$
Only one file can be applied per run
new_body
www-authenticate
--config lib\\/config\\/\\*\\.reek
Cotonti
tissue
__MODULE_URI__
has \"clear\" operator with invalid value in \"optInt\" field\\.
exists button 1
__MYAPP__
node_modules\\/rxjs
no results found
\\bOreganMediaBrowser\\b
Dicam
<!--Produced by
WARN Hello there
<span class=\"references\">Ref: <span class=\"command_paper_number\">11</span></span>
\\\\\\d\\d\\d\\\\\\d\\d\\d
Playstation portable
s3
You can see more detail in
EFERAT
\\/\\,\\d
xbadhrebe
\u00e3\u0083\u00b9
 xlink:href=\"
weaken
\\(-webkit-min-device-pixel-ratio: 2\\),
\\<OriginZip\\>90210
<span class=\"attachment-inline\">
\u00e3\u0081\u008d\u00e3\u0082\u0082\u00e3\u0082\u0093\u00e3\u0081\u00a9
Attempted to use frame after it was removed
alt=
comment><comment>returns the string of text in the current line that has been processed so far,<
invalid OSI code
<tr
\\* New versions
Unable to find input box with datalist completion \"form_first_name\"
expire_timeout value must be greater than 0
Unknown tag <genit class=\"foo\"
typeof define===\"function\"&&define\\.amd
UEFI
@ExportDecoratedItems\\b
default[:][;]
<cols xmlns=\"\">
self
forgot your password
Invalid number, digit expected \\(char 1\\)
more bad request
Non
Item 3 of the iterable is missing the foo\\(\\) method
user\\.name
no environment file is found
__cpanhome__
Hint must be null or string
cha
# ---
\\<hr\\/\\>
<n>
partial-foo
bs_iphone7
\\\\[\\\n]
should_not be_routable
\\x01\\x95
SERVER max_connect
checkout wtf\\?\\?\\?!!!fail-here,hahaa\" error
start=3782
XP
Application name is required
opinion
<\\/br>
_\\.contribution
MKBOLD-
The file mode specification is invalid
&lt\\\\;
whitehat\\saviator
Can not establish watcher channel connection!
/\\* \\!include mod_sc\\.h \\*/
include Mongomatic::Expectations::Helper
Session failed to close \\(StandardError: Hurgh blurgh\\)
The following errors
65001
Currently only getting current window size is supported
ai_family not supported
<th class=\"docinfo-name\">Revision:</th>
\\.json
1\\s/2008/11/21/nested/
t\\.text :body
attempted to assign additional state properties
minimal length to be between 0
n        \\[EvilEvents:EventEmitted\\(background\\)\\]:\\sn        ID:\\s
cube
\\/path-one
\\\\v{c}
protected static final short\\[\\] yyCheck = \\{
\\s*\\u00A4\\s*
is using branch master but Gemfile specifies changed
not a constructor
Error validating the FIFO queue name
FeedFetcher-Google
Non-numeric
second: Strong Function or Profunctor required
port install ruby
\\\\leftleftarrows 
##yv9##
bar\\.txt
-netdev\\s
route requires a path
<model-class>ActiveTestModel<\\/model-class>
you think you're so smart
GROUP
verify and debug options cannot be both enabled
Malformed JSDoc comment
sh=&s
thresholdRequired
Invalid re-enroll request, attr_reqs object is missing the name of the attribute
field selection and slice cannot be used with count
EST_match
YError:
\"start\": \"node \\.\\/server\\.js\"
other_hash\\[:quux\\] nil
Finished importing all data
~\\0
JVM version
CSeq
class CreatePhotoColors
Updating: Updating 'wibble' with \\{:name=>\"wibble\", :test_bool=>true, :variant_bool=>true, :optional_bool=>true, :test_bool_param=>true, :ensure=>\"present\"\\}
Speed
\\bBio-Affymetrix\\b
n must be \u22652
@keyframes not-present
Invalid principal type for Lambda permission statement
function\\s*getInteractiveScript\\s*\\(\\s*\\)\\s*\\{
\nhello\n
\\d\\d\\d\\d-\\d\\d-\\d\\d\\s\\d\\d:\\d\\d:\\d\\d
\\*}
Error: Failed to set ECDH curve
Parameter \"config\" missing required field \"id\"
:cntrl:
Trying to initialize module: mod-example
\\bline\\b
\\x{1096}
Summary
You need to provide a callback to watch
NameQualifier=\"Some name qualifier\"
0 files checked across 2 projects\\.
assertion message must be String or Proc, but TrueClass was given
image: rancher\\/load-balancer-service
<p>\\s*Invalid user ID\\s*</p>
\\bglob\\b
Can't delete attribute 'index_without_aliases' of readonly 'FlagProperties' object
\\<\\/td\\>\\s\\<\\/tr\\>
pedding
hello from bash
\\boverWriteTC\\b
peer-link Port-Channel5
Id\n\\s*Created at\n\\s*Updated at\n\\s*Team\n\\s*Name\n\\s*Position\n\\s*Number\n\\s*Retired\n\\s*Injured\n\\s*Born on\n\\s*Notes
lumia
video\\/ogg
#My comment
-fpic\\b
does not implement get_vm
private_data_connection can be set to true only when ssl is enabled
 -RSB-
<oth>
pfe_bak
non-existing
%SCRIPT%
Webkit
fedora-
/\\bperl_mlb\\.zip
https:\\/\\/docs\\.ghost\\.org\\/
Overflow of table of prepared statements
\\/\\xdf\\/t
\u00e3\u0081\u00b6\u00e3\u0081\u00a3\u00e3\u0081\u00a1\u00e3\u0081\u008e\u00e3\u0082\u008a
import \\{ FooActionTypes } from \\'\\.\\.\\/\\.\\.\\/actions\\/foo\\/foo\\.actions';
X-Forwarded-For
database: tmp_production
\\binvalid\\b
testfile\\.rb
Successfully removed logstash-input-twitter
Reply ABOVE THIS LINE
unknown time_unit :bogus
\\[\\[ATTRIBUTES\\]\\]
maybeToEither: Maybe or Maybe returning function required for second argument
Expected set to have items {5, 6, 7}
\\.pdf\\b
\u00e1\u00bf\u00a1
\u0628\u0639\u062f \u0627\u0632 \u0638\u0647\u0631
-Mblib
millones
An email address is required
snowflake
type 'continue'
invalid configuration option
--force-conf
PRE_TASK
The task operation 'run_command' is not available
RuntimeError: an error
\\@interface\\b
{{path}}
\u0e33\u0e21
val2
returned by reference
ref fails to match the required pattern
pretest
/c/
Table 1
gem 'pronto'
 hypervisor
Error: O NOES!
api\\.github\\.com\\/repos\\/octokit
\\* Stay Classy, San Diego
Added license
team penalty
Value:\\sfoo
:num
XML-RPC services are disabled
\\[exited\\]\\r
Usage: gem 
casper\\.download
portrait
\\[ActiveJob\\]
This ASIN/ISBN number is invalid
:example_group
Can't set attribute 'bits' of readonly 'FlagProperties' object
No match for
Saved
ios9
Playstation Vita
imported
_encoding
robots\\.txt
to be a Class or Module
deep_scrubbing_pgs{cluster=\"ceph\"} 10
x86_64\\-w64\\-mingw32\\-gcc
calc_all_KaKs_pairs
flickr\\.photos\\.getSizes
{AUTHOR}
not a valid email address
Workspace
Successfully configured IP addresses delegation to reseller
config argument is required
Server running
useopengl
<B>&nbsp;&nbsp;&nbsp;Plus de 200 sites
a min API version of 
idth
Failed: Object {
\\{id\\}
\\?foo=bar&spec=A suite
served by
LVL 
\\bend\\b
</head\\b
\\/sprockets
\\\\cyrchar\\\\cyrot 
N\"
TXT_FIRST
Please add `disable_transactions!`
--link-cli
\\bguid\\b
letters
__THEME__
EEE
<state>ON</state>
Vmpooler::PoolManager::Provider
Spanish
no-gradients
{refbylist}
sound
'100' is not a valid value
xxx xxx xx xx:xx:xx UTC xxxx
mock service foo\\.get error1
undefined method `paginate' for
Checkpoint-Computer
Content-Disposition: 
gfal:gfal:
firstExtent
google\\-analytics\\.com\\/ga\\.js
\\?{1,2}
lolz
\\$pickPos\\s*\\=
\\bOtherRecipients\\b
Error Receiving
5\\.1\\.1 safari
Net::SSH::AuthenticationFailed
__POINTCUT_BEFORE__
\\*\\*\\s4\\b
[:][:]
bypass
\"season\":\"Trinity\"
Cloque
%%url%%
map
open\\(
disk quota exceeded
  H\\(
\\Q{{amp}}
column 
CONVERT\\b
original_text
Edge types must be consistent
\\\\Elztrna 
the explanation
\\#IT
&Eta;
_rtp_
Member Favorites: 
RAID group
\\.storyboard
_____
alert requires callback property to be a function when provided
\u2575\u2502\u2577\u2579\u2503\u257b
400, 404 <=> 200, 201-203, 206, 301-400
VPATH
\\sVERSION
Gem::Commands::CreateCommand
\\/tmp is not a valid TyrantManager home
[*]u'
Nintendo Wii
<ETX>
Related
note in sass
WAIT: INST HEALTH_STATUS ARY2\\[1\\] failed to be within range
twenty\\b
\"message1\", \"message2\"
\\\\cdots 
PEM_CERT
skip must be an object
alpha-linux
COLLATE=utf8mb4_bin
Recent Post
SLOT_WIDTH
<yield\\/>
\\{weekHeader\\}
going
Ok
expected to find text \"\\[\\]\\*\\.\"
\"\\\\\"}\\\\\"\"
function
The following NEW packages will be installed:
cannot be modified
\\sscope=
You are not allowed
p0wned
greenpepper-group-not-rendered
Hash
Wrong parameters applied for findElementFromElement
unclear semantics
Must provide :to in the :config
Updating instance foobar1: foobar1/
<meta name=\"viewport\" content=\"width=device-width,initial-scale=1,shrink-to-fit=no\">
\\\\\\\"
gmf-animatable
recs-operation
This is a route
a change in the priority queue invalidated the current iterator
href=\"styles\\/
Account Creation Ok
Creating redacted version at
YAMLString
^\\s*\\b(?<_1>\uc608|\uc2dc\ub098\ub9ac\uc624 \uac1c\uc694|\uc2dc\ub098\ub9ac\uc624|\ubc30\uacbd|\u80cc\u666f|\u5834\u666f\u5927\u7db1|\u5834\u666f|\u573a\u666f\u5927\u7eb2|\u573a\u666f|\u5287\u672c\u5927\u7db1|\u5287\u672c|\u4f8b\u5b50|\u4f8b|\u30c6\u30f3\u30d7\u30ec|\u30b7\u30ca\u30ea\u30aa\u30c6\u30f3\u30d7\u30ec\u30fc\u30c8|\u30b7\u30ca\u30ea\u30aa\u30c6\u30f3\u30d7\u30ec|\u30b7\u30ca\u30ea\u30aa\u30a2\u30a6\u30c8\u30e9\u30a4\u30f3|\u30b7\u30ca\u30ea\u30aa|\u30b5\u30f3\u30d7\u30eb|\u0633\u064a\u0646\u0627\u0631\u064a\u0648 \u0645\u062e\u0637\u0637|\u0633\u064a\u0646\u0627\u0631\u064a\u0648|\u0627\u0645\u062b\u0644\u0629|\u0627\u0644\u062e\u0644\u0641\u064a\u0629|\u05ea\u05e8\u05d7\u05d9\u05e9|\u05ea\u05d1\u05e0\u05d9\u05ea \u05ea\u05e8\u05d7\u05d9\u05e9|\u05e8\u05e7\u05e2|\u05d3\u05d5\u05d2\u05de\u05d0\u05d5\u05ea|\u0422\u0430\u0440\u0438\u0445|\u0421\u0446\u0435\u043d\u0430\u0440\u0456\u0439|\u0421\u0446\u0435\u043d\u0430\u0440\u0438\u0458\u0438|\u0421\u0446\u0435\u043d\u0430\u0440\u0438\u043e|\u0421\u0446\u0435\u043d\u0430\u0440\u0438\u0439 \u0441\u0442\u0440\u0443\u043a\u0442\u0443\u0440\u0430\u0441\u0438|\u0421\u0446\u0435\u043d\u0430\u0440\u0438\u0439|\u0421\u0442\u0440\u0443\u043a\u0442\u0443\u0440\u0430 \u0441\u0446\u0435\u043d\u0430\u0440\u0456\u044e|\u0421\u0442\u0440\u0443\u043a\u0442\u0443\u0440\u0430 \u0441\u0446\u0435\u043d\u0430\u0440\u0438\u0458\u0430|\u0421\u0442\u0440\u0443\u043a\u0442\u0443\u0440\u0430 \u0441\u0446\u0435\u043d\u0430\u0440\u0438\u044f|\u0421\u043a\u0438\u0446\u0430|\u0420\u0430\u043c\u043a\u0430 \u043d\u0430 \u0441\u0446\u0435\u043d\u0430\u0440\u0438\u0439|\u041f\u0440\u0438\u043c\u0435\u0440\u0438|\u041f\u0440\u0438\u043c\u0435\u0440|\u041f\u0440\u0438\u043a\u043b\u0430\u0434\u0438|\u041f\u0440\u0435\u0434\u044b\u0441\u0442\u043e\u0440\u0438\u044f|\u041f\u0440\u0435\u0434\u0438\u0441\u0442\u043e\u0440\u0438\u044f|\u041f\u043e\u0437\u0430\u0434\u0438\u043d\u0430|\u041f\u0435\u0440\u0435\u0434\u0443\u043c\u043e\u0432\u0430|\u041e\u0441\u043d\u043e\u0432\u0430|\u041c\u0438\u0441\u043e\u043b\u043b\u0430\u0440|\u041a\u043e\u043d\u0446\u0435\u043f\u0442|\u041a\u043e\u043d\u0442\u0435\u043a\u0441\u0442|\u0417\u043d\u0430\u0447\u0435\u043d\u0438\u044f|\u00d6rnekler|Za\u0142o\u017cenia|Wharrimean is|Voorbeelden|Variantai|T\u00ecnh hu\u1ed1ng|The thing of it is|Tausta|Taust|Tapausaihio|Tapaus|Tapaukset|Szenariogrundriss|Szenario|Szablon scenariusza|Stsenaarium|Struktura scenarija|Skica|Skenario konsep|Skenario|Situ\u0101cija|Senaryo tasla\u011f\u0131|Senaryo|Sc\u00e9n\u00e1\u0159|Sc\u00e9nario|Schema dello scenario|Scen\u0101rijs p\u0113c parauga|Scen\u0101rijs|Scen\u00e1r|Scenariusz|Scenariul de \u015fablon|Scenariul de sablon|Scenariu|Scenarios|Scenario Outline|Scenario Amlinellol|Scenario|Scenarijus|Scenariji|Scenarijaus \u0161ablonas|Scenarijai|Scenarij|Scenarie|Rerefons|Raamstsenaarium|P\u0159\u00edklady|P\u00e9ld\u00e1k|Pr\u00edklady|Przyk\u0142ady|Primjeri|Primeri|Primer|Pozad\u00ed|Pozadina|Pozadie|Plan du sc\u00e9nario|Plan du Sc\u00e9nario|Piem\u0113ri|Pavyzd\u017eiai|Paraugs|Osnova sc\u00e9n\u00e1\u0159e|Osnova|N\u00e1\u010drt Sc\u00e9n\u00e1\u0159e|N\u00e1\u010drt Scen\u00e1ru|Mate|MISHUN SRSLY|MISHUN|K\u1ecbch b\u1ea3n|Kontext|Konteksts|Kontekstas|Kontekst|Koncept|Khung t\u00ecnh hu\u1ed1ng|Khung k\u1ecbch b\u1ea3n|Juhtumid|H\u00e1tt\u00e9r|Grundlage|Ge\u00e7mi\u015f|Forgat\u00f3k\u00f6nyv v\u00e1zlat|Forgat\u00f3k\u00f6nyv|Exemplos|Exemples|Exemplele|Exempel|Examples|Esquema do Cen\u00e1rio|Esquema do Cenario|Esquema del escenario|Esquema de l'escenari|Esempi|Escenario|Escenari|Enghreifftiau|Eksempler|Ejemplos|EXAMPLZ|D\u1eef li\u1ec7u|Dis is what went down|Dasar|Contoh|Contexto|Contexte|Contesto|Condi\u0163ii|Conditii|Cobber|Cen\u00e1rio|Cenario|Cefndir|B\u1ed1i c\u1ea3nh|Blokes|Beispiele|Bakgrunn|Bakgrund|Baggrund|Background|B4|Antecedents|Antecedentes|All y'all|Achtergrond|Abstrakt Scenario|Abstract Scenario)
Error while loading
Pierr\u00e9 von B\u00fcrgermeister de <
Egalite
\\%y
<meta name=\"twitter:title\" content=\"Welcome to Ghost\" \\/>
\\bconstructor\\b
J:
\\s*,\\s*null: true
house\\-price
\\\\y
\u00e1\u00be\u00b8
\\(old\\)
`TEST_SUITE\\b
\\{\\{id_token\\}\\}
byte\\b
this line should be extracted
body\\{color:red;\\}
continuing test
MyApp\\.ApplicationAdapter = DS\\.ActiveModelAdapter
readwrite setting must be a boolean value
define 
hypnotoad
ZI
Unknown access type
PuppetDB is not available
sp
options\\.svgClassname\\sis\\sdeprecated
renderer for png is unavailable
:0 0 0 0;
Api::V4::Nests::NestedController < Api::V3::Nests::NestedController
GODIR
Custom 404
class=\"mathjax\"
Cannot express custom unit
undefined local variable or method `no_such_resource' for cookbook: hjk, recipe: test :Chef::Recipe
generator
default_version = '
Related operation is currently in progress
\\bIconv\\b
keyword><function>snippetAttribute<
Gridifier
<img src=\"hi-dist\\.jpg\">
,foo,
in `rescue in raise_nested_exceptions'
-T
Please try proxyauth instead of proxy_auth_method
a message
\\\\vow\\{a\\}\\\\maq\\{\\}
expected escape sequence of 2 hexadecimal numbers, but found t
Tokyo
does not exist on this map
boeing
It should have been less than or equal to
drag
/bar
if \\( typeof module === 'object' \\) {
tell\\(
block\"\\)\n    console
\\bu\\'
IMG
postgresql
Continuing with termination
'planes'
{{dropDownMenuMonth1DateNumber}}
rem
var sample = require\\(\"sample\"\\)
blogbridge
Lock timeout limit
Duplicated translations for msg 1186013544048295927
my custom page
\\Gnull
7d @ 03:00
debug me
\u00d1\u0087\\b
argument must be
/public/entry/image
Failed loading configuration file: 
my\\/lib3\\/library\\.js
remove_index :posts, :title
// 
\\btransitions\\b
@mixin simple-sprite-blue \\{
\"keywords\": \"tag1, tag2, tag3\"
class AUnderscoredResourcesController <
\\\"@en \\.
Custom Query \\(postgres_group:shard2\\)
Apple Mac
oh noes!
\\-DXMLSEC_CRYPTO=\\\\\\\\\\\\\"openssl\\\\\\\\\\\\\"
%interval%
config is not valid
no prince
\\\\&
jasmine-failed
function isArguments
Brown
media-src 'self'
Backlog
<test:hasChallenge
<body style=\"background: #000\">
already exists and is not an empty directory
animation\\/KeyframeTrack\\.js
Getting config
\\bsort=
{tableId}
_HOST
AF_INET\\b
%%date%%
descriptive names
package\\-
Terminus subclasses must have associated constants
The host's certificate is missing
<name>test<\\/name>
TickOption
1000B
Serial
FAILURE: not_working_bob
\\%o
\\\\Elzminhat 
%_I
on
expected bool
name=\"view\" value=\"login\"
\\bmodule\\.exports\\b\\s*=\\s*
onniere
Countersigned recovery token issued at time is too far in the past
\\\\trianglerighteq 
ymax
An <option> element cannot contain other elements \\(encountered <blink>\\)
\u00e1\u00bc\u0093
even <em>clever
\"webRequest\"
animit
datatype><datatype>n<
///
aged brie
\\s-b
Retrying type request
custom_argument
warbler
EA
Warning: shx cd is not supported\n
binmode\\(
Text::Metaphone
mydir
HDRI
endpoint is currently down
digest method not supported
like_value
No domain records were found
Expected 1 worksheet, found 2
malam
/=>
merge is not supported
can't set beforeScript, coffee must be absolute path
login\\.
missing
AwssumedSession
Tk::
&cong;
Wrote diff to 
Image
There is already a cassette with the same name
%code%
\\bfiftieth\\b
operator><string>refs<
The specified query does not exist
lib/db_schema/operations\\.rb
\"clientFramework\": \"angularX\"
-pedantic-errors\\b
RISC OS
data:image\\/png;base64,iVBOR
Unrestricted File Upload
coordinate
e\\\\
MKITALIC-
module: 'testAppName'
/1
__NEXT__
virtual creator
\\b__cov_\\B
Cannot update name
\\}\\)\\(jQuery\\)\\;
unknown_lang
((?:^|\\r?\n|\\r)[ \\t]*)(?:Abstract Scenario|Abstrakt Scenario|Achtergrond|Aer|\u00c6r|Agtergrond|All y'all|Antecedentes|Antecedents|Atbur\u00f0ar\u00e1s|Atbur\u00f0ar\u00e1sir|Awww, look mate|B4|Background|Baggrund|Bakgrund|Bakgrunn|Bakgrunnur|Beispiele|Beispiller|B\u1ed1i c\u1ea3nh|Cefndir|Cenario|Cen\u00e1rio|Cenario de Fundo|Cen\u00e1rio de Fundo|Cenarios|Cen\u00e1rios|Contesto|Context|Contexte|Contexto|Conto|Contoh|Contone|D\u00e6mi|Dasar|Dead men tell no tales|Delineacao do Cenario|Delinea\u00e7\u00e3o do Cen\u00e1rio|Dis is what went down|D\u1eef li\u1ec7u|Dyagram senaryo|Dyagram Senaryo|Egzanp|Ejemplos|Eksempler|Ekzemploj|Enghreifftiau|Esbozo do escenario|Escenari|Escenario|Esempi|Esquema de l'escenari|Esquema del escenario|Esquema do Cenario|Esquema do Cen\u00e1rio|Examples|EXAMPLZ|Exempel|Exemple|Exemples|Exemplos|First off|Fono|Forgat\u00f3k\u00f6nyv|Forgat\u00f3k\u00f6nyv v\u00e1zlat|Fundo|Ge\u00e7mi\u015f|ghantoH|Grundlage|Hannergrond|H\u00e1tt\u00e9r|Heave to|Istorik|Juhtumid|Keadaan|Khung k\u1ecbch b\u1ea3n|Khung t\u00ecnh hu\u1ed1ng|K\u1ecbch b\u1ea3n|Koncept|Konsep skenario|Kont\u00e8ks|Kontekst|Kontekstas|Konteksts|Kontext|Konturo de la scenaro|Latar Belakang|lut|lut chovnatlh|lutmey|L\u00fdsing Atbur\u00f0ar\u00e1sar|L\u00fdsing D\u00e6ma|Menggariskan Senario|MISHUN|MISHUN SRSLY|mo'|N\u00e1\u010drt Scen\u00e1ra|N\u00e1\u010drt Sc\u00e9n\u00e1\u0159e|N\u00e1\u010drt Scen\u00e1ru|Oris scenarija|\u00d6rnekler|Osnova|Osnova Scen\u00e1ra|Osnova sc\u00e9n\u00e1\u0159e|Osnutek|Ozadje|Paraugs|Pavyzd\u017eiai|P\u00e9ld\u00e1k|Piem\u0113ri|Plan du sc\u00e9nario|Plan du Sc\u00e9nario|Plan senaryo|Plan Senaryo|Plang vum Szenario|Pozad\u00ed|Pozadie|Pozadina|Pr\u00edklady|P\u0159\u00edklady|Primer|Primeri|Primjeri|Przyk\u0142ady|Raamstsenaarium|Reckon it's like|Rerefons|Scen\u00e1r|Sc\u00e9n\u00e1\u0159|Scenarie|Scenarij|Scenarijai|Scenarijaus \u0161ablonas|Scenariji|Scen\u0101rijs|Scen\u0101rijs p\u0113c parauga|Scenarijus|Scenario|Sc\u00e9nario|Scenario Amlinellol|Scenario Outline|Scenario Template|Scenariomal|Scenariomall|Scenarios|Scenariu|Scenariusz|Scenaro|Schema dello scenario|Se \u00f0e|Se the|Se \u00fee|Senario|Senaryo|Senaryo deskripsyon|Senaryo Deskripsyon|Senaryo tasla\u011f\u0131|Shiver me timbers|Situ\u0101cija|Situai|Situasie|Situasie Uiteensetting|Skenario|Skenario konsep|Skica|Structura scenariu|Structur\u0103 scenariu|Struktura scenarija|Stsenaarium|Swa|Swa hwaer swa|Swa hw\u00e6r swa|Szablon scenariusza|Szenario|Szenariogrundriss|Tapaukset|Tapaus|Tapausaihio|Taust|Tausta|Template Keadaan|Template Senario|Template Situai|The thing of it is|T\u00ecnh hu\u1ed1ng|Variantai|Voorbeelde|Voorbeelden|Wharrimean is|Yo\\-ho\\-ho|You'll wanna|Za\u0142o\u017cenia|\u03a0\u03b1\u03c1\u03b1\u03b4\u03b5\u03af\u03b3\u03bc\u03b1\u03c4\u03b1|\u03a0\u03b5\u03c1\u03b9\u03b3\u03c1\u03b1\u03c6\u03ae \u03a3\u03b5\u03bd\u03b1\u03c1\u03af\u03bf\u03c5|\u03a3\u03b5\u03bd\u03ac\u03c1\u03b9\u03b1|\u03a3\u03b5\u03bd\u03ac\u03c1\u03b9\u03bf|\u03a5\u03c0\u03cc\u03b2\u03b1\u03b8\u03c1\u03bf|\u041a\u0435\u0440\u0435\u0448|\u041a\u043e\u043d\u0442\u0435\u043a\u0441\u0442|\u041a\u043e\u043d\u0446\u0435\u043f\u0442|\u041c\u0438\u0441\u0430\u043b\u043b\u0430\u0440|\u041c\u0438\u0441\u043e\u043b\u043b\u0430\u0440|\u041e\u0441\u043d\u043e\u0432\u0430|\u041f\u0435\u0440\u0435\u0434\u0443\u043c\u043e\u0432\u0430|\u041f\u043e\u0437\u0430\u0434\u0438\u043d\u0430|\u041f\u0440\u0435\u0434\u0438\u0441\u0442\u043e\u0440\u0438\u044f|\u041f\u0440\u0435\u0434\u044b\u0441\u0442\u043e\u0440\u0438\u044f|\u041f\u0440\u0438\u043a\u043b\u0430\u0434\u0438|\u041f\u0440\u0438\u043c\u0435\u0440|\u041f\u0440\u0438\u043c\u0435\u0440\u0438|\u041f\u0440\u0438\u043c\u0435\u0440\u044b|\u0420\u0430\u043c\u043a\u0430 \u043d\u0430 \u0441\u0446\u0435\u043d\u0430\u0440\u0438\u0439|\u0421\u043a\u0438\u0446\u0430|\u0421\u0442\u0440\u0443\u043a\u0442\u0443\u0440\u0430 \u0441\u0446\u0435\u043d\u0430\u0440\u0438\u0458\u0430|\u0421\u0442\u0440\u0443\u043a\u0442\u0443\u0440\u0430 \u0441\u0446\u0435\u043d\u0430\u0440\u0438\u044f|\u0421\u0442\u0440\u0443\u043a\u0442\u0443\u0440\u0430 \u0441\u0446\u0435\u043d\u0430\u0440\u0456\u044e|\u0421\u0446\u0435\u043d\u0430\u0440\u0438\u0439|\u0421\u0446\u0435\u043d\u0430\u0440\u0438\u0439 \u0441\u0442\u0440\u0443\u043a\u0442\u0443\u0440\u0430\u0441\u0438|\u0421\u0446\u0435\u043d\u0430\u0440\u0438\u0439\u043d\u044b\u04a3 \u0442\u04e9\u0437\u0435\u043b\u0435\u0448\u0435|\u0421\u0446\u0435\u043d\u0430\u0440\u0438\u0458\u0438|\u0421\u0446\u0435\u043d\u0430\u0440\u0438\u043e|\u0421\u0446\u0435\u043d\u0430\u0440\u0456\u0439|\u0422\u0430\u0440\u0438\u0445|\u04ae\u0440\u043d\u04d9\u043a\u043b\u04d9\u0440|\u05d3\u05d5\u05d2\u05de\u05d0\u05d5\u05ea|\u05e8\u05e7\u05e2|\u05ea\u05d1\u05e0\u05d9\u05ea \u05ea\u05e8\u05d7\u05d9\u05e9|\u05ea\u05e8\u05d7\u05d9\u05e9|\u0627\u0644\u062e\u0644\u0641\u064a\u0629|\u0627\u0644\u06af\u0648\u06cc \u0633\u0646\u0627\u0631\u06cc\u0648|\u0627\u0645\u062b\u0644\u0629|\u067e\u0633 \u0645\u0646\u0638\u0631|\u0632\u0645\u06cc\u0646\u0647|\u0633\u0646\u0627\u0631\u06cc\u0648|\u0633\u064a\u0646\u0627\u0631\u064a\u0648|\u0633\u064a\u0646\u0627\u0631\u064a\u0648 \u0645\u062e\u0637\u0637|\u0645\u062b\u0627\u0644\u06cc\u06ba|\u0645\u0646\u0638\u0631 \u0646\u0627\u0645\u06d2 \u06a9\u0627 \u062e\u0627\u06a9\u06c1|\u0645\u0646\u0638\u0631\u0646\u0627\u0645\u06c1|\u0646\u0645\u0648\u0646\u0647 \u0647\u0627|\u0909\u0926\u093e\u0939\u0930\u0923|\u092a\u0930\u093f\u0926\u0943\u0936\u094d\u092f|\u092a\u0930\u093f\u0926\u0943\u0936\u094d\u092f \u0930\u0942\u092a\u0930\u0947\u0916\u093e|\u092a\u0943\u0937\u094d\u0920\u092d\u0942\u092e\u093f|\u0a09\u0a26\u0a3e\u0a39\u0a30\u0a28\u0a3e\u0a02|\u0a2a\u0a1f\u0a15\u0a25\u0a3e|\u0a2a\u0a1f\u0a15\u0a25\u0a3e \u0a22\u0a3e\u0a02\u0a1a\u0a3e|\u0a2a\u0a1f\u0a15\u0a25\u0a3e \u0a30\u0a42\u0a2a \u0a30\u0a47\u0a16\u0a3e|\u0a2a\u0a3f\u0a1b\u0a4b\u0a15\u0a5c|\u0c09\u0c26\u0c3e\u0c39\u0c30\u0c23\u0c32\u0c41|\u0c15\u0c25\u0c28\u0c02|\u0c28\u0c47\u0c2a\u0c25\u0c4d\u0c2f\u0c02|\u0c38\u0c28\u0c4d\u0c28\u0c3f\u0c35\u0c47\u0c36\u0c02|\u0c89\u0ca6\u0cbe\u0cb9\u0cb0\u0ca3\u0cc6\u0c97\u0cb3\u0cc1|\u0c95\u0ca5\u0cbe\u0cb8\u0cbe\u0cb0\u0cbe\u0c82\u0cb6|\u0cb5\u0cbf\u0cb5\u0cb0\u0ca3\u0cc6|\u0cb9\u0cbf\u0ca8\u0ccd\u0ca8\u0cc6\u0cb2\u0cc6|\u0e42\u0e04\u0e23\u0e07\u0e2a\u0e23\u0e49\u0e32\u0e07\u0e02\u0e2d\u0e07\u0e40\u0e2b\u0e15\u0e38\u0e01\u0e32\u0e23\u0e13\u0e4c|\u0e0a\u0e38\u0e14\u0e02\u0e2d\u0e07\u0e15\u0e31\u0e27\u0e2d\u0e22\u0e48\u0e32\u0e07|\u0e0a\u0e38\u0e14\u0e02\u0e2d\u0e07\u0e40\u0e2b\u0e15\u0e38\u0e01\u0e32\u0e23\u0e13\u0e4c|\u0e41\u0e19\u0e27\u0e04\u0e34\u0e14|\u0e2a\u0e23\u0e38\u0e1b\u0e40\u0e2b\u0e15\u0e38\u0e01\u0e32\u0e23\u0e13\u0e4c|\u0e40\u0e2b\u0e15\u0e38\u0e01\u0e32\u0e23\u0e13\u0e4c|\ubc30\uacbd|\uc2dc\ub098\ub9ac\uc624|\uc2dc\ub098\ub9ac\uc624 \uac1c\uc694|\uc608|\u30b5\u30f3\u30d7\u30eb|\u30b7\u30ca\u30ea\u30aa|\u30b7\u30ca\u30ea\u30aa\u30a2\u30a6\u30c8\u30e9\u30a4\u30f3|\u30b7\u30ca\u30ea\u30aa\u30c6\u30f3\u30d7\u30ec|\u30b7\u30ca\u30ea\u30aa\u30c6\u30f3\u30d7\u30ec\u30fc\u30c8|\u30c6\u30f3\u30d7\u30ec|\u4f8b|\u4f8b\u5b50|\u5267\u672c|\u5267\u672c\u5927\u7eb2|\u5287\u672c|\u5287\u672c\u5927\u7db1|\u573a\u666f|\u573a\u666f\u5927\u7eb2|\u5834\u666f|\u5834\u666f\u5927\u7db1|\u80cc\u666f):[^:\\r\n]*
\\/contact
\\!COOKBOOK_VERSION\\!
Album title: '' from ''
require\\('internal\\/streams\\/end-of-stream'\\)
Error at location in <\\/error:~1> while rendering <\\/path>
Compression level must be between 0 and 9
Catalog for master will be built with OctocatalogDiff::Catalog::Computed
\"fnords\" not supported
exceeded storage allocation
DEBUG -- : Loaded 3 settings from
\\\"function
Opera\\/
Test content 1234
deleted template 'RSpec-flow-http-template'
--client-ca-file
var firstBy = \\(
<pre class=\"output\">
\\{\\{t:start\\}\\}
\\berror_value\\b
lang
--server-args
1 success
/c2
pdf
-dir=
icon-bks
create should be true when force or options is used
Elasticsearch
property :band, :class => Band
expected-filename\\.js:33:131
ISA
\\\\~
Appium Socket Server Ready
\\/tasks\\/
console\\[b\\('0x0'\\)]\\('a'\\);
not divisible by 3
 ,
amiga
width=
warning: circular argument reference
Bandwidth Allowance exceeded
On branch 
\\(C\\)\\ \\d\\d\\d\\d-\\d\\d\\d\\d\\ Rene\\ Schickbauer
 YUI_AMP_F 
New cassette: 
lumbar-test
blablabla Some previous changelog
No Next Page
\\bc
# do not show send email button
\\\\cyrchar\\\\CYRTSHE 
Could not find files
Cannot parse character \"<\"
PATTERN
Cannot parse invalid Base64 string
\"then\":{
Mongo is behind
\\x{0631}
property: 'property' is invalid in a security scheme
key prompt is not allowed
\\[LoggingJob\\]
tnavelerri
tiny_mce_marker
rewind called with arguments
\\bthree\\b
\\\\Elzrttrnr 
msiexec \\/x {guid} \\/q
\\bdropdown-menu
<<DIST>>
'sop_uid'
clado
Query
Hourly are invalid
called too many times
console log
expected SyntaxError with \\\"example message\\\", got #<RuntimeError: example message>
mount and path
endpoint_link :health
Sqlcmd: Error
OMT
dallas
ambiguous argument
different sources for `RestKit`
fancy
answer: Yes
value returned from function 'test' has wrong type, expects a String value, got Integer
utter failure
Error line should be 5
--without only test
should-be-ignore
!!perl\\/code
\\bchildren\\b
Truth is fundamentally a legal fiction
Already enrolled to this course group!
ERROR: Please configure TCAM
\u00d5\u00a1\u00d6\u0082
\\b__RESOURCE_MAP__\\b
##teamcity\\[testFinished name='phantomjs - it skips stuff']
Packages match
POE::Framework::MIDI::Bar
\\<h3 id=\"children\"\\>
MONETARY
value=\"2\"
\"\\\n\\\n\\\n\\\n\"
the maker declared that it cannot run
garbage
aaaa
Coolpad
\u00e1\u00bd\u00ba
\\*@
0\\.00 
moses
fake_libs
Hazy Moonlight
sparql
No cartridges are defined for this type
property already used: 'formParameters
{ID}}
could not prepare statement \\(1 near \\\"Infinity\\\": syntax error\\)
rmdown
\\-lz\\b
CRITICAL
setting error
keySize must be specified
Welcome back,
Could not resolve domain for
logstash-input-beats
\\\\ding\\{224\\}
&nl;
@loopback\\/\\* dependencies:
\\bclang\\b
Tt
Select a path to the target schema
=pod
TextInput
@accessor
&diams;
sendCoverage
terminating connection
Remembered
has an invalid operator expression in \"optFloatList\"
could not find gem 'missing'
cmd\\(
}\n,
Property \\'param1\\' must be a string
accessor\\.rb
Server Status Error: 404
Channel denied access
librabot
Aerial
Department sparse update is not supported
end of central directory record signature not found
expired_token
different sources for `SEGModules`
shipmentIds
rft\\.issn=0362-4331
unassigned\\(
/p=
:adapter   => 'mysql2'
Install
'hello'
 bound=\"file\"
Compiler::Parser
Build should be completed
No response yet
Destination
Indexing
KHTML
\\/article\\/create
\\/blob\\/
<\\/types>
Invalid second element array
<h2 id='myguide-section-my-chapter'>My <span>Chapter<\\/span>
\\e\\[0m
#\\[
FORWARDS
id=321
getting awesomer
\\', \\'
encrypt me
OUANJ
Windows 2000
pack_terrain
searchform
spamhaus
<ul>\n<li>\n<a href=\\\"#heading-1\\\">Heading 1</a>\n<ul>\n<li>\n<a href=\\\"#heading-2\\\">Heading 2</a>\n</li>\n</ul>\n</li>\n</ul>
gems
due to shutdown request
<leader
CelluloidIOPGListener::Examples::Client does not define a method :
stroke=\"currentColor\"
\\%Time\\%
\\[APAa\\]
\\.h3
cannot be overwritten
<field name=\"name\">matt<\\/field>
the dashboard page
\\swhere\\s
%HH%
\\70
\\%\\%name\\%\\%
add_index :users, :encrypted_otp_secret_key, unique: true
\\b\\*
<tex
click a button
You need at least one command before moving on
state=
module ArticlePresenter
LOCAL_IP-LOCAL_IP
no multipart boundary
ccheckboxcolumn
\"fd\":
class ProductLineTest < ActiveSupport::TestCase
\\[\\d\\dm
Dallab
# COMMENT
Missing package\\(s\\): systemd, nginx
module MyHyphenated\n  module Name\n    module ApplicationHelper\n    end\n  end\nend
-\\[
small
LACP
the parameter parameter is ambiguous! No value after =, assuming an empty string
Exit status: 1
<b
Interview\\.01\\.28
\\[php\\-close\\]
Account Overview
\\@repository\\(BarRepository\\)
StillImage
 \\(id\\) VALUES
\\-n
<br\\s\\/>\\sversion\\sn    
\\[t\\]
MeeGo
\u00d0\u009c
mph
BitString
not at the root
expected body to be filtered by name==1, but got
color: green
endswitch\\b
keyword><function>includeRules<
arguments
ipv4_anonymize requires a subnet
phone_1
3, false
does not provide a view engine
{xmin}
Opa timeout after 1 seconds
name: '
no_dedupe=1
No \\/Encrypt
never get here
PPSX
fields=
\\GNULL
lpr
\\/\\/__VIRON_COMPONENTS_TAG__
formData \\(expected type \"file\"\\) parameter not mentioned in swagger spec: \"\"Content-Disposition
README\\.rdoc
should be an integer from 0 to 3
<uri>
\\|\\/
custom: \\{\\}
qupzilla
{{ callback }}
wrong kind of value
MJXc-display
yay,
LEFT_BRACKET
[*][(]=a[|]
'User-agent': 'node\\.js
FRAMEWORK_STATIC_ASSET_PATH must not end with 
data-sap-ui-testsuite
This domain name has not been registered
Content-Type: 
I18N::Langinfo::langinfo
wups
0110BPayee                                        
<capture>
Could not match line
t\\.string :title
Content-Type: image/jpeg
#<Mock:foo>
Name must be specified
expected: \"zxcv\"
<\\/mark>
describe \"GET \\/posts\"
should not filter
2:   'yes i am'
{from}
Error: <hotml> is not recognized!
import-labs
using dependencies from local paths is permitted
function \\(\\)
:max
wr
\\\\mathscr\\{g\\}
Missing parameter 'name'
# pass 4
\\<name-male\\>
customerName=Bat\\+Man
 title '' from ''
:BANG:
CONFLICT
RouterLinkType: point_to_point\n    Metric: 1
Showers
Current hardware settings
Test Summary Report
\\x05\\x15
\\d_Test
test_strip_tags\\.html\\.erb
rapid7\\.com
\\@RENDER_TIME_NOT_SET\\@
msgid
@globals
test_outside\\.js
EU
\u00e1\u00be\u0087
/quit
<address>
a secure connection could not be established
Wrap\\,
\\\\saturn 
\\\\s\\*\\\\s\\+
Property \\'resourceTypes\\' should be a map
\u00e1\u00be\u0080
c\\(auto_qmail,\"doc\",\"INSTALL\",auto_uido,auto_gidq,0644\\)
not to have a not_found status code \\(404\\) but it was 404
WebService
ruby code style
fail
reasmb
\\sGlobal\\s
Pred: Predicate function required
Dec
;Currency
INIT
Starts Guard
Usage: cli-engine COMMAND
cannot be included
Bar!
Error: error!<br>
Some Headline
closed stream
\\29
111
'\\.'
start or the end
grungy initialize
openebs_logical_size 4
type=\"binary\"
wbmp
--puppetdb-ssl-ca must be provided for client auth
\\/view\\/
Orientation
stdout maxBuffer exceeded
could not relabel citation \\[Test01\\]
\\\\taurus 
http://datastore/places/3/contracts
send
\\x{0638}
D, \\[
EGG_BIN_PREREQUIRE true
\\?\\?\\!
PSS
wh3
}--\\*/
\\+h
-tmp
include RR::Adapters::TestUnit
Please implement a `checkpointData` computed property
fqdn
I am not logged in
--ID--
\u00ce\u00be
mopt_payone__fin_payolution_installment
`organizer`
sat
erb foo: foo_from_widget
To generate a config file for local development, run the following
rubber:cron running \\[\"echo\", \"
page%5Boffset%5D=0&page%5Blimit%5D=1
APIAuth
No route to host - connect\\(\\d\\)
options \\(object\\) is required
uppercase
Extensions of type \"listener\" must have a property called \"listeners\"
feather
setRawValueTo
Unsupported language 'idontexist'
\\b 00 00 00 00 00 00\\b
Use of uninitialized value in exit at
[\\xAA\\xB5\\xBA\\xC0-\\xD6\\xD8-\\xF6\\xF8-\\u02C1\\u02C6-\\u02D1\\u02E0-\\u02E4\\u02EC\\u02EE\\u0300-\\u0374\\u0376\\u0377\\u037A-\\u037D\\u037F\\u0386\\u0388-\\u038A\\u038C\\u038E-\\u03A1\\u03A3-\\u03F5\\u03F7-\\u0481\\u0483-\\u0487\\u048A-\\u052F\\u0531-\\u0556\\u0559\\u0561-\\u0587\\u0591-\\u05BD\\u05BF\\u05C1\\u05C2\\u05C4\\u05C5\\u05C7\\u05D0-\\u05EA\\u05F0-\\u05F2\\u0610-\\u061A\\u0620-\\u0669\\u066E-\\u06D3\\u06D5-\\u06DC\\u06DF-\\u06E8\\u06EA-\\u06FC\\u06FF\\u0710-\\u074A\\u074D-\\u07B1\\u07C0-\\u07F5\\u07FA\\u0800-\\u082D\\u0840-\\u085B\\u08A0-\\u08B4\\u08B6-\\u08BD\\u08D4-\\u08E1\\u08E3-\\u0963\\u0966-\\u096F\\u0971-\\u0983\\u0985-\\u098C\\u098F\\u0990\\u0993-\\u09A8\\u09AA-\\u09B0\\u09B2\\u09B6-\\u09B9\\u09BC-\\u09C4\\u09C7\\u09C8\\u09CB-\\u09CE\\u09D7\\u09DC\\u09DD\\u09DF-\\u09E3\\u09E6-\\u09F1\\u0A01-\\u0A03\\u0A05-\\u0A0A\\u0A0F\\u0A10\\u0A13-\\u0A28\\u0A2A-\\u0A30\\u0A32\\u0A33\\u0A35\\u0A36\\u0A38\\u0A39\\u0A3C\\u0A3E-\\u0A42\\u0A47\\u0A48\\u0A4B-\\u0A4D\\u0A51\\u0A59-\\u0A5C\\u0A5E\\u0A66-\\u0A75\\u0A81-\\u0A83\\u0A85-\\u0A8D\\u0A8F-\\u0A91\\u0A93-\\u0AA8\\u0AAA-\\u0AB0\\u0AB2\\u0AB3\\u0AB5-\\u0AB9\\u0ABC-\\u0AC5\\u0AC7-\\u0AC9\\u0ACB-\\u0ACD\\u0AD0\\u0AE0-\\u0AE3\\u0AE6-\\u0AEF\\u0AF9\\u0B01-\\u0B03\\u0B05-\\u0B0C\\u0B0F\\u0B10\\u0B13-\\u0B28\\u0B2A-\\u0B30\\u0B32\\u0B33\\u0B35-\\u0B39\\u0B3C-\\u0B44\\u0B47\\u0B48\\u0B4B-\\u0B4D\\u0B56\\u0B57\\u0B5C\\u0B5D\\u0B5F-\\u0B63\\u0B66-\\u0B6F\\u0B71\\u0B82\\u0B83\\u0B85-\\u0B8A\\u0B8E-\\u0B90\\u0B92-\\u0B95\\u0B99\\u0B9A\\u0B9C\\u0B9E\\u0B9F\\u0BA3\\u0BA4\\u0BA8-\\u0BAA\\u0BAE-\\u0BB9\\u0BBE-\\u0BC2\\u0BC6-\\u0BC8\\u0BCA-\\u0BCD\\u0BD0\\u0BD7\\u0BE6-\\u0BEF\\u0C00-\\u0C03\\u0C05-\\u0C0C\\u0C0E-\\u0C10\\u0C12-\\u0C28\\u0C2A-\\u0C39\\u0C3D-\\u0C44\\u0C46-\\u0C48\\u0C4A-\\u0C4D\\u0C55\\u0C56\\u0C58-\\u0C5A\\u0C60-\\u0C63\\u0C66-\\u0C6F\\u0C80-\\u0C83\\u0C85-\\u0C8C\\u0C8E-\\u0C90\\u0C92-\\u0CA8\\u0CAA-\\u0CB3\\u0CB5-\\u0CB9\\u0CBC-\\u0CC4\\u0CC6-\\u0CC8\\u0CCA-\\u0CCD\\u0CD5\\u0CD6\\u0CDE\\u0CE0-\\u0CE3\\u0CE6-\\u0CEF\\u0CF1\\u0CF2\\u0D01-\\u0D03\\u0D05-\\u0D0C\\u0D0E-\\u0D10\\u0D12-\\u0D3A\\u0D3D-\\u0D44\\u0D46-\\u0D48\\u0D4A-\\u0D4E\\u0D54-\\u0D57\\u0D5F-\\u0D63\\u0D66-\\u0D6F\\u0D7A-\\u0D7F\\u0D82\\u0D83\\u0D85-\\u0D96\\u0D9A-\\u0DB1\\u0DB3-\\u0DBB\\u0DBD\\u0DC0-\\u0DC6\\u0DCA\\u0DCF-\\u0DD4\\u0DD6\\u0DD8-\\u0DDF\\u0DE6-\\u0DEF\\u0DF2\\u0DF3\\u0E01-\\u0E3A\\u0E40-\\u0E4E\\u0E50-\\u0E59\\u0E81\\u0E82\\u0E84\\u0E87\\u0E88\\u0E8A\\u0E8D\\u0E94-\\u0E97\\u0E99-\\u0E9F\\u0EA1-\\u0EA3\\u0EA5\\u0EA7\\u0EAA\\u0EAB\\u0EAD-\\u0EB9\\u0EBB-\\u0EBD\\u0EC0-\\u0EC4\\u0EC6\\u0EC8-\\u0ECD\\u0ED0-\\u0ED9\\u0EDC-\\u0EDF\\u0F00\\u0F18\\u0F19\\u0F20-\\u0F29\\u0F35\\u0F37\\u0F39\\u0F3E-\\u0F47\\u0F49-\\u0F6C\\u0F71-\\u0F84\\u0F86-\\u0F97\\u0F99-\\u0FBC\\u0FC6\\u1000-\\u1049\\u1050-\\u109D\\u10A0-\\u10C5\\u10C7\\u10CD\\u10D0-\\u10FA\\u10FC-\\u1248\\u124A-\\u124D\\u1250-\\u1256\\u1258\\u125A-\\u125D\\u1260-\\u1288\\u128A-\\u128D\\u1290-\\u12B0\\u12B2-\\u12B5\\u12B8-\\u12BE\\u12C0\\u12C2-\\u12C5\\u12C8-\\u12D6\\u12D8-\\u1310\\u1312-\\u1315\\u1318-\\u135A\\u135D-\\u135F\\u1380-\\u138F\\u13A0-\\u13F5\\u13F8-\\u13FD\\u1401-\\u166C\\u166F-\\u167F\\u1681-\\u169A\\u16A0-\\u16EA\\u16EE-\\u16F8\\u1700-\\u170C\\u170E-\\u1714\\u1720-\\u1734\\u1740-\\u1753\\u1760-\\u176C\\u176E-\\u1770\\u1772\\u1773\\u1780-\\u17D3\\u17D7\\u17DC\\u17DD\\u17E0-\\u17E9\\u180B-\\u180D\\u1810-\\u1819\\u1820-\\u1877\\u1880-\\u18AA\\u18B0-\\u18F5\\u1900-\\u191E\\u1920-\\u192B\\u1930-\\u193B\\u1946-\\u196D\\u1970-\\u1974\\u1980-\\u19AB\\u19B0-\\u19C9\\u19D0-\\u19D9\\u1A00-\\u1A1B\\u1A20-\\u1A5E\\u1A60-\\u1A7C\\u1A7F-\\u1A89\\u1A90-\\u1A99\\u1AA7\\u1AB0-\\u1ABD\\u1B00-\\u1B4B\\u1B50-\\u1B59\\u1B6B-\\u1B73\\u1B80-\\u1BF3\\u1C00-\\u1C37\\u1C40-\\u1C49\\u1C4D-\\u1C7D\\u1C80-\\u1C88\\u1CD0-\\u1CD2\\u1CD4-\\u1CF6\\u1CF8\\u1CF9\\u1D00-\\u1DF5\\u1DFB-\\u1F15\\u1F18-\\u1F1D\\u1F20-\\u1F45\\u1F48-\\u1F4D\\u1F50-\\u1F57\\u1F59\\u1F5B\\u1F5D\\u1F5F-\\u1F7D\\u1F80-\\u1FB4\\u1FB6-\\u1FBC\\u1FBE\\u1FC2-\\u1FC4\\u1FC6-\\u1FCC\\u1FD0-\\u1FD3\\u1FD6-\\u1FDB\\u1FE0-\\u1FEC\\u1FF2-\\u1FF4\\u1FF6-\\u1FFC\\u203F\\u2040\\u2054\\u2071\\u207F\\u2090-\\u209C\\u20D0-\\u20DC\\u20E1\\u20E5-\\u20F0\\u2102\\u2107\\u210A-\\u2113\\u2115\\u2119-\\u211D\\u2124\\u2126\\u2128\\u212A-\\u212D\\u212F-\\u2139\\u213C-\\u213F\\u2145-\\u2149\\u214E\\u2160-\\u2188\\u2C00-\\u2C2E\\u2C30-\\u2C5E\\u2C60-\\u2CE4\\u2CEB-\\u2CF3\\u2D00-\\u2D25\\u2D27\\u2D2D\\u2D30-\\u2D67\\u2D6F\\u2D7F-\\u2D96\\u2DA0-\\u2DA6\\u2DA8-\\u2DAE\\u2DB0-\\u2DB6\\u2DB8-\\u2DBE\\u2DC0-\\u2DC6\\u2DC8-\\u2DCE\\u2DD0-\\u2DD6\\u2DD8-\\u2DDE\\u2DE0-\\u2DFF\\u2E2F\\u3005-\\u3007\\u3021-\\u302F\\u3031-\\u3035\\u3038-\\u303C\\u3041-\\u3096\\u3099\\u309A\\u309D-\\u309F\\u30A1-\\u30FA\\u30FC-\\u30FF\\u3105-\\u312D\\u3131-\\u318E\\u31A0-\\u31BA\\u31F0-\\u31FF\\u3400-\\u4DB5\\u4E00-\\u9FD5\\uA000-\\uA48C\\uA4D0-\\uA4FD\\uA500-\\uA60C\\uA610-\\uA62B\\uA640-\\uA66F\\uA674-\\uA67D\\uA67F-\\uA6F1\\uA717-\\uA71F\\uA722-\\uA788\\uA78B-\\uA7AE\\uA7B0-\\uA7B7\\uA7F7-\\uA827\\uA840-\\uA873\\uA880-\\uA8C5\\uA8D0-\\uA8D9\\uA8E0-\\uA8F7\\uA8FB\\uA8FD\\uA900-\\uA92D\\uA930-\\uA953\\uA960-\\uA97C\\uA980-\\uA9C0\\uA9CF-\\uA9D9\\uA9E0-\\uA9FE\\uAA00-\\uAA36\\uAA40-\\uAA4D\\uAA50-\\uAA59\\uAA60-\\uAA76\\uAA7A-\\uAAC2\\uAADB-\\uAADD\\uAAE0-\\uAAEF\\uAAF2-\\uAAF6\\uAB01-\\uAB06\\uAB09-\\uAB0E\\uAB11-\\uAB16\\uAB20-\\uAB26\\uAB28-\\uAB2E\\uAB30-\\uAB5A\\uAB5C-\\uAB65\\uAB70-\\uABEA\\uABEC\\uABED\\uABF0-\\uABF9\\uAC00-\\uD7A3\\uD7B0-\\uD7C6\\uD7CB-\\uD7FB\\uF900-\\uFA6D\\uFA70-\\uFAD9\\uFB00-\\uFB06\\uFB13-\\uFB17\\uFB1D-\\uFB28\\uFB2A-\\uFB36\\uFB38-\\uFB3C\\uFB3E\\uFB40\\uFB41\\uFB43\\uFB44\\uFB46-\\uFBB1\\uFBD3-\\uFD3D\\uFD50-\\uFD8F\\uFD92-\\uFDC7\\uFDF0-\\uFDFB\\uFE00-\\uFE0F\\uFE20-\\uFE2F\\uFE33\\uFE34\\uFE4D-\\uFE4F\\uFE70-\\uFE74\\uFE76-\\uFEFC\\uFF10-\\uFF19\\uFF21-\\uFF3A\\uFF3F\\uFF41-\\uFF5A\\uFF66-\\uFFBE\\uFFC2-\\uFFC7\\uFFCA-\\uFFCF\\uFFD2-\\uFFD7\\uFFDA-\\uFFDC]|\\uD800[\\uDC00-\\uDC0B\\uDC0D-\\uDC26\\uDC28-\\uDC3A\\uDC3C\\uDC3D\\uDC3F-\\uDC4D\\uDC50-\\uDC5D\\uDC80-\\uDCFA\\uDD40-\\uDD74\\uDDFD\\uDE80-\\uDE9C\\uDEA0-\\uDED0\\uDEE0\\uDF00-\\uDF1F\\uDF30-\\uDF4A\\uDF50-\\uDF7A\\uDF80-\\uDF9D\\uDFA0-\\uDFC3\\uDFC8-\\uDFCF\\uDFD1-\\uDFD5]|\\uD801[\\uDC00-\\uDC9D\\uDCA0-\\uDCA9\\uDCB0-\\uDCD3\\uDCD8-\\uDCFB\\uDD00-\\uDD27\\uDD30-\\uDD63\\uDE00-\\uDF36\\uDF40-\\uDF55\\uDF60-\\uDF67]|\\uD802[\\uDC00-\\uDC05\\uDC08\\uDC0A-\\uDC35\\uDC37\\uDC38\\uDC3C\\uDC3F-\\uDC55\\uDC60-\\uDC76\\uDC80-\\uDC9E\\uDCE0-\\uDCF2\\uDCF4\\uDCF5\\uDD00-\\uDD15\\uDD20-\\uDD39\\uDD80-\\uDDB7\\uDDBE\\uDDBF\\uDE00-\\uDE03\\uDE05\\uDE06\\uDE0C-\\uDE13\\uDE15-\\uDE17\\uDE19-\\uDE33\\uDE38-\\uDE3A\\uDE3F\\uDE60-\\uDE7C\\uDE80-\\uDE9C\\uDEC0-\\uDEC7\\uDEC9-\\uDEE6\\uDF00-\\uDF35\\uDF40-\\uDF55\\uDF60-\\uDF72\\uDF80-\\uDF91]|\\uD803[\\uDC00-\\uDC48\\uDC80-\\uDCB2\\uDCC0-\\uDCF2]|\\uD804[\\uDC00-\\uDC46\\uDC66-\\uDC6F\\uDC7F-\\uDCBA\\uDCD0-\\uDCE8\\uDCF0-\\uDCF9\\uDD00-\\uDD34\\uDD36-\\uDD3F\\uDD50-\\uDD73\\uDD76\\uDD80-\\uDDC4\\uDDCA-\\uDDCC\\uDDD0-\\uDDDA\\uDDDC\\uDE00-\\uDE11\\uDE13-\\uDE37\\uDE3E\\uDE80-\\uDE86\\uDE88\\uDE8A-\\uDE8D\\uDE8F-\\uDE9D\\uDE9F-\\uDEA8\\uDEB0-\\uDEEA\\uDEF0-\\uDEF9\\uDF00-\\uDF03\\uDF05-\\uDF0C\\uDF0F\\uDF10\\uDF13-\\uDF28\\uDF2A-\\uDF30\\uDF32\\uDF33\\uDF35-\\uDF39\\uDF3C-\\uDF44\\uDF47\\uDF48\\uDF4B-\\uDF4D\\uDF50\\uDF57\\uDF5D-\\uDF63\\uDF66-\\uDF6C\\uDF70-\\uDF74]|\\uD805[\\uDC00-\\uDC4A\\uDC50-\\uDC59\\uDC80-\\uDCC5\\uDCC7\\uDCD0-\\uDCD9\\uDD80-\\uDDB5\\uDDB8-\\uDDC0\\uDDD8-\\uDDDD\\uDE00-\\uDE40\\uDE44\\uDE50-\\uDE59\\uDE80-\\uDEB7\\uDEC0-\\uDEC9\\uDF00-\\uDF19\\uDF1D-\\uDF2B\\uDF30-\\uDF39]|\\uD806[\\uDCA0-\\uDCE9\\uDCFF\\uDEC0-\\uDEF8]|\\uD807[\\uDC00-\\uDC08\\uDC0A-\\uDC36\\uDC38-\\uDC40\\uDC50-\\uDC59\\uDC72-\\uDC8F\\uDC92-\\uDCA7\\uDCA9-\\uDCB6]|\\uD808[\\uDC00-\\uDF99]|\\uD809[\\uDC00-\\uDC6E\\uDC80-\\uDD43]|[\\uD80C\\uD81C-\\uD820\\uD840-\\uD868\\uD86A-\\uD86C\\uD86F-\\uD872][\\uDC00-\\uDFFF]|\\uD80D[\\uDC00-\\uDC2E]|\\uD811[\\uDC00-\\uDE46]|\\uD81A[\\uDC00-\\uDE38\\uDE40-\\uDE5E\\uDE60-\\uDE69\\uDED0-\\uDEED\\uDEF0-\\uDEF4\\uDF00-\\uDF36\\uDF40-\\uDF43\\uDF50-\\uDF59\\uDF63-\\uDF77\\uDF7D-\\uDF8F]|\\uD81B[\\uDF00-\\uDF44\\uDF50-\\uDF7E\\uDF8F-\\uDF9F\\uDFE0]|\\uD821[\\uDC00-\\uDFEC]|\\uD822[\\uDC00-\\uDEF2]|\\uD82C[\\uDC00\\uDC01]|\\uD82F[\\uDC00-\\uDC6A\\uDC70-\\uDC7C\\uDC80-\\uDC88\\uDC90-\\uDC99\\uDC9D\\uDC9E]|\\uD834[\\uDD65-\\uDD69\\uDD6D-\\uDD72\\uDD7B-\\uDD82\\uDD85-\\uDD8B\\uDDAA-\\uDDAD\\uDE42-\\uDE44]|\\uD835[\\uDC00-\\uDC54\\uDC56-\\uDC9C\\uDC9E\\uDC9F\\uDCA2\\uDCA5\\uDCA6\\uDCA9-\\uDCAC\\uDCAE-\\uDCB9\\uDCBB\\uDCBD-\\uDCC3\\uDCC5-\\uDD05\\uDD07-\\uDD0A\\uDD0D-\\uDD14\\uDD16-\\uDD1C\\uDD1E-\\uDD39\\uDD3B-\\uDD3E\\uDD40-\\uDD44\\uDD46\\uDD4A-\\uDD50\\uDD52-\\uDEA5\\uDEA8-\\uDEC0\\uDEC2-\\uDEDA\\uDEDC-\\uDEFA\\uDEFC-\\uDF14\\uDF16-\\uDF34\\uDF36-\\uDF4E\\uDF50-\\uDF6E\\uDF70-\\uDF88\\uDF8A-\\uDFA8\\uDFAA-\\uDFC2\\uDFC4-\\uDFCB\\uDFCE-\\uDFFF]|\\uD836[\\uDE00-\\uDE36\\uDE3B-\\uDE6C\\uDE75\\uDE84\\uDE9B-\\uDE9F\\uDEA1-\\uDEAF]|\\uD838[\\uDC00-\\uDC06\\uDC08-\\uDC18\\uDC1B-\\uDC21\\uDC23\\uDC24\\uDC26-\\uDC2A]|\\uD83A[\\uDC00-\\uDCC4\\uDCD0-\\uDCD6\\uDD00-\\uDD4A\\uDD50-\\uDD59]|\\uD83B[\\uDE00-\\uDE03\\uDE05-\\uDE1F\\uDE21\\uDE22\\uDE24\\uDE27\\uDE29-\\uDE32\\uDE34-\\uDE37\\uDE39\\uDE3B\\uDE42\\uDE47\\uDE49\\uDE4B\\uDE4D-\\uDE4F\\uDE51\\uDE52\\uDE54\\uDE57\\uDE59\\uDE5B\\uDE5D\\uDE5F\\uDE61\\uDE62\\uDE64\\uDE67-\\uDE6A\\uDE6C-\\uDE72\\uDE74-\\uDE77\\uDE79-\\uDE7C\\uDE7E\\uDE80-\\uDE89\\uDE8B-\\uDE9B\\uDEA1-\\uDEA3\\uDEA5-\\uDEA9\\uDEAB-\\uDEBB]|\\uD869[\\uDC00-\\uDED6\\uDF00-\\uDFFF]|\\uD86D[\\uDC00-\\uDF34\\uDF40-\\uDFFF]|\\uD86E[\\uDC00-\\uDC1D\\uDC20-\\uDFFF]|\\uD873[\\uDC00-\\uDEA1]|\\uD87E[\\uDC00-\\uDE1D]|\\uDB40[\\uDD00-\\uDDEF]
\\\\lozenge 
KILL
failed due to error 541: Parameter value policy error;
cannot start with an underscore
\\bif\\b
Redistribution and use in source and binary forms
{renditionFilter}
byname_
<ticket>\\s*<subject>rspec rulez<\\/subject>\\s*<status-id type=\\\"integer\\\">1<\\/status-id>\\s*<description>description<\\/description>\\s*<\\/ticket>
\\s\\/D__RUBY_RTMIDI_DLL__\\b
\\bwithout 'new'
\"debug-brk\":5555,
FN:
Otter
Host::
;mysql_client_found_rows
status code: 
Makore
checking ruby code style
\\bXMLRPC\\b
@desc@
WOOT
raise\\b
canary
version: C
# Using temporary session credentials
expected variable end
set timeout option
\\.from\\(
called a function you should not call
\\\\LeftVectorBar 
eitherToResult: Either or Either returning function required
Message must be a Hash
cakephp=
Favorites:
\\@opp_health_max\\@
Pingdom
is not a valid stream resource
myobject
test\\.pl
`token` or `client`
mida
puppeteer=true
field purchased_from_sold_to_indicator has unsupported value
00 00 00 00 00 00 00 00
##HOST##
Please set
missing_app
\\\\gvertneqq 
Fixnum#
The transaction data specified is not valid
unicode
 *\\+ *
\\\\Stigma 
\\}\\\\\\}
Renderer error
\\*\\sPlugin\\sName:\\stest
It was determined
`calendar`
_T_
\\-xc\\+\\+
CustomField
FINAL
2 arguments given, 1 expected
rspec-rails
assassin
<!\\[CDATA\\[FailureStack\\]\\]>
Parent must be Mongoid::Document
<td id=\"inf_url_alt\">
a suite with a failing spec
NJS-004: invalid value for property fetchAsString
logoutSuccess\\/
t\\.integer :supplier_id
Apache\\sLicense
match_me_if_you_can
Method add_external_contribution expects a JSON array
opus
linedashing
\\btname\\b
,Y=
unknown unit
meta name=\"keywords\" content=\"keywords, language, root\" lang=\"en\"
/sample
your name collision handler was set to \\`barf' but there is no instance nor class method of that name
argument fn is required
Actual: \"\"
YOUR PUBLISHABLE STRIPE KEY
dir should be string
mconcat: Foldable required for second argument
This tool is for simulators only
ticket_5477_notify
\\'quota\\'\\:\\'
Illegal number '5name'
Could not find bolt-server config at
testmodule-web-list_privates-no-scoped
did not contain a required property of 'provider_s' in schema
Password \\(or
\"z\"
clikthrough\\.com
NOT NULL constraint failed:
<\\/tbody>
could not be found
Mach-O 64-bit dSYM companion file x86_64
Must set a valid root template
,\\(
REQUEST_METHOD: POST
must contain a valid CIDR
y\\sx
\"name\": \"nodebook\"
<</T\\(field1\\)/V\\(fieldvalue1\\)>>
contributor
hihi
progress
MyObject
Constructor arguments should be numbers exclusively
belongs_to :personal_characteristic
rm
<ul
\\/javascript
Invalid node name
_doit_
ViewSpecHelper
0\\.823
_selectListItem
Invalid cron 'foo 17 \\* \\* \\*' in que-scheduler schedule
#table#pascal
Mobile
Either `cidr_block` or `ipv6_cidr_block` must be defined
:percent\\b
AssertionError
JSON NOT NULL
%>'
\\s*/\\s*
using loadconfig command\\. \\[Y\\]>
blank temporary token
<Ping>Running<\\/Ping>
Gets the
<button class=\"important btn btn-primary\"
\\b dummy \\b
E<lt>
RUNNING: echo system call
e\\+
w4rn
tinyblob
max-age=600
\u2713 successful spec \\({time}\\)
No such Text
\\\\ \\\\ 
wav
USAGE
keyword
\\/f\\.html\\.erb
End:
Vivante Link Checker
<corpus lang
No database
:nocov:
OSF1
#\\{act\\}
TOTAL_COUNT
\u00b2\\b
'aliases' must be used instead
called with arguments
unknown compression
Communication\\/Plugin
select
SonarQube
Currency XYZ is not valid for this merchant
height:500px;
=== END TEST SUITE ===
Function called with too many arguments: expected 2 but got 3
qunit\\/test\\/path9
type=\"text\"
send\\(
\\p{Han}
slimjet
describe \\('POST \\/TestingNew', function \\(\\) \\{
blahtex
100ms
fake error 1
SIG-SIG
require_tree \\.\\/views\n
line must be a LineString
MacIas
www\\.
/Sysdb/environment/cooling/fan/speed/value
subject-add
process_
MSOffice 12
returned=5 errno=0
=~~
is not running
Received WebHook with invalid signature
Footer
\\\\ding\\{218\\}
\\bDER\\b
\\btelephone\\b
CHARMENUDDVALUEMAP
\\\\precneqq 
\\|--
\\p{Lingua::AR::Regexp::IsTashkeel}
REQUIRES
uncommited changed files
contain any networks
-----BEGIN RSA PRIVATE KEY-----
Charge
initiate,PUT:partNumber=1,cancel,cancel
\u00e2\u0080\u00a6\u00e2\u0080\u00a6
\\\\cyrchar\\\\CYRDZE 
Invalid replyTo
TRACING_ALREADY_STARTED
\\/htdocs\\/dolimed
karmas
not really dying
--link
parallel arrays
\\<\\/script\\>
\\x{0141}
The key provided to get must be a string or number, you passed undefined
E[T]
called inside a it block
\\bJava
Invalid payment data
DSi
UMcard=4242424242424242
med
below_detection_limit
\\#o
filter disabled
JUNOS Base OS
\\besac\\b
a b
\\bIEMobile\\b
else without rescue is useless
Could\\snot\\sfind\\sthe\\sassociated\\smodel
/spec/tasks/
se
no significant differences
Unused url parameter
WebDrive
PACKAGE
config classification: 
{type}
defined
OMGWTFBBQ
\\%X
'plan'
new_instances
divisor is equal to zero
\u7ea2\u5305
\\e\\e\\e
MODAL
ace_editor
suppress_ddl: 
q\\{
/v3/domains/
\\./
config could not be empty!
Cannot track timer start
win\\d
post_to_me
NetWare
Itzeh\u00f6
jroll-infinite
<\\/dl>
O_CRYPTO
Testing2Test\\.js already exists within
a\\tc
#!
Importing certificate for
\\(void\\)
Android KeyLimePie
woot
pixmap
A client
[*][(]\\\\a
00:00-24:00
<arrows\\/>
authorization only
XASDX
definitelyNotGonnaBeThere
\"foobar\" does not match an existing step
cust_id>Longbob Longsen
<-name->
a\\}c
Bonjour i18n!
\\[warn\\]: Missing @param tag for parameter 'param3' near \\(stdin\\):4\\.
test_debug
maxmind
##DFA##
No API key
\\%e
OFFSET \\/\\*ctx\\[:offset\\]\\*\\/0
\\${VERSION}
EMAIL SUBSCRIPTION
is not focusable
\\{\\{!--
negative radius
\\@Copyright
Generating skirt
RNAMotif
debugOptions: {\"debug-port\":5555,\"inspect-brk\":6666}
file \\{ '
script/spec
\\.velocityQueueEntryFlag
observe
No search results
cversion
C0588390
\\?v
No template associated
2 tests, 2 assertions, 0 failures, 0 errors
in 3rd layer
did not inherit
Visibility:
bps10M
bar does not exist!
stroke-width:3
fifo
__replace_with_test_dir__
FakeType
The Podfile contains framework or static library targets \\(SampleLib\\), for which the Podfile does not contain host targets \\(targets which embed the framework\\)\\.
s:w:
Map
JFXX
Testing the Exception
does not implement 'updateRecord'
checking module metadata style \\(
{{nextMonthButtonDateNumber}}
<!--Coppermine Photo Gallery
limit=2
the surveys page
filter: Pred or predicate function required for first argument
sm2\\-ignorebadua
securityerror
\u00e3\u0083\u00b2
name \"MyString\"
\\&resumeid
-std
The operator '-=' is no longer supported
SOME MESSAGE
\\s*\\;\\s*
Setup perf on host: myHost\nSetup perf on host: myOtherHost
\\bTrident\\b
\\/\\.deleted\\/
wrong number of arguments \\(0 for 1\\)
connection reset
SplashScreenPatch
Give an instance of alignak_module_example for alias: Example
\\\\=\\{o\\}
Already connected
positive\\?
viewvcard
\\<\\!DOCTYPE HTML
is not Linux
ie
loopback4:
CLASS
flags ignored
DEBUG -- : Generating non-colored text output
\\(\\d\\d\\d\\)\\d\\d\\d-\\d\\d\\d\\d
\\${identityName}
address should be valid
 WHERE 0 = 1
<bold><italic>
locator
body is empty
UMcustreceipt=Yes
STDERR:\n    sterr
Invalid GeoJSON object for line2
@abce
Couldn't connect to server
<command><login>
Whois Server\\: 
Table '
<mb_reference>true<\\/mb_reference>
Invalid re-enroll request, \"currentUser\" is not a valid User object
bootstrap-scalastyle_2_10
[:]VERSION[:]
You can add\\/overwrite all your bower_components \\.less variables here
WHIIIIIIIIIIZZZZZZZZ
The 'bolt' library is required to do file uploads
 haut
Undeclared variable 'TAG'
\\\\x01
mqqbrowser
<strong>attachment</strong>
Resetting physical devices is not supported
Symbol=
Filter on NodeConnection\\(Todo\\) defines \"TWO\" key multiple times
secure_
submit-lab
\\\\'I
\\bsixth\\b
id:duration
is not a Hash
 kbps
does not reflect a known service
&#8227;
stream error
Expected number, got 
\u00c3\u00be
Expected a conditional expression
deduplicate
start\\/running
\\(\\-1\\*
Missing object MyModule
tmp\\/aruba\\/
<a 
:alt=
--time-column
Failed to load logger module dontexist
Integers expected in function leftShift
Platinum \\/ Gold Members
riak_pb2
rename_column :audits, :association_id, :associated_id
/\\*\\*/
\\? extends 
]]
Rails\\.boot!
export enum FooActionTypes
mathjax-node-cli@
\u00ce\u00b5
Job History
__userstate__
requires a rawValue
Must be one of init, run
AccountValue
Nan::ADDON_REGISTER_FUNCTION_ARGS_TYPE target
can\\'t modify frozen
February 20th, 2010 11:13
repeat
ERROR: Selected scenario is DISABLED, can not continue
algorithm is already installed
\\.blogger\\.com\\.br
\\[Round \\d: 
[.]polyglot[.]
Escaped\\\tWhitespace\\ !
Radiuses array must have the same length as coordinates array
none_match
class User extends BaseUser\n{\n}
foo=3&bar=ok
returned no results\\.
requestid=
Invalid key foo
<\\/dd>
\\bch\\b
acoon
/project/profiles/profile/id
multi-picker\\.ts
<a href=\"#jumptosection\" title=\"Table of Content\">
SyntaxError: Value expected \\(char 5\\)
clever\\-datatables
\\@CLASS\\@
Signature is invalid
Directory 'wp-content/plugins' not found
Fizz Buzz
Scenario is unexpected at this time
:code
ssil
HIDDEN_CLASS
use the `pod trunk push` command
third argument
Still in grace period, wait
\\{mo\\}
LONGVARCHAR
resource not found
-thread
<img
\\\\succcurlyeq 
dashboard\\/
import React from 'react';
CREATE TABLE \"test_view\"
ResourceError
sw:CheckStatus
test_locals\\.html\\.erb
thirty\\b
\\/cast
 foo-baz-a=\\\"xxx\\\"
&Atilde;
start with a letter
`schema` may not be used as a schema pathname
AccountNumber>
SendMessageBatchRequestEntry\\.\\d
\u00ce\u00bf
_dir
\\+1\\b
\\bRegexpSchema\\b
\"NaN\"
first\\a
link=
tes-beau-parce-que-tes-courageux-de-regarder-dans-le-fond-des-yeux-celui-qui-te-defie-detre-heureux
Net::PSYC
ceph_monitor_store_sst_bytes{cluster=\"ceph\",monitor=\"test-mon02\"} 2
fubar
\\-ARCH
WARNING \\| PIGS MIGHT FLY
core-
Element Explorer
not this project
injected by generator \"test1\"
Iterable is expected to have at most 2 items instead of 8 for flag 'f0', iterable: 'str_bits'
\\\\otimes 
\\e\\[2K
responses = 6
non-numeric property on an array
:git =>
cast
You are running a migration that can be problematic
`prodid\\.product`
!DB_NAME!
\\\\5D
updated
 \\B BETA      \\b  
\\\"started_at\\\"
gateway_id
KODE
WEB-INF/classes/
Plugin Syntax Error: <
ged
 plenty of 
openebs_sector_size 4096
\\bsupr\\b
bower_components\\/jquery\\/jquery
SSL is disabled
\\.jpg
%3R
Expected namespace \\\"org\\.missing\\.Missing\\.\\*\\*\" to be defined
 \\(Postfix\\) with
iframe_1
n't 
lib-projectroot
users listing
gem 'puppet', puppetversion
\\/get_table_data
apple_llvm
read\\-only
Android 4
console\\['log'\\]\\(test\\);
Also with 
Win32::GUI::
\\${  query  }
jaxified\\sbot
\\/config\\/img
:uuid
<NonPrimaryKey id: 100
\\Gtrue
has an invalid array value in \"nodeUnionRefList\"
<g><\\/g>
validates
Run you
Using absolute paths in Aruba is not recommended
has an invalid \"foo\" operator within \"optStrList\\.delete\"
COMMANDS!
requires shipments
InvalidStateError
:7001
\\/assets\\/
Dismiss
no-external-facts and external-dir options conflict
%\\{version\\}
<p class=\"text\">
_ThermalVias
qua
DEVELOPERID
no observable property 'b' found on the observable object
PROBCHANGE
OE&
<!--\\s*endbuild\\s*-->
enable setting conflict with DEFAULT
dhx_file_uploader
height=\"600\"
-\\s*\n\\s*
<h1 id=\"ampersand\">&amp; ampersand&amp;<\\/h1>
\\<my-component
<\\/code><\\/pre>\\]\\]><\\/content:encoded><\\/item>
ABCD
--\\]
partial for view 1
:443/
\\bjoin\\b
loaded successfully
no3
Redirect Target
An incompatible version between `ember-cli-fastboot` and `fastboot` was found
- 'foo'\n\\+ 42
tinymce_
jon
02
Second \\(Alternative\\)
WEB-INF/gems/specifications/rake
TempTable
casper\\.exists
-quality 85
accountancy_dispatch_expensereport
have not been called at the 6th time with
Entity set or function import not found: FooSet
Hell o 
attempt 1 of 4, retrying in 0
Missing required width or height declaration
format=svg
\\%DESCRIPTION
\\\\textendash 
\\e\\[31mAnother Failure\\e\\[0m\n\\s*Stack:\n\\s*even more info
At least one
class=\"aside-title\"
failures
<h1>Error<\\/h1>
-AMOD
Malformed UTF\\-8 char
This method is not implemented: Emory::Handlers::AbstractHandler#modified
\\@ASSEMBLER
pool_read_total{cluster=\"ceph\",pool=\"rbd\"} 4
NAN_INLINE
create_table \"user_posts\"
ripper_
 test2 
databaseName not specified
\\Gcomment
is duplicated and overwritten
minDHSize is not a positive number
\\x{063A}
The logger that was passed in does not support
sha256
arm
nested multi
redux-firestore\\/es
n       \\|
comment cannot be used with distinct
-L
2 Games
chassis
{{\\s*username\\s*}}
The specified identity has already been revoked
Your branch is up-to-date with
id not found
\\{\\{HERE_BE_CODE\\}\\}
mount\\ Refinery::Core::Engine
\\s*:biweekly\\b\\s*
'coll'
float><normal>]<
ate
MM
stopped for too many errors
 \\/ 
cn1\ncn2\ncn3
\\{identifier}
Usage: rackup \\[options\\] \\[JSON Schema file\\]
theme config must be String or Plain Object
The badge value must be a string or a number
UNIX password
TCP_REFRESH
keyword><function>contextInfo<
/bibtex/
Path must start with \"m\" or \"M\"
blink\\.user_timing
Edits have been made with Joe User's user account
must contain a value from
incomplete hash header
Unknown node: 
=====
xstyle\\.min
input
\\x{f8e3}
All Rights Reserved
<EOR>
<br class=\"Apple-interchange-newline\">
Could not resolve
special
OneBrowser
  t\\.text :content
Do you really want to remove these 1 item\\(s\\)
missing csrf token
rsync --devices
SamPLEeventNAme
signal\\d\\(
misspelled
newsgator
create_table :admin_gallery_image
Hi\\sBot
@Foo@
Apps
Initial
\\.wxss
\\{PARAMS\\}
\"jest\": {
failed to set retention policy for Log group
Centillion50N
Unexpected character \\[\\[\\] at column 0:7
\\/build
eight\\b
options\\.bullet
sept
<\\\\->
aws_external_id
thead
No graph definition could be found
BRICK_DB_PORT
hardened
attribute exists
-h
Items
\\\"grunt-contrib-requirejs\\\"\\:
<div>
icon-xml
{\\\\'i}
this is stdout 2
\"prefix\": \"pre\"
No matching color patterns found
condition:
put
will also delete externally hosted
senseid=\\\"P\\\"
refreshTS
><\\/path>
\\\"\\[
\\/unpacked\\/latest\\.js
msg,path
Create an hour
AppModuleNgFactory
\\\\\\^\\{\\\\i\\}
--FILE--
Couldn't find npmrc file \"doobar\"
\\\\x09
date: 
PrintTest \\/\\/
metadata_value
basic:pug
buildings
\\\\~a
-\\|*\\+
\\\\LeftUpVectorBar 
:FLIP
adverb
@notdanger
somevalue
/phylows/
Referenced
ref\\: refs\\/heads\\/testBranch
{{type}}
ON
\\?\\{
pusher\\.subscribe\\('
module TestApp\n  class Admin::User::Special::RolesControllerTest < ActionDispatch::IntegrationTest
'CIRCULAR_EXPORT'
notification
<img class=\"js-upload-target\"
The operator CONTAINS requires a property name
Application test thread dump complete
hbsFixture\\(\"hello-world\\.hbs\"\\)
\\= jskit
Ltd\\. 
bunto-paginate
svn
enable
pubmed
application\\/xml
Do not use more
[<]optimized out[>]
\\?\"
/:link_url => \"/rspec_product_tests\"\\)\\.first/
\\%Loglevel\\%
\\\\\\.0
class_name:
send_chat_action
provide a password
Exactly one coordinate pair must be provided
avatar-small
/:provider
[.][.]
if a font is set
could not find table
Error: Handler not found for GET \\/post
BRICK_BYEBUG_VERSION
\\bPR\\.PR_ATTRIB_VALUE\\b
-Wcast-qual\\b
:\\s
BrowserStackLocal
title=\"Acknowledgments\" numbered=\"no\">
Col1
\\*\\d
telegram\\.me
top-level value must be a object expression
This system is currently not registered
__\\$props__\\[\\d*\\]
!file!
max_time
This is a reference
BRDA:3,1,0,1
non-existent div
\\{btn_
Integrity is missing
describe \"SampleProject::Subby::DemoItemsHelper\" do
Listening on port 4200
DOTTED
:workspace
type_decl
site
sucks & blows
Expected nothing for argument 'tags', but was: 'abc'
char><others>#pop<
id=\"user_time_zone\"
\"url\": \"http:\\/\\/localhost:65530\\/author\\/authorname\\/\"
ITEM_NAME_PLURAL
\\\\dotplus 
testModule2
HSP
\"issuer_id\":\"1a2b3c4d\"
6 \\| multiple lines
PACKAGE_VERSION
GNU 
-L-run-time-3
Ping!
export OPENSHIFT_MOCK_PLUGIN_GEAR_UUID=\\'
TypeDefinition requires definition to be a Hash
React does not recognize the `testID` prop on a DOM element
You requested a record of type 'person' with id 'me' but the adapter returned a payload with primary data having an id of '1'
# *language *:
\\\\NotNestedGreaterGreater 
viruses
note in spec
Where-Object
Invalid value for elementFormDefault
flip: Function required for first argument
npm install -q --no-package-lock --no-audit --production --no-optional failed
\\/\\/\\smodule\\simport
pool_write_total{cluster=\"ceph\",pool=\"rbd-new\"} 30
\\(INC\\)
Assumption:\n
regexp:
=cut
\\\\forall 
Break on start
\\.svn
\"source\":
ViewItem
fail to look up symbol from environment
1234
getCurrentMethod
\\s*\\{\\s*0,
https://www\\.example\\.org/my_static_map
<AVSDestcountryCode><
TableViewCell
nack
hello from javascript
Message:
MyMenu
parseErrorInInlineCss\\.html
-DNV_IS_LONG_DOUBLE
Creating or replacing
# mockapp
%segment
\\b_SKIP_\\b
SecondQuarterMember
\\x30\\xe1
Vendor has already been registered
failed to connect
else\\b
windows
logid=123
1110
{updateFields}
File exists
sub\\ setup
\\(master\\)
<UDField3>Value3<\\/UDField3>
4\\s/2008/11/21/nested/
\\d{1,2} \\d{1,2} \\d{2,4}|(19|20)\\d\\d|anybody got .+?[a-z]\\? |[-._ ](Novel|TIA)([-._ ]|$)|([ \\.])HQ([-\\. ])|[\\(\\)\\.\\-_ ](AVI|AZW3?|DOC|EPUB|LIT|MOBI|NFO|RETAIL|(si)?PDF|RTF|TXT)[\\)\\]\\.\\-_ ](?![a-z0-9])|compleet|DAGSTiDNiNGEN|DiRFiX|\\+ extra|r?e ?Books?([\\.\\-_ ]English|ers)?|azw3?|ePu([bp])s?|html|mobi|^NEW[\\.\\-_ ]|PDF([\\.\\-_ ]English)?|Please post more|Post description|Proper|Repack(fix)?|[\\.\\-_ ](Chinese|English|French|German|Italian|Retail|Scan|Swedish)|^R4 |Repost|Skytwohigh|TIA!+|TruePDF|V413HAV|(would someone )?please (re)?post.+? \"|with the authors name right
class=\"separator\"
Commands:
has \"eq\" operator with invalid value within \"optStrList\\.some\"
un bold
f_auto\\/some_image_id
posh\\.c
<\\/h2>
\\[file\\]
Caught SIGPOLL
zsh
test-no-lint
BadMonitoringModeInvalid
target must be a type resolver
UNSUPPORTED
\u5341\\d
Kindle
FORM
desired_result
Watir::RSpec
capital
The type of the operator value: object is not supported
/\n\n/
valid https url
The gear sizes available for this application or your account are not compatible with this cartridge
alignment
Ru\u00dfki
revision3
ifmodified
IOS
option append can only be used with format \"csv\" or \"jsonl\"
0\\-0
Re-enter existing
Download a statement
Nielsen Hayden
Module version mismatch
Sec-
<foo>
<context>
YYYYA
Invalid broker identity \"rs-broker-fourth-5672\"
MOBISTEL
No realms defined, I am adding one as All
`name` can't be blank \\(value: undefined\\)
temporarily unavailable
This is some HTML
In order to deploy applications, you must create a domain
>>>HANDLER_ERRORS<<<
Test Suites: 1 failed, 0 passed, 1 total
must contain a fields property
CONTENT
\\\\cyrchar\\\\CYRIOTBYUS 
\\\"\\.\\\"
hello\\=world
\\\\circledcirc 
foo is invalid
task :default => :
updated service 'RSpec-json-service-by-name'
Unexpected option \"foo\" passed to the command \"bar0\"\\.
\u00f6il
3\\.2-
CBOE
\\{\\{PROD_FEATURES\\}\\}
This is deprecated!
<\\/documentRecord>
brush
Temporarily Disillusioned
\u00e1\u00bf\u00a7
composition_marker
\\% Permission denied
Total conversion savings
eschlecht
<dc:title>Pternistis Wagler 1832</dc:title>
activity
mainmenu
bla:1
zero_floor_time
Unknown message digest
WMD-50433
\\d{,3}\\.\\d{,3}\\.\\d{,3}\\.\\d{,3}
shucks
self-
/api/ip_address_bindings
license
Expecting OpenSecureChannelRequest
vrf green
test_lifecycle
data_
undefined method `waka_waka'
\\e\\[7;37;1m15\\e\\[0m:\\e\\[37;1mbright_white\\e\\[0m\n
\\{\\%
ns3:
LOEWE\\/TV
%OV
Output must be defined
<ExtData Name=\\\"COMMENT2\\\" Value=\\\"Comment2 string\\\"/>
unknown OTP type
\\\\cyrchar\\\\CYRCHRDSC 
iaddr
modified_peptide=
\\\\ElsevierGlyph\\{300B\\}
test-console\\.css
No authentication methods available
##UNPACKDIR##
No value provided for required options '--path'
%CC%
\\[emerg\\]
000
Interface needs to be 10G to act as a peer-link
GMT
\\bscores\\b
prepended module
__local_rules_dir__
VIRTUAL GENERATED
client_io_ops{cluster=\"ceph\"} 8710
Bootstrap: Oopsie
object of prop
\u00e1\u008d\u00bc\\b
Welcome, gdb
propertyOp
<p>---demostart---<\\/p>
kuaiso
service: aws-nodejs
XXORIGINXX\\.
first\n  1\\. one\n  2\\. two\n  3\\. three\n  4\\. four\nsecond\n  1\\. one\n  2\\. two\n  3\\. three\n  4\\. four\n
Sport\\.htm
\\[trace\\]
\\bbabel-jest\\b
current Carat version
try\\b
file not specified
radiobutton
\\G \\?
Wind:
login\\?redirect_after_login
Show
gcc version
Integer number expected for dimension
:on conditions for after_commit and after_rollback callbacks have to be one of \\[:create, :destroy, :update\\]
certificate expired
\\G \\\\ 
_IP
%F
Your user does not own the directory
<mod_aminoacid_mass 
\\\"isWithdraw\":true
select\\(
sekritD
Syntax error at end of
WORKFLOW
Subject: simple
src=\"scripts\\/
\\!:
cesium
Holy Grail
place
app\\/assets
At line 4: fest:include is not allowed inside fest:var
\\bpico-close\\b
f\\.input :headerable_type
No modules object defined
KIND
No DICOM
SKIP
\\\\~\\{u\\}
ActiveRecord::Migration\\.check_pending!
# Define ENV variables for development environment
b\\.js
status\\:0, error:undefined method `blah!'
Could not find resource file
data-remote=\"true\"
-pc-sco3\\.2v5
<AVSDestphoneNum>1234567890
callprotoargument\\b
\\btxnColTransDate\\b
amp4ads-boilerplate
\\{method}
utm_source
\\[ham-project\\.README\\]
--program
INSERT_VERSION_HERE
Generated 3 screenshots from 1 url and 1 size
COMPILER
<\\/icon>
protocol fault \\(no status\\)
Executing: ls -z
/automatic_validation/no_request_schema
evening
myserver
\\%\\{
IS REGISTERED
\n:
industry
using temporary
giblets
9 views and 4 downloads since January 1, 2014
__or__
rays
whole
jwks_uri could not be refreshed
queue_as :admin
A7 
closedir\\(
\\bchxt=x,y,r\\b
file
Manufacturer: VMware
Could not create changelog
Transaction missing property: tx_json\\.TransactionType
<scale>
Add-on Updates are Automatic
have two \\+
org\\.apache\\.hadoop\\.ipc\\.StandbyException
h2
background gradient
Implications failed
'admin_'
Jan 01\\, 2000  4\\:00 AM\\, deployment 0000004 \\(rolled back\\)
require 'rails\\/engine\\/commands'
expects size to be 1, got 0
PREFIX
A9
not inside the root path
Value passed to \"empty\" operator must be \"Boolean\" scalar\\.
Changes to be committed
NPTL_OK
LocalSecondaryIndexes
Normally this is called with GET request
Linux_2rename\\.sh
ERRgeneral
<adaptor>
hey there
\\@\\@ -22,72
_CLASS_HPLOO_FIXER_
40\\d
imagine
Sequence name
<option value=\\\"Basic\\\">Basic</option>
\\\\u00a0
sArg
blockType=example
No config file
path is not set
{label}
observed at
openebs_logical_size 0
\\p{IDC}
references TypeSet 'http:\\/\\/puppet\\.com\\/2016\\.1\\/runtime\\/Vehicle::Cars' more than once using overlapping version ranges
\u00cf\u00ae
src\\/AtrapaloLib\\/ORM\\/Doctrine\\/DBAL\\/Driver\\/Adodb
Cannot read provider
\u00d5\u009b
yui-tag
Overpayments
http://mymemory\\.translated\\.net
The guide is now completed
\\bIM_Wf\\b
some test title \\[bro\\] - 100ms
endel
Line 1, col 21
mochaTest:off
e[)]\\/
EastAsianWidth
\u00d0\u0091
Bio::DB::HTS
BigNumber Error
Buttons must be an array
Cannot use \"in\" operator to search for \"a\" in unexpected types\\.
pt is required
index\\.js\n
error handler
\\s*=>\\s*
lazy
1  aaa
Invalid credentials supplied in request
My creators are the company Evi \\(formerly known as True Knowledge\\), a semantic technology company based in Cambridge, UK
actions given twice
\\[inet6\\] no ip address on eth0
&autoplay=true
Each place \\(\u5341,\u767e,\u5343,\u62fe\\) should not start with zero
The string 'eleven' cannot be converted to Integer
-D__MACOSX_CORE__
Recursive animations
allow mounts
\\bpercent of
Ready\\.
AVG_ROW_LENGTH\\b
\\\\cyrchar\\\\CYRU 
ggmsg
{{\\/if\\ title}}
/artifacts/
default-context
property already used: '<<someContentType>>'
You must pass currency when passing amount_off
Restarted the application
DateTime::TimeZone
greyscale-2bit\\.png
n          \\[EvilEvents:EventProcessed\\(overwatch_released\\)\\]:\\sn          EVENT_ID:\\s
cl
blog-city\\.com/
Catalog JSON input failed to parse
Contents\\/Frameworks
<local-created-at type=\\\"dateTime\\\">1999-02-01T19:00:00-05:00</local-created-at>
POST_TASK
fluent-plugin
<url><loc>a</loc><lastmod>1970-01-01T00:00:01Z</lastmod>
></m:jc>
NUMERIC\\b
undefined, async, promise, generator
\\?test
jac
to_field
\\\\cyrchar\\\\CYROMEGARND 
path\\/foo
SHARED MODULE
nat
Cannot use a Resource\\[File\\] where a Resource\\['class', name\\] is expected
# Project name for the 
IDXTAB
<img src=\"\\/images\\/misc\\/test\\.2a436\\.png\">
be deleted
hdr
Parenthesis ] expected
browsers config must be Array
\\u{12345}\\u{23456}
\\{TileMatrix\\}
#\\{\\?\\}
bigwig
\\%0D
Layer doesn't support download operation
\\\\mbox
Error type checking message sent 'mindless_func': Array\\[Animal1\\] expected, Array\\[Cat1\\] found
did not contain a required property of 'swagger'
File paths must be fully qualified
tagged
add11
ioctl\\(
Original Error Message:
tcl
\\&lt;
data-turbolinks-eval=\"false\"
documentation was given no files and was not run in a module directory
-------
Server running at:
Failed to post
\\%Epoch\\%
{{password}}
missing hostname
Directive function must have a name
without variables to template
got `{\"description\"=>\"My 
Malformed UTF-8 character
\\\\24
Command exited with non-zero exit code
\\\\v\\{E\\}
[*]\\\\a
The pipe 'somePipe' could not be found
k-p12h
bitbucket\\.org
DUMP_AS_BODY_HAS_BEEN_SET
dbi:Pg:
var _usrp =
/lib/rubbycop
docroot
must match
version 100 is not supported
Adrian
did not expect to return
Unable to find SOAP operation: :no_such_operation
\\s*\\(\\s*
page\\.foo\\.bar\\.baz\\.qux\\(\\)
mogura
Wrong format
getc\\(
DISABLE3PFALLBACK
project_com
1:\\swhy\n2:\\sso\n3:\\sserious\\?\n
<%name%>
3rd extra argument
 --externs what tha 
x1=\"10\"
IOS-XE
s\u00fcll
<debtRepayment>true</debtRepayment>
the organization page
PG::UndefinedTable
RHY62NUREC
at Anonymous function 
\\[blacksmith\\] Bump version to 
bag
__function__
-----BEGIN PGP MESSAGE-----
Missing index on
is NOT currently on the
\\\\ding\\{42\\}
\"Api-Version\\\"=>\\\"2017-05-31\\\"
zbmvyyn
Change-Id
Node asdfdsafasdfasd not found in PuppetDB
\"description\":\"Great band!\"
\uff3b\uff03\u3053\u3053\u3067\u5b57\u4e0a\u3052\u7d42\u308f\u308a\uff3d
\\p{sc=Phoenician}
\\\\ElsevierGlyph\\{225F\\}
_resampled\\/
HTTP\\/1\\.1\\ 204
\u201c-
<FIELD KEY=\"total_number_transactions\">1<\\/FIELD>
nAry: Function required for second argument
