\\burls don't look right\\b
toto3
Invalid re-enroll request, missing argument \"currentUser\"
Optimay
unifi_devices_wireless_transmitted_packets_total{id=\"abc\",mac=\"de:ad:be:ef:de:ad\",name=\"ABC\",site=\"Default\"} 1
\\p{Pd}\\p{Pd}
class new_class::bar
From previous Error
\u00e6\u0089\u008b\u00e8\u00a1\u0093
datatype><normal>::<
ether
name is too short
Cloud configuration is missing
Success git checkout /tmp/foo:foo -> /tmp/bar
ipsum\\.js
class ApplicationApi < Grape::API
A2005
Illegal function name
Non-link 3
overflow
[*][)]\\\\h
Traitement de la pneumonie
invalid operation
DelayedJob
did not match
usage: Usage: 
mechanicalturk\\.amazonaws\\.com
\\b handlers \\b
required property of 'metadata'
fresh
User:
data-show-text
Post #1
\\d\\b
Success
# property :name, String
target_model ::User
unifi_stations_rssi_dbm{ap_mac=\"a0:a0:a0:a0:a0:a0\",connection=\"wireless\",hostname=\"bar\",id=\"123456\",site=\"Default\",station_mac=\"ab:ad:1d:ea:ab:ad\"} 50
\\\\\\^\\{I\\}
\\smr\\s
Error when calling custom key structure function
found unexpected document separator
_utils\\/docs
name should be a string!
lib/basquiat/interfaces
No models found
\\btppn1\\b
column1-translated
cygwin
Invalid value
--c, -c <f\\+>:
This domain cannot be registered
notNull Violation: <field name> cannot be null,\nstring violation: <field name> cannot be an array or an object
_TYPE
Connection refused
OfferListings
\\s'\"
fe_sendauth: no password supplied
\\bro\\b
baz = 42
class=\"foobar\"
Suite \"suite\" failed
Cannot parse binary database
callback has been garbage collected
key doesn't have push access
\\p{Nonspacing_Mark}
<!-- BEGIN TUMBLR CODE -->
ServiceOne has been removed from the module tree
vssil 
cannot specify both options
WO
<link rel=\"canonical\" href=\"http:\\/\\/localhost:65530\\/post\\/\" \\/>
concurrency limit
Test app 
\\\\ElzAnd 
all in one seo pack
\\bSafari\\b
01004
ERROR : LFC access failure
by=track
`modelName` may not be used as a schema pathname
post_mortem is on
cordova-cli
or\\b
fits
<!-- Generated by phpDocumentor
start must be an instance
\\{placementId\\}
=item
argument name must be a string
<DL>
not a static method
403
Hit
padding size
:2
Failed to access params
\\r\n
\\!regex
is not a valid value for attr: \"platform:relationship\"
\\x0D\\x0A
#dbversion
omg\\.rb
chown
\\.tns
File not found at path
must pass a block
KFTHWA
test_driver3
But
_\\/
telesync
/cancel
underline
c0\nff
Parana
%DAY%
url[(]
profile_id
\\[driver32\\]
spec/policies
Couldn't find end of Start Tag a \\(line 6\\)
categoryLimitNumber
all the record creation needed to seed the database
git commit
must be ref
const ok = require\\('\\.\\.\\/\\.\\.\\/\\.\\.\\/api\\/responses\\/ok'\\);
!watch
<div class=\"actions\"
\\s*\\\\\\s*\n
Button
/dist/
Error: EACCES
drop_table :data_migrations
-configuration
this\\.reload
foo\\(text\\)
shape
refresh_token
Updating changelog
Config file is not valid JSON
Name field label must be a string
exit\\(\\);
%MODULE%
`role` must be a non-empty string
MBINSERTNEXTHREF
backend closed the channel unexpectedly
\\<\\?perl
the-new-page
_\\['escape'\\]\\(__t'
hell\u00f6 world
services/
twemoji
Espa\u00f1
class=\"
\\\\H\\{O\\}
{\\\"_secure_hello\\\":\\\"
math
tests\\/include-non-angular
must be a Integer
Code::Statistics::Metric::
greyscale-with-gamma1\\.5\\.png
</TABLE>
Scenario/
fatal: unable to access 'https://invalidhost\\.jasonantman\\.com/jantman/puppet-reviewboard\\.git/': Could not resolve host: invalidhost\\.jasonantman\\.com\nExit code: 128\n\nIf you don't have connectivity to the host, running 'vagrant up --no-provision' will skip r10k deploy and all provisioning
focus
State 'TESTSTATE1' can not be used with status 'Incomplete'
tslint-loader
Need to pass token
Unable to find a presenter for class Attachments::Base
insert into
Fragment
Capacity
e\\u00e8\\u00e9\\u00ea
\\%t\\b
&#400;
\\@'
cannot be nil
Line 1, col 22
Bootstrap v
Could not find 'b' 
data_sentinel
password: tmp_test
header To
%dgrn
\\.walt
gl_FragData
create_view \"
#BIN_NAME#
react-apollo only supports
NO_MAC_SETFRONTPROCESS
q=query
darwin10
 \\/
Parameter 'pathString' must be a string, not number
//\\snoqa
\\-nodefaultlib
project=
win64
\\{classifier}
1\\b
\\p{IDS_Trinary_Operator}
proxy-revalidate
Dynamic schema detected
remind-add-time
<id
'\\^' marker
\\bSW\\b
expects between 3 and 5 arguments, got 2
\\[something\\]
NOT\\s
basic_auth\\.password
Critical dependency
deps: \\['main'\\]
multiple matching add-ons found
\\bmsvcrt\\.lib\\b
-_
<Y>
-01-01
drain
FormData
slide1
=\"\"
-D_GNU_SOURCE
length of 1
xfbml: \"true\"
config\\.action_mailer\\.raise_delivery_errors = false
endservent\\(
E_MISSING_BUNDLE
movie_name
flash\\/audioplayer\\.aspx\\?media
<!--<!\\[endif]-->
install\\.lock
\u00e0\u00aa\u00b9
connection timeout
Capybara\\.default_host should be set to a url
DESCRIPTION
not registered: nope
Vanilla
Book Id\\: Scarlet
rename_column :posts, :views, :views_by_users
PRACTICAL END
\\[app\\.expectLog\\(\\) test\\] ok
average encoding speed
SPRYCOMMA
\\`\\`
ID:
\\[bboxEast\\]
pol
kata-
MCU
must be a `number` type
Setter must be a function
Validation error
android 6
Invalid Parser Specified: not-a-parser
Could not find user foo
invalid store object
/color_families\\.json
VCLASS
<div data-module=\"toggle\" class=\"accessibility-warning\" id=\"attachment-10-accessibility-help\">
data:image\\\\/png;base64,
RailsRoot PC
boxfill\\/rainbow
success\": true
firm_with_primary_keys_companies\\.id
region=R
Invalid credit card number
~I~
\\.S\\d\\d\\.
No index found
Could not find layout
::Adapter::
ACCEPT
\\.\\@\\.
requires a String
/charges
-rbundler/setup
</SUP>
@surround
\\\\-
The action block references the ambiguous named alias or term reference \"expr1\"
Sauron
\\bustar\\b
rsync -H
already built
digest 
test_success_3
\\\"notice\\\":\\\"test\\\"
\\.bnn
pag\\.
slice_distance
body tries to use default Media Type, but mediaType is null
Install dev dependencies:
class HoursApi
PPFT
Point geometry not supported
Internal pipeline statistics summary
<a class=\\\"wobble\\\" href
analytics=false
question-with-image
All configured authentication methods failed
post-op script
class V1 < MyApp::API
<optgroup label=\\\"Ford\\\"><option
cassandra
less than 1 minute
\u00a7\u00a7
\\x{0644}\\x{0651}
job_data
\"inPanel\": false
Use-Transaction
\"enable breakpoints\" argument
blank
jordanhollinger\\.com
\\%s\\.
_img_cal_StandardStar
selinux
Writing a ruby API lib for Mastodon
not 'foo'
_space_
START_INTERACTIVE 
three\\b
DeprecationWarning
Unable to get contract as network has failed to initialize
g\u00fcse
GERUND
ProvisionedThroughput
\\\\B
skinnytasteheader_1000_3
Transaction not found
<password>password<\\/password>
q1
unrecognized
\\[x]
TWO_TASK
JS
{qname}
apply_style\\(
\\p{Line_Break=Glue}
<Length>0</Length>
ma=
\\[myprofiler\\] debug: debug message
the network adapter properties should match
\\bcustom-rule fail\\b
\"message\": \"PauL is Awesome\"
MSOffice 14
PRIMARY\\b
TTransportException
 % 
mw:objectAttr
Delegated virtual events
Instant
Current directory is not empty
invalid decimal
\\bFloat16_t\\b
{{!
published blog post
/template/
Rails 5\\.0\\+
is no longer in the database
SyntaxError: Unexpected identifier
Are you sure
Role:\\s
PKCS12
%attempt%
note in ts
 --force \\b            
/target/
1980
does not implement the class method
path\\/to\\/file:4:6:
ORA-03113
ssh failed with exitcode=1: Failed to cat foo
GAAATCTTGACTGA
Mask
Must specify an object of properties and methods
def d; end
pre\npost
Release
@-moz-keyframes
\u00e3\u0081\u0097\u00e3\u0081\u00b6\u00e3\u0082\u0084
Expected property \"1\" of type \\[Buffer], got String \"foobar\"
zypper -n ar
<\\*\\*\\*>
remove_column :bars, :brew, :integer
TypeError
<telephoneNumber>555-3323</telephoneNumber>
disk
_COMPLETE
scan=2
--time-value
jazminero
\u00e1\u00bd\u0083
parse error \\[3:2]
No user found
 AND 
<a href=\"/events/2008/12\">&laquo;</a>
app/views/notifier_mailer/foo\\.html\\.slim
google\\-analytics\\.com
ucbrowser
\\( 
undefined field
bootstrap-sass\\/assets\\/javascripts\\/
EV
\\p{Sc}
app\\/code\\/core\\/Mage
Illegal state
ERROR_HANDLER
setIn\\(\\) with undefined key
RefSeq
Set resellers nameservers
datatype><normal>->[0];<
Error: Check if the path: '\\/changed_managed_files\\/files\\/name' is correct
util\\.ts
Suspending '
jumanji
-f, --fields <fields>    model fields
Structured output not supported
feed
RUNLIMIT
Failures
Return to
HASH
Error: Argument username has to be a colon separated 6 byte hex value
M-
\\.\\./sporco
\\{x\\}
fcgi-bin\\/RailsRunner\\.rb
Must specify a to-branch
--description
P\\d
:hello
lowstock
<Merchant
\\\\0
Retrying in 5 seconds
Currently in my Plants vs Zombies clone
<!\\-\\- JoomlaWorks \"K2\"
\\\\Uparrow 
throw in afterAll
Model name must be a valid string
no_such_action
ERROR: File not found
<defunct>
dolfin
backbone
\\bNEAR\\b
@post\\.destroy
--spam NEW_SPAM
Compose a message
internal inset
No build data parameter found for '
angular-aria
\\\\\\}
is not valid JSON
\"delay\" is fractional
Arabic
Cannot set read-only property \"union\" on object:
Unexpected characters
4 July 1776
boxee
 # TODO
hear
@model=Track
no data to display
does not match an account
The method #set_environmental_configuration is unavailable for this resource
<ouwiki_diff_add_markers>
square
osx
linkAttributeBlock
Completed TestConfigurableRetryJob
\\bn\\(\\)
@chromium\\.org
not mocked
s_
en\\.farm\\.animal_mailer\\.moos\\.subject
cpu MHz
]5D;
Page Name: bbb
Invalid npm package name\\: fooBar
convert:
pandy
 *\" *
#b expect Integer got \"a\"
sion12\\-cisco\\-wrlinux\\-
\\btestType\\b
SurfaceOrientation: \\d
MG
::::::
The ESM loader only works in the browser
has an invalid \"xx\" operator within \"interfaceTwo\\.name\"
undefined method `find_by_size' for Country:Class
__ENCODING__ is UTF-8
date\\.get
noopener
\u00e3\u0082\u0092\u00e9\u0099\u00a4\u00e3\u0081\u008f\u00e3\u0080\u0082
\\( \\.\\)
\ud83c\udf2e-\ud83c\udf2f
MIT\\b
\\\\textasciitilde 
<%sessionId%>
\u00d0\u009b
:1:2: Unknown word
#1 app get 0 workers \\[\\]
php\\/
\"isJoi\" must be one of \\[true\\]
normal><normal>\t\t\t\t <
page\\.foo\\.bar\\(1\\)\\.baz\\.qux
predicate was string; expected RegExp or function
\\/azure-content-internal\\/
HTTP POST file upload
datatype><normal>, 0, <
apartirdos
debug info
\\p{blk=Latin_1_Supplement}+
\\byoure\\b
\u251c\u2500\u2500 default
cannot change listen address
%_
A-Z
Successfully cleaned
Illegal format 'k' specified for value of Hash type - expected one of the characters 'hasp'
w[)]
\\\\cyrchar\\\\cyrr 
Missing required parameters
traver
Your Ruby has security vulnerabilities!
Missing required parameter: 
14 success, 0 failure, 1 pending
\n#
mom
\u00e1\u00bc\u00b4
ChaosGraph\\.pm
Error\n
\\tPERL_DL_NONLAZY=0 
Missing required key from
Expected data-r attribte
NJS-041: cannot convert ResultSet to QueryStream after invoking methods
\\#{extensions}
Catalog
paup
is not a valid value for attr: \"price:resolution\"
jwt issuer invalid
qt=author_search
\"sanity\\.json\"
\\015\\0
\\/resource
spec\\/acceptance\\/api
SFC_
\\\\\\\\x
Inexact
<text> element is not supported
has an invalid operator expression in \"optIntList\"
Access or subsciptions service is not installed
Google Frontend
database: db
\\bframes=2\\b
A\\.13
TMath::BreitWigner\\(
brace
Invalid type received for \"undefOnly\"\\. Expected: undefined\\. Received \\[number\\]
\\x{0627}
Previous comment entries need to be marked obsolete too in obsolete message entries
CREATE TEMPORARY TABLE
keypath cannot be linked to itself
Denied access to method \\(getStateName\\) in class \\(main\\)
\\/path
BASE_DIR = 
null byte
_cannot_
y - y
\\.in-addr\\.arpa
Changes to be committed:\n
default-vector\\/default
__escaped__dot__
field is not defined
<FIELD KEY=\"owner_state\">
<!everyone>
LD
2 errands
TemplateResponse
tail: Array, String or List required
cosmos
txt\\.gz
Files have to be more than 2
\\\\cyrchar\\\\CYRAE 
reason provided
This operation is not supported on architecture 'different_arch'
are mutually exclusive
=&gt;
Unexpected config key `middlewares` exists, Please use `middleware` instead\\.
 RSPEC_COLOR=1 
update PUT
<\\/span><!--2-->
reeval
header row should not contain any space char
Landroid/telephony/TelephonyManager;->getLine1Number\\(\\)Ljava/lang/String;
APNIC
\\[\\<b\\>Next \\&gt\\;\\&gt\\;\\<\\/b\\>\\]
,xs,
RITE
No route matches \\[GET\\] \"/cable\"
WARNING: ignoring environment value of R_HOME
origin/
\"testing\":true
\\(tm\\)
Hell no!
HTTP::DAV::ResourceList
Load balancer virtual server integration-test-vs-1 does not have a valid backing pool
States
promise
Rule: setEvent\\(\\) requires event object
sync:
subclass
201, 204-208 <=> 200,204
\\\\ding\\{93\\}
ca
\\/artists\\/Jr%2E%20Doc
Demokratische Republik 
\\/reload
\\\"engine-munger\\\"\\:
Proxy-Authorization: Basic 
Failed to open socket on port 15454
Diggit folder initialized
Lolita::Adapter
currval
Invalid start rule
count: number
USES
<h2 id='NAME'>NAME<\\/h2>
'new_Init' expects 1 argument, got 2
\"tag\":\\{\"name\":\"General\"\\}
\\btr\\b
url=error\\.php\\?err=8
\u00e1\u00be\u0091
taftestcase1
reject
req_target_2_sample
y\\b
Sure is! Great changes!
SELECT 1
  2   NUMBER = 200
% nothing found
belongs_to :post
\u00e1\u00bc\u0090
-intercom-vertical-padding
stop_
NEED_PASSPHRASE
@ind
LOCAL_IP-LOCAL_IMPLIED
headers were already sent
Rewrote url
--all
\\Q{cover_db_path}\\E
ENABLE_
National Library of
1 tests, 1 assertions
for following renames
Expected no autofixes to be suggested
already established
\\\\\\\\r\\\\\\\n
Parsing error on line
_rate
ordinal
user\\.rb
\\bKeyframeTrack\\.prototype
\\<TITLE\\>
\\\\Elzcirfr 
>\\s*<\\s*iframe
state:
yyyy
custom code frame
autoconfig-default
comment\\s*=\\s*\"Comment with spaces\"
are all required
%_P
Could not find module 
Property 'enabled' value \\(5\\) did not match the required type 'Boolean'
sig=test
version: 20170701093311
_handleClickSelectedFlag
answer
\\?filter
mqlight
langs
pg_dump 
\"mspConfigs\" argument must be an array
methodName
does not return a part of obj
TypeError: Cannot calculate max, unexpected type of argument
__H__\n
makes no sense
neomycini sulfas
\\e\\*\\]
Unknown options passed: unknown
TrilinosDriver
:bomb:
A Form
failover:
PhantomJS
@property
Method must be a string
group_id
-r\\b
eigth
UPDATE FAILED:
Synonymous
\\\\cyrchar\\\\CYRSHCH 
\\b cannot \\b
ListBetrieb
\\[lookatTerrainLon\\]
ReportRequestIdList
lib/db_schema/definitions\\.rb
Execute db:test:load_structure
radical_value\\[radical_nested\\]
== offset
Acme::CPANAuthors::
empty\\b
ALLOC
&isin;
Loaded: loaded
hai
\"target\" parameter not specified and no peers are set on this Channel
openebs_logical_size
Unable to verify requirement
@import \"test/fixtures/import/test\";
buf instanceof Buffer
\\\"msg\\\":\\\"SYSTEM READY\\\"
MSIE\\ 5\\.0
 \\N{GREEK SMALL LETTER UPSILON}       
airbrake\\.io\\/api
unknown warning option
git checkout development
localonly
feedfetcher-google
a Gemfile with dice_bag as a dependency
docker-registry
http:\\/\\/mitm\\/
must be between 2 and 60
is_low_card_table
must provide an Eloqua::RemoteObject 
overriden child js
unifi_stations_received_packets_total{ap_mac=\"a0:a0:a0:a0:a0:a0\",connection=\"wireless\",hostname=\"bar\",id=\"123456\",site=\"Default\",station_mac=\"ab:ad:1d:ea:ab:ad\"} 10
\\/\\*%nodes_main_end%\\*\\/
websql
\\btimeout\\b
I don't follow any http redirects
<link type=\"text/css\" href=\"/vam/css/
__appsrc__
no rows
inke\\.cn
totalOK
echo
Couldn't find Country with name = US, monarch = The Crown of England
,\"isExpanded\":true
vim-update-bundles 
Kia ora ano Luke
---> 
Levene
hi
\\{b:1\\}
rooms index
0\\.1\\.3
STAT
-asterisk-
differentSourceClient
color:#555
server started
var \\$\\$ = Dom7;
stdout:\n
 !
xvcs:attr-insert
SC
renderer \u203a Renderer error
\\[map\\]
Variable 'uint256 b' was removed from the end of contract StorageMockSimpleOriginal
_normal\\.
guard_interpreter does not support blocks
invalid metadata
usehtml5audio
\\* 2 EXISTS
\\\"txt_1\\\"
Uncaught err
\u00cf\u0081
Rejected test operation
order: \\{ name: \"NULLS FIRST\" \\}
\\}MACRO
<td colspan=\"2\" height=\"21\"><b>Balance<\\/b><\\/td>
l_
666
Could not find class something
_lbr
EntityNotFound
H\u00f6k\\b
\\/\\*# sourceMappingURL=source-map-simple\\.css\\.map
\\\\lceil 
issued time is later than current time
HAVE_JPEG
\\.js:\\d:\\d
The data-pcode attribute is required
request\\.module
u[)]=
livescript!cjsx
%3q
Invalid report format
half-covered\\.js
aCC
shake
ja
</a></tr></tr>
PalletList
ERROR: You must supply a command
<CFont>
{{placeholder}}
\\dxx
don't fork
In order to perform this action, you need to be authorized with \"Another example authorization\"
the list of real_estates
lib/archive-tar-minitar\\.rb
Company\\(
MAXIMUM VIDEO PLAYS REACHED
Use eventually_not
\n<rdf:RDF
\\bchs=800x375\\b
Could not load the specified file
\\\\end\\{codelisting\\}
\\bPR\\.PR_PUNCTUATION\\b
require\\(\\\"embed\\.html\\.twig\\\"\\);
TTB_REQUEST
is null or undefined
cometbird
 test_rails3 
parse should fail
must be a windows named pipe or a number within range
threadm=
FlexCMP
ERR: exec_request: request failed, error 453
single command test
id:failed
resumed role 'RSpec_suspend' of service 'RSpec-role-action-service'
Galaxy S I
\\@ISA
facebook-broadcasting
linearButtonNavigationForm
remote-token=
export default MyComponent
\\p{InHankakuKatakana}
vertical-scroll-
entry 'references' entry 'Ref' expects a value for key 'name'
Makefile
must look like semver
 // 
Both source and artifacts must be set to CodePipeline
`:title_patterns` must be an array, not
Example:\n
{{
module AdminController::Localized
<cas:proxySuccess>
export interface FeatureState {
en\\.wikipedia\\.org
Mitsubishi
HELLO, WORLD!
Parsed \\(unknown capability\\) document with 0 entries:
misc_addons_detect
Middleware status redefined
releasedir
An error has occurred
failed to start in time
AND=123
CustomFakeException: I just like raising errors
cts_ad='\\+\\(new Date\\(\\)\\)\\.getTime\\(\\)
distinct
#Totals
mod_perl\\.c
# Sentence 
workerId={{ workerid }}
log rotation inter-process lock failed
-italic
\\\\e
RAID bus controller: Adaptec AAC-RAID
\\bBB10\\b
from an added view path from the controller
Verify whether wolkenkit is setup correctly
xn\\-\\-
Blueprint\\('api'
Washington, DC
pg_resetxlog
BEGIN X509 CRL
 0 errors
studio310\\d
Editing & IDEs
String supports \\[\\] with one or two arguments\\. Got 0
exclude key
Silk-Accelerated
\"extra\":{\"ecm\":\"32\"}
WebdriverIO
no such upstream journal
BCDATABASE_PASS
closingspantag
too many arguments
 \\$\\(obj\\) \\$\\(libs\\)
1: \\({\\s*children: _children\\s*}\\) => <b key=\"1\">{_children}<\\/b>
Win32 strawberryperl
Invalid token
a3
Cannot change
multiple abstract
skipping
<instance
vi
gasp
Fog::Storage::GoogleJSON
100%
: div>
LogFoldChange
normal><function>defined<
/accounts/1/users/1
DEBUG  TestLogger : the big log message
Unsupported direction: bar
describe \"MyGem\"
pdkcheck
xp 
 redefined
provided is not valid
Cannot create dataset directly
-lm\\b
remove the maintenance page
Could not find interface matching
\\\u2019t
AttributeError: 'edm::DetSet
Failed to upload 1 cookbook
for \\( n = 0; n < max_size && 
<y>
wl
ref_in
cannot guess the partition UUID of the mountpoint \\/a for \\/a\\/b
Edit Page
Line 99 column 99
space\\=quit
json:\\\"projects\\\"`
{{selectMonth6ButtonCssClass}}
avec succ
no_matching_method
CSV
interface \"SentanceCase\" cannot start with an underscore
 Silk\\/
icon-image
\\bTestSuite\\b
 \\(\\) for bit data
-fPIC
__USERNAME__
vdso
Session and connector has to use same event loop
Sept\\.
Cannot alias
-o ConnectTimeout='10000' -l root
a\\(c
'\\[\"somethingNotExist\"\\]' is not a CF stack output
\u00e1\u00bc\u009d
<created_at
<AptNumber type=\"integer\">
Compile Error some-helper is not a modifier: Helpers may not be used in the element form
\\\\because 
must start with a letter
<nex:nexml
/rest/storage-volumes/
beanstalk
float
chromium
nuts
'type' => 'boolean',
method_that_raises
<\\/li> \\s*\rn                   <\\/ul> \\s*\rn                   <!-- \\s end \\s generated \\s content \\s -->\rn                  
http:\\/\\/documentation\\.carto\\.com\\/api\\/v1\\/map\\/90e64f1b9145961af7ba36d71b887dd2:0\\/1\\/attributes
bienvenue, les mecs
Class\\:\\:Throwable\\:\\:throw
unitPattern-count-
cache=off
'bar' does not exist on type
notification-acknowledgment
wxyz
second spec
\\bfreeModule\\b
ERROR test_logger
directory \\/root\\/ is not readable
\\<h1\\>Hello world\\<\\/h1\\>
must respond
\\\\pluto 
<any-tag android:tag=\"value-&quot;&apos;&lt;&gt;&amp;-with-quoted\" />
RunFile
run sub command
boot=on\\|off
text\\/n3
TypeError: cannot modify private property _index
y\u00d8\u00a3
ffmpeg
#endforeach
appium\\/device\\/is_locked
policyname
BASEDIR
center is required
term
\\/abc\\/
blcck
Kalman
WordList::
Invalid old password
<extraOptions>x_duplicate_window=3</extraOptions>
bunjalloo
riet
__S_\\d\\d\\d
# documentation available at
class DashboardTest < ActionDispatch::PerformanceTest
Error: No access to property \"_data
A rule is using filter \"a\"
\\x1b\\[22m
\\d{1}
adreno
Invalid credit card for unmatched refund
Amazon Linux
Cached
in editor
implementation block
does not have features
<customerCode>TheAuthorization</customerCode>
PWD
gh
\\.nested-style \\.more-div
ready to accept
tablet pc
bidirectional
SessionEnded
Unable to find system idevicesyslog
!- END
no type matching
<authToken>
\\x{06A4}
_ST_intersects\\(
\\s*\\)\\s*insert
targetwithdetails_phone
DEFINER = 'user'@'host'
-2147168242
center and radius are required
ECONNREFUSED
_catalan_
###owner###
line:\\[1\\]
Failed to determine resource type
second rollout timed out
Norwegian
<h1>Cloud Functions Template Sample<\\/h1>
#customize
hit\\.json
no time information in \"xxx\":
Can't convert IFD0:Orientation \\(not in PrintConv\\)
Declinada
Invalid mail service
poped
\"Tp\"
mzMLid=
Unable to find a config file for VM 'foo' \\(in '
<saml:NameID Format=\"some format\">
\\@temp_coward_count\\@
_underscore_
fromCharCode\\(
\\btcPropertyPatternPattern\\b
unused
fireweb\\snaviga
user root
\nh4
RTNETLINK answers: Operation not permitted
ruby 2
Hello world prefix
\\sipv6
@ \\.\\/entry\\.js 1:8-22
nexthop: 2011:3:26::1
No task definition
mega\\.co\\.nz\\/dl
saveconf
\\(function *\\( *\\) *\\{ *console\\['log'\\]\\(0x1\\);
\\x01\\x88
isn't making progress
broken binary
\n            -
Tyrosinum
invalid location in
git or github link must have a commit hash
{\\\\b0}
404 Not Found: superfoo
can't locate object method
Intentional wrong thing happened somewhere inside the custom function
h=
##path##
class=\\\"custom-class\\\"
Application
\"requirejs-hbs\"
yyyy2
gone
prime256v1
First argument given to Cycle must be the 'main' function
\\/attachment\\/
-----BEGIN PRIVATE KEY-----
280
:--component
<specificity
<3A51><d840dc3e>\n
<CustRef>1<
operator><normal>;<
\"port\": 1234
cannot transfer nested constant
autoproj has been updated
vagrant => failed
CheckHttp CRITICAL: 500
Backtrace is not available
#-#-#
TypeError: Cannot add
/\\*\\*+
flashget
<title>LoopBack API Explorer
\"generated\" is a required argument
var anotherentrypoint = true;
table do
date:
Message args must be an Array
Green
FOO
Min watch time cannot
hessian writeString expect input type is `string`, but got `number` : 100 
___PSEUDOCLASSBMH___
order inside erb: \\[:erb_inside_widget_layout\\]
\\.cjsx
Value expected
\\/app\\/
mpe
foo=\"baz\"
%l %p
Empty or non\\-string
page%5Boffset%5D=15
not decrypted
\\(9, 4\\)
Avenue
NODE_MODULE
Missing required parameter in formData: uploadedFile
gulp\\.start\\('styles-reload'\\);
Idle
spec/acceptance
\\.blogsky\\.com/
\\.npm
, and 
content\\/gallery
_img_obs_FixedSkyOffset
one: classification exceeded 1 request limit for
Unsupported platform
\\bNE\\b
Exiting with an Error
Content Metadata is in unrecognized format
\\307
dissoc: Object required for second argument
Can't set attribute 'readonly' of readonly 'FlagProperties' object
sales
rw-
<slave-nameservers\\/>
Metal
\\-DB_ENDIAN
source width is zero
\\\\acute\\{\\\\ddot\\{\\\\iota\\}\\}
Cannot find module 'this is a pen'
agent sendTo app done
]\\s*]\\s*>
Canceled
Delicious
\\bprettyprint\\b
mkl
requires POST
&Aring\\;
<!here\\|@here>
a=setup:active
Trouvere
\\p{hiraganA}
You are not in an exception!
\\{::\\{name}::}
Tap, Tap
\"aclQuery\" is required
couldn't connect to server
use-vrf 
job:
client_apps\\/canvas_quizzes
@\\*
Duplicate keys found in your configuration: \\[\"message\"\\]
bundle exec spec
Invalid arguments \"\\[\"no\",\"args\",\"supported\",\"here\"\\]\" to function \"submitTransaction\", expecting \"\\[\"serializedResource\"\\]\"
@dir1
@FLAT
DT\\+
987654
strategy
\u00e2\u0086\u0081
A run at timestamp was not found
<MBType>R
zero!
LircNamespace
\\\\backsim 
show_default
body\\[
Algorithm::Diff
Extension \\\"bogusExtension\\\" not found on manager
<script>alert\\(\"foo\"\\);</script>
\u00e1\u00be\u00af
install postgres
Composite_namevar\\[php-wibble\\]: Nothing to manage: no ensure and the resource doesn't exist
smd_
should be supplied
# one :account
<!--This is awesome-->
Failed to read shortcut link
th
\\{Chunk\\}
\\:\\]
\\bopentype\\b
canner-graphql-utils
 *\\bnew-line\\b *
\\/caption>
kind
wsse:InvalidSecurity
warning: your app has no license
<\\/p><script>
<type
if\\(doc\\.name == \\\\\"Hilton\\\\\"\\)
SDX264XXX
app\\/datatable
talk
did not match the following type
global destruction
foo help - oh and by the way, null
<!-- end CDN generator
\\p{General_Category=Math_Symbol}
Ese archivo no se encuentra
ab\\.c
snmp-server community\\s
USRCLASS
SecurityGroupLimitExceeded
regions/
Hello Itamae
\\\\cyrchar\\\\cyrushrt 
\"cakedc/search\"\\s*\\:\\s*\"dev-master\"
\\\\-\\\\-\\\\-
replace\\(
EffectsModule\\.forRoot\\(\\[FooEffects\\]\\)
n          (?:n            (?<number>  -?(?=[1-9]|0(?!\\d))\\d+(?:\\.\\d+)?(?:[eE][+-]?\\d+)?)n            (?<boolean> true | false | null )n            (?<string>  \" (?:[^\"\\\\]++ | \\\\ [\"\\\\bfnrt\\/] | \\\\ u [0-9a-f]{4} )* \" )n            (?<array>   \\[ (?> \\g<json> (?: , \\g<json> )* )? \\s* \\] )n            (?<pair>    \\s* \\g<string> \\s* : \\g<json> )n            (?<object>  \\{ (?> \\g<pair> (?: , \\g<pair> )* )? \\s* \\} )n            (?<json>    \\s* (?> \\g<number> | \\g<boolean> | \\g<string> | \\g<array> | \\g<object> ) \\s*)n          ){0}n          \\g<object>n        
stored
no_such_href
<call/>
NextAccumulatedQ3
\\x01\\x92
Your Account
Split configuration valid: yes
notifying debug backend of feature=notices
1760035844
<awesome type=\"boolean\">false</awesome>
\\x{103f}
<Password>password<
Embed type testAction not allowed with tag AMP-EMBED
Unexpected inverse
availability-zone: us-hats-1a
:document_root
dimz
Test Exception
Missing value for last command parameter
FAILED
123456789012
Download subtitle
<script src=\"scripts\\/plugins\\.12345\\.js\">
\\|gpg -BLAH
Received non-empty response from \\/invalid-foos
Used integrated atmos mfa
Only arrays are allowed
\\/spec\\/
y hara
Found a second \"command\" statement within a \"config\" block \\(line
int\\(
\\.\\s
context not passed to rule
 \u00d1\u0082\u00d1\u008b\u00d1\u0081\u00d1\u008f\u00d1\u0087\u00d0\u00b0 
<!--kg_title-->
nextPlus
wn
strict unix
No examples found
Execute \\(dry run\\) default
request name value pair: param=testparam
SubscriptionIdInvalid
url\\(css3buttons
must have an authenticate function
name cannot be empty when using vCenter
\\.wpy
Speakeasy - hotp - Missing secret
Failed to create public key fingerprint for user 
define_method\\(:yup\\)
YOUR_AWS_REGION
RIGHT\\-WALL
import {MyDummyComponent} from '\\.\\/index';
Unable to copy directory entirely
filter that matches no files
Currently Playing
<div>more returned HTML<\\/div>
Rumblepb
\"x\"
Second argument must be an object
Expected
Takes time \\(in seconds\\)
\\bchxt=x&chxl=0:\\|foo\\|bar\\|baz\\b
Insufficient funds
Error: some error happen
\"client_id\":\"X\"
&int;
consumers
\\$TABLE\\s*:
\\0103
dl
Required: xKey
Population
guest
four
\\.psd
bat
 \\r     
\\\\ElsevierGlyph\\{E25A\\}
Resource type with the same name already exists
Full Name contains
running for too long
dudes=\"duke:nukem; vanilla:ice\"
foo: bar
The type of the `name` attribute `wibble` is not recognised:
-file=
altavista
KONSOLE
\\]\"
operator><normal> <
msie [6]
OO
Pend 
\\.\\.\\/external\\/jquery\\/
60 seconds
</oth>
counter: -5
TESTMARKER
definition list error
\\#t
Not a reseller
invalid application key
\\brspec\\b
fk4
new Object\\(foo\\) instanceof Object
\\+\\]
this is stdout 1
default fixture was not found for class
\\#Q
forbidden user
\"My Title\"
add_reference :posts, :user, foreign_key: true, index: true
var foo = 'bar';
{{iframeHeight}}
An Innocent in America
define \\[\"cs!views\\/foo\\/index\"\\], \\(FooIndexView\\) ->
\\bnot\\b
bar must
::SELECTED
http\\:\\/\\/app\\/js\\/foo\\.js
GET
:date
RepositoryMixin\\(RestApplication\\)
Opera Mini
\"42\" is not a valid source for :datetime
__SHARE__
Content-Type: image/png
mediaType
\\\\[?*]
__BGCOLOR__
: true
Could not find referenced transaction
0x\\d\\d
%24
Opt\\.
rotateZ
for each branch
function \\(
My name is bar
the page does not have an <html> element
This module stores a script
{{EMBER_DIST}}
<mods:mods
contact_id
Openwsman
majorColor
\\\\textonequarter 
onebox
Unable to determine ENC backend
\\[SYS\\/PERM\\] POP access is disabled for your domain\\.
foo123
Saving Dencity metadata csv file
Started!
Unit Test Files:\n/path/to/first_test\n/path/to/second_test
http://google\\.com
\n  XXXX\n
fst\\s
-with-links
Unsupported file type
Coveralls:coveralls_token\n
logstash-input-stdin
withdrawn
\\%2F
\\\\u
\\dE\\+\\d
Topic
DHCPOFFER
pool_used_bytes{cluster=\"ceph\",pool=\"rbd-new\"} 50
Back to Bookmarks
include
doesn't match expected values
templates sync \\^\\\\\\.\\\\\\/
CodeMirror-gutter-wrapper
test-3
\\[indent\\]
\\bcontent=\\[\\]
Unexpected use of property \"name\"\\.
ifOperStatus
\\<label
property already used: '<<retrieveMethodName>>'
undefined method `non_existant_method' for #<Pen
openebs_writes 15
de rechtbank
MYUSER
##TABLES##
moon-y
JSON::PP
position 3
precision
cgi-bin
Hostname\\/IP doesn't
 / 
HTMLCS-msg-
c1
System Clock
rtorrent_downloads_download_rate_bytes{info_hash=\"BBBB\",name=\"bar\"} 2048
run default command at simple
\"confirmation_token\"
CreateDogs: migrated
PING
Skyworth
each\\b
no inv
must be relative
\\bAjP
Converting circular structure to JSON
#;`\\*
META-INF\\/node_modules\\/
foo<br><\\/p>
\\\not\\\\doteq
Passing classes to store methods has been removed
Provides help
vjs-timeout-\\d
param2=
\\/motor
Map resources have already been released
Property not found: ProductID\\(0\\)
genbuf
Signature
key=abc123
---REQUEST_BREAK---
reduce: Function required for first argument
\u00e1\u00bc\u0099
did\\snot\\smatch\\sany\\slocations
cannot use --publish-comment-file when not publishing
Unrecognized facts_terminus setting
\\{\\{APPNAME\\}\\}
\\(1000\\)
input file and output file cannot be the same
The operator '\\+=' is no longer supported
Not Valid JSON
Registrar
css-modal_inner
_vsn
provider_id
does not support blocks
No specified gems could be found
If query is nil, there must be a valid offset
:seconds
\\bToshibaTP\\b
entry 'types' expects a Hash value, got Array
ebicsNoPubKeyDigestsRequest
duplicate handler call
fs
A form is required by getFormData, was given form=undefined
datetime_range_error
{docsify-ignore-all}
_generator
v3/issues/labels/#create-a-label
browserstack-webdriver
Test upload file
must pass ast and schema metadata
SUMMARY     = \"Sample for Radiant CMS\"
DefaultKey
code=
\u00c5\u009f
\\[language]
Illegal format 'k' specified for value of Boolean type - expected one of the characters 'tTyYdxXobBeEfgGaAsp'
\\\"angular2\\\"\\:
phpunit
not to have a server_error status code \\(5xx\\) but it was 555
_R1\\.trimmed\\.fastq\\.gz
type property must be string or function
{[|]}
os_detect
\\376
What architectures
\\/oauth2\\/token\\/
\\[foo\\] Done cloning project\\.
policyblock
Asset must be a \\.zip file or a directory
flippercloud\\.io
>\\.
argument handler must be a function
\\.\\.\\/doc
Oh my gosh
 \\[
Missing \"txid\" parameter
does not have a name
vs\\/language\\/typescript\\/lib
line:\\[12\\]
\\,{
_file
see you next time
mode=mark
\u518d\u731c
targetwithdetails_url
namespace Package\\\\Module
preloadedobjects
q2
bessel_sequence_Jnu_e
Other element would receive the click
mixin \"nonexistent\"
no rackup script found
install_with_timeout
Data::Visitor
/test/7/foo/4
415 Unsupported Media Type
foo is: controller_foo
pecan pie
d\\'Ampezzo
File\\/Program node
\\^\\{\\\\prime\\\\prime\\}
F<
user\\[contacts\\]\\[0\\] - Hash was expected
maven-tools-
Cannot call method 'yoyo' of undefined
file is invalid
class variable access from toplevel
snippets
\\\\sqsubseteq 
expected numeric
@PRIOR
td>
-Uuseimpsys\\b
Context includes invalid config ID
='\\\\z
/api/instance_usage_periods
Activating deployment '123456' on application 
XXXX
TEMPLATE
we should not even be polite about it
::EXPORT_TAGS::
URL_PREV
twemproxy-redis_from_registry
/cards/42
CLOOSE
public,max-age=0
:/usr/vac/bin:
Can not find a Write Handler
\\(erubis\\)
------------
&props
expected @opts\\[\\]
BEFORE_HOOK: WaitAMoment
List of gay, lesbian or bisexual people
app closing
console\\.error
must be :standard or :standard_ia or :reduced_redundancy
until=-6h
landscape_progress option must be one of:
\\-\\-config FILE
lower_case
firefox\\/3
namespace   YUITest
Wrong set of arguments
Read a negative frame size
GMT\\+0000
-f1
\u00c7\u0092
405
-open
<link rel=\"canonical\" href=\"http:\\/\\/localhost:65530\\/about\\/\" \\/>
Template name missing
ng build --watch
Bucklescript\u662f\u4e00\u4e2a\u7a0b\u5e8f\u8bed\u8a00
from karate import
\u00e1\u00bc\u00a5
field :name, sortable: false
Patched DICOM store with Cloud Pub\\/Sub topic
chef-solo-search::default
client_id\\=
@import \"\\.\\/another\\/_module\\.scss\";
self\\b
{{ Class }}
GET edit
me
\"loggedin\":true
UPDATE\\b
tasks\\(parallel\\)
opacity: 1
struct
Debug:
f3d100a7-18d9-4609-aabc-8a710ad0e210
ogg
Parameter entity for function addOperation should be an object
another-one
-X-
test debug message
has an invalid \"foo\" operator in \"nodeUnionRefList\"
__INJECT_NS__
execution_result
Lobster
previous
n            
violates not-null constraint
qunit\\/test\\/path2
\\{field\\}
Usage: contentful <cmd> \\[args\\]
\\Bdef
\\r\n\u3000\u3000
invitation_token
AttributeError: 
a[(]
Please send me my 2 FREE trial
incomplete length
One compute environment is expected, but no compute environments are set
value should be odd
\u00e1\u00be\u0081
#9ed2ff
The value of \"priority\" is out of range\\.
huaweios
electron
Store
INFO request
/books\\.xml
Empty file
sa-sdk-ios
\u00e5\u00b7\u00a6\u00e6\u008a\u0095
\\[16:26:57\\] mtv
tablesort
{example}
\\bYYABORT\\b
Invalid config for plugin-webhooks
\n\\t\n
timing foo:bar:time 100
secret_rubydoop_path
categoryInvalidOperation
client_io_ops{cluster=\"ceph\"} 2863
^[\\xAA\\xB5\\xB7\\xBA\\xC0-\\xD6\\xD8-\\xF6\\xF8-\\u02C1\\u02C6-\\u02D1\\u02E0-\\u02E4\\u02EC\\u02EE\\u0300-\\u0374\\u0376\\u0377\\u037A-\\u037D\\u037F\\u0386-\\u038A\\u038C\\u038E-\\u03A1\\u03A3-\\u03F5\\u03F7-\\u0481\\u0483-\\u0487\\u048A-\\u052F\\u0531-\\u0556\\u0559\\u0561-\\u0587\\u0591-\\u05BD\\u05BF\\u05C1\\u05C2\\u05C4\\u05C5\\u05C7\\u05D0-\\u05EA\\u05F0-\\u05F2\\u0610-\\u061A\\u0620-\\u0669\\u066E-\\u06D3\\u06D5-\\u06DC\\u06DF-\\u06E8\\u06EA-\\u06FC\\u06FF\\u0710-\\u074A\\u074D-\\u07B1\\u07C0-\\u07F5\\u07FA\\u0800-\\u082D\\u0840-\\u085B\\u08A0-\\u08B4\\u08E3-\\u0963\\u0966-\\u096F\\u0971-\\u0983\\u0985-\\u098C\\u098F\\u0990\\u0993-\\u09A8\\u09AA-\\u09B0\\u09B2\\u09B6-\\u09B9\\u09BC-\\u09C4\\u09C7\\u09C8\\u09CB-\\u09CE\\u09D7\\u09DC\\u09DD\\u09DF-\\u09E3\\u09E6-\\u09F1\\u0A01-\\u0A03\\u0A05-\\u0A0A\\u0A0F\\u0A10\\u0A13-\\u0A28\\u0A2A-\\u0A30\\u0A32\\u0A33\\u0A35\\u0A36\\u0A38\\u0A39\\u0A3C\\u0A3E-\\u0A42\\u0A47\\u0A48\\u0A4B-\\u0A4D\\u0A51\\u0A59-\\u0A5C\\u0A5E\\u0A66-\\u0A75\\u0A81-\\u0A83\\u0A85-\\u0A8D\\u0A8F-\\u0A91\\u0A93-\\u0AA8\\u0AAA-\\u0AB0\\u0AB2\\u0AB3\\u0AB5-\\u0AB9\\u0ABC-\\u0AC5\\u0AC7-\\u0AC9\\u0ACB-\\u0ACD\\u0AD0\\u0AE0-\\u0AE3\\u0AE6-\\u0AEF\\u0AF9\\u0B01-\\u0B03\\u0B05-\\u0B0C\\u0B0F\\u0B10\\u0B13-\\u0B28\\u0B2A-\\u0B30\\u0B32\\u0B33\\u0B35-\\u0B39\\u0B3C-\\u0B44\\u0B47\\u0B48\\u0B4B-\\u0B4D\\u0B56\\u0B57\\u0B5C\\u0B5D\\u0B5F-\\u0B63\\u0B66-\\u0B6F\\u0B71\\u0B82\\u0B83\\u0B85-\\u0B8A\\u0B8E-\\u0B90\\u0B92-\\u0B95\\u0B99\\u0B9A\\u0B9C\\u0B9E\\u0B9F\\u0BA3\\u0BA4\\u0BA8-\\u0BAA\\u0BAE-\\u0BB9\\u0BBE-\\u0BC2\\u0BC6-\\u0BC8\\u0BCA-\\u0BCD\\u0BD0\\u0BD7\\u0BE6-\\u0BEF\\u0C00-\\u0C03\\u0C05-\\u0C0C\\u0C0E-\\u0C10\\u0C12-\\u0C28\\u0C2A-\\u0C39\\u0C3D-\\u0C44\\u0C46-\\u0C48\\u0C4A-\\u0C4D\\u0C55\\u0C56\\u0C58-\\u0C5A\\u0C60-\\u0C63\\u0C66-\\u0C6F\\u0C81-\\u0C83\\u0C85-\\u0C8C\\u0C8E-\\u0C90\\u0C92-\\u0CA8\\u0CAA-\\u0CB3\\u0CB5-\\u0CB9\\u0CBC-\\u0CC4\\u0CC6-\\u0CC8\\u0CCA-\\u0CCD\\u0CD5\\u0CD6\\u0CDE\\u0CE0-\\u0CE3\\u0CE6-\\u0CEF\\u0CF1\\u0CF2\\u0D01-\\u0D03\\u0D05-\\u0D0C\\u0D0E-\\u0D10\\u0D12-\\u0D3A\\u0D3D-\\u0D44\\u0D46-\\u0D48\\u0D4A-\\u0D4E\\u0D57\\u0D5F-\\u0D63\\u0D66-\\u0D6F\\u0D7A-\\u0D7F\\u0D82\\u0D83\\u0D85-\\u0D96\\u0D9A-\\u0DB1\\u0DB3-\\u0DBB\\u0DBD\\u0DC0-\\u0DC6\\u0DCA\\u0DCF-\\u0DD4\\u0DD6\\u0DD8-\\u0DDF\\u0DE6-\\u0DEF\\u0DF2\\u0DF3\\u0E01-\\u0E3A\\u0E40-\\u0E4E\\u0E50-\\u0E59\\u0E81\\u0E82\\u0E84\\u0E87\\u0E88\\u0E8A\\u0E8D\\u0E94-\\u0E97\\u0E99-\\u0E9F\\u0EA1-\\u0EA3\\u0EA5\\u0EA7\\u0EAA\\u0EAB\\u0EAD-\\u0EB9\\u0EBB-\\u0EBD\\u0EC0-\\u0EC4\\u0EC6\\u0EC8-\\u0ECD\\u0ED0-\\u0ED9\\u0EDC-\\u0EDF\\u0F00\\u0F18\\u0F19\\u0F20-\\u0F29\\u0F35\\u0F37\\u0F39\\u0F3E-\\u0F47\\u0F49-\\u0F6C\\u0F71-\\u0F84\\u0F86-\\u0F97\\u0F99-\\u0FBC\\u0FC6\\u1000-\\u1049\\u1050-\\u109D\\u10A0-\\u10C5\\u10C7\\u10CD\\u10D0-\\u10FA\\u10FC-\\u1248\\u124A-\\u124D\\u1250-\\u1256\\u1258\\u125A-\\u125D\\u1260-\\u1288\\u128A-\\u128D\\u1290-\\u12B0\\u12B2-\\u12B5\\u12B8-\\u12BE\\u12C0\\u12C2-\\u12C5\\u12C8-\\u12D6\\u12D8-\\u1310\\u1312-\\u1315\\u1318-\\u135A\\u135D-\\u135F\\u1369-\\u1371\\u1380-\\u138F\\u13A0-\\u13F5\\u13F8-\\u13FD\\u1401-\\u166C\\u166F-\\u167F\\u1681-\\u169A\\u16A0-\\u16EA\\u16EE-\\u16F8\\u1700-\\u170C\\u170E-\\u1714\\u1720-\\u1734\\u1740-\\u1753\\u1760-\\u176C\\u176E-\\u1770\\u1772\\u1773\\u1780-\\u17D3\\u17D7\\u17DC\\u17DD\\u17E0-\\u17E9\\u180B-\\u180D\\u1810-\\u1819\\u1820-\\u1877\\u1880-\\u18AA\\u18B0-\\u18F5\\u1900-\\u191E\\u1920-\\u192B\\u1930-\\u193B\\u1946-\\u196D\\u1970-\\u1974\\u1980-\\u19AB\\u19B0-\\u19C9\\u19D0-\\u19DA\\u1A00-\\u1A1B\\u1A20-\\u1A5E\\u1A60-\\u1A7C\\u1A7F-\\u1A89\\u1A90-\\u1A99\\u1AA7\\u1AB0-\\u1ABD\\u1B00-\\u1B4B\\u1B50-\\u1B59\\u1B6B-\\u1B73\\u1B80-\\u1BF3\\u1C00-\\u1C37\\u1C40-\\u1C49\\u1C4D-\\u1C7D\\u1CD0-\\u1CD2\\u1CD4-\\u1CF6\\u1CF8\\u1CF9\\u1D00-\\u1DF5\\u1DFC-\\u1F15\\u1F18-\\u1F1D\\u1F20-\\u1F45\\u1F48-\\u1F4D\\u1F50-\\u1F57\\u1F59\\u1F5B\\u1F5D\\u1F5F-\\u1F7D\\u1F80-\\u1FB4\\u1FB6-\\u1FBC\\u1FBE\\u1FC2-\\u1FC4\\u1FC6-\\u1FCC\\u1FD0-\\u1FD3\\u1FD6-\\u1FDB\\u1FE0-\\u1FEC\\u1FF2-\\u1FF4\\u1FF6-\\u1FFC\\u200C\\u200D\\u203F\\u2040\\u2054\\u2071\\u207F\\u2090-\\u209C\\u20D0-\\u20DC\\u20E1\\u20E5-\\u20F0\\u2102\\u2107\\u210A-\\u2113\\u2115\\u2118-\\u211D\\u2124\\u2126\\u2128\\u212A-\\u2139\\u213C-\\u213F\\u2145-\\u2149\\u214E\\u2160-\\u2188\\u2C00-\\u2C2E\\u2C30-\\u2C5E\\u2C60-\\u2CE4\\u2CEB-\\u2CF3\\u2D00-\\u2D25\\u2D27\\u2D2D\\u2D30-\\u2D67\\u2D6F\\u2D7F-\\u2D96\\u2DA0-\\u2DA6\\u2DA8-\\u2DAE\\u2DB0-\\u2DB6\\u2DB8-\\u2DBE\\u2DC0-\\u2DC6\\u2DC8-\\u2DCE\\u2DD0-\\u2DD6\\u2DD8-\\u2DDE\\u2DE0-\\u2DFF\\u3005-\\u3007\\u3021-\\u302F\\u3031-\\u3035\\u3038-\\u303C\\u3041-\\u3096\\u3099-\\u309F\\u30A1-\\u30FA\\u30FC-\\u30FF\\u3105-\\u312D\\u3131-\\u318E\\u31A0-\\u31BA\\u31F0-\\u31FF\\u3400-\\u4DB5\\u4E00-\\u9FD5\\uA000-\\uA48C\\uA4D0-\\uA4FD\\uA500-\\uA60C\\uA610-\\uA62B\\uA640-\\uA66F\\uA674-\\uA67D\\uA67F-\\uA6F1\\uA717-\\uA71F\\uA722-\\uA788\\uA78B-\\uA7AD\\uA7B0-\\uA7B7\\uA7F7-\\uA827\\uA840-\\uA873\\uA880-\\uA8C4\\uA8D0-\\uA8D9\\uA8E0-\\uA8F7\\uA8FB\\uA8FD\\uA900-\\uA92D\\uA930-\\uA953\\uA960-\\uA97C\\uA980-\\uA9C0\\uA9CF-\\uA9D9\\uA9E0-\\uA9FE\\uAA00-\\uAA36\\uAA40-\\uAA4D\\uAA50-\\uAA59\\uAA60-\\uAA76\\uAA7A-\\uAAC2\\uAADB-\\uAADD\\uAAE0-\\uAAEF\\uAAF2-\\uAAF6\\uAB01-\\uAB06\\uAB09-\\uAB0E\\uAB11-\\uAB16\\uAB20-\\uAB26\\uAB28-\\uAB2E\\uAB30-\\uAB5A\\uAB5C-\\uAB65\\uAB70-\\uABEA\\uABEC\\uABED\\uABF0-\\uABF9\\uAC00-\\uD7A3\\uD7B0-\\uD7C6\\uD7CB-\\uD7FB\\uF900-\\uFA6D\\uFA70-\\uFAD9\\uFB00-\\uFB06\\uFB13-\\uFB17\\uFB1D-\\uFB28\\uFB2A-\\uFB36\\uFB38-\\uFB3C\\uFB3E\\uFB40\\uFB41\\uFB43\\uFB44\\uFB46-\\uFBB1\\uFBD3-\\uFD3D\\uFD50-\\uFD8F\\uFD92-\\uFDC7\\uFDF0-\\uFDFB\\uFE00-\\uFE0F\\uFE20-\\uFE2F\\uFE33\\uFE34\\uFE4D-\\uFE4F\\uFE70-\\uFE74\\uFE76-\\uFEFC\\uFF10-\\uFF19\\uFF21-\\uFF3A\\uFF3F\\uFF41-\\uFF5A\\uFF66-\\uFFBE\\uFFC2-\\uFFC7\\uFFCA-\\uFFCF\\uFFD2-\\uFFD7\\uFFDA-\\uFFDC]|\\uD800[\\uDC00-\\uDC0B\\uDC0D-\\uDC26\\uDC28-\\uDC3A\\uDC3C\\uDC3D\\uDC3F-\\uDC4D\\uDC50-\\uDC5D\\uDC80-\\uDCFA\\uDD40-\\uDD74\\uDDFD\\uDE80-\\uDE9C\\uDEA0-\\uDED0\\uDEE0\\uDF00-\\uDF1F\\uDF30-\\uDF4A\\uDF50-\\uDF7A\\uDF80-\\uDF9D\\uDFA0-\\uDFC3\\uDFC8-\\uDFCF\\uDFD1-\\uDFD5]|\\uD801[\\uDC00-\\uDC9D\\uDCA0-\\uDCA9\\uDD00-\\uDD27\\uDD30-\\uDD63\\uDE00-\\uDF36\\uDF40-\\uDF55\\uDF60-\\uDF67]|\\uD802[\\uDC00-\\uDC05\\uDC08\\uDC0A-\\uDC35\\uDC37\\uDC38\\uDC3C\\uDC3F-\\uDC55\\uDC60-\\uDC76\\uDC80-\\uDC9E\\uDCE0-\\uDCF2\\uDCF4\\uDCF5\\uDD00-\\uDD15\\uDD20-\\uDD39\\uDD80-\\uDDB7\\uDDBE\\uDDBF\\uDE00-\\uDE03\\uDE05\\uDE06\\uDE0C-\\uDE13\\uDE15-\\uDE17\\uDE19-\\uDE33\\uDE38-\\uDE3A\\uDE3F\\uDE60-\\uDE7C\\uDE80-\\uDE9C\\uDEC0-\\uDEC7\\uDEC9-\\uDEE6\\uDF00-\\uDF35\\uDF40-\\uDF55\\uDF60-\\uDF72\\uDF80-\\uDF91]|\\uD803[\\uDC00-\\uDC48\\uDC80-\\uDCB2\\uDCC0-\\uDCF2]|\\uD804[\\uDC00-\\uDC46\\uDC66-\\uDC6F\\uDC7F-\\uDCBA\\uDCD0-\\uDCE8\\uDCF0-\\uDCF9\\uDD00-\\uDD34\\uDD36-\\uDD3F\\uDD50-\\uDD73\\uDD76\\uDD80-\\uDDC4\\uDDCA-\\uDDCC\\uDDD0-\\uDDDA\\uDDDC\\uDE00-\\uDE11\\uDE13-\\uDE37\\uDE80-\\uDE86\\uDE88\\uDE8A-\\uDE8D\\uDE8F-\\uDE9D\\uDE9F-\\uDEA8\\uDEB0-\\uDEEA\\uDEF0-\\uDEF9\\uDF00-\\uDF03\\uDF05-\\uDF0C\\uDF0F\\uDF10\\uDF13-\\uDF28\\uDF2A-\\uDF30\\uDF32\\uDF33\\uDF35-\\uDF39\\uDF3C-\\uDF44\\uDF47\\uDF48\\uDF4B-\\uDF4D\\uDF50\\uDF57\\uDF5D-\\uDF63\\uDF66-\\uDF6C\\uDF70-\\uDF74]|\\uD805[\\uDC80-\\uDCC5\\uDCC7\\uDCD0-\\uDCD9\\uDD80-\\uDDB5\\uDDB8-\\uDDC0\\uDDD8-\\uDDDD\\uDE00-\\uDE40\\uDE44\\uDE50-\\uDE59\\uDE80-\\uDEB7\\uDEC0-\\uDEC9\\uDF00-\\uDF19\\uDF1D-\\uDF2B\\uDF30-\\uDF39]|\\uD806[\\uDCA0-\\uDCE9\\uDCFF\\uDEC0-\\uDEF8]|\\uD808[\\uDC00-\\uDF99]|\\uD809[\\uDC00-\\uDC6E\\uDC80-\\uDD43]|[\\uD80C\\uD840-\\uD868\\uD86A-\\uD86C\\uD86F-\\uD872][\\uDC00-\\uDFFF]|\\uD80D[\\uDC00-\\uDC2E]|\\uD811[\\uDC00-\\uDE46]|\\uD81A[\\uDC00-\\uDE38\\uDE40-\\uDE5E\\uDE60-\\uDE69\\uDED0-\\uDEED\\uDEF0-\\uDEF4\\uDF00-\\uDF36\\uDF40-\\uDF43\\uDF50-\\uDF59\\uDF63-\\uDF77\\uDF7D-\\uDF8F]|\\uD81B[\\uDF00-\\uDF44\\uDF50-\\uDF7E\\uDF8F-\\uDF9F]|\\uD82C[\\uDC00\\uDC01]|\\uD82F[\\uDC00-\\uDC6A\\uDC70-\\uDC7C\\uDC80-\\uDC88\\uDC90-\\uDC99\\uDC9D\\uDC9E]|\\uD834[\\uDD65-\\uDD69\\uDD6D-\\uDD72\\uDD7B-\\uDD82\\uDD85-\\uDD8B\\uDDAA-\\uDDAD\\uDE42-\\uDE44]|\\uD835[\\uDC00-\\uDC54\\uDC56-\\uDC9C\\uDC9E\\uDC9F\\uDCA2\\uDCA5\\uDCA6\\uDCA9-\\uDCAC\\uDCAE-\\uDCB9\\uDCBB\\uDCBD-\\uDCC3\\uDCC5-\\uDD05\\uDD07-\\uDD0A\\uDD0D-\\uDD14\\uDD16-\\uDD1C\\uDD1E-\\uDD39\\uDD3B-\\uDD3E\\uDD40-\\uDD44\\uDD46\\uDD4A-\\uDD50\\uDD52-\\uDEA5\\uDEA8-\\uDEC0\\uDEC2-\\uDEDA\\uDEDC-\\uDEFA\\uDEFC-\\uDF14\\uDF16-\\uDF34\\uDF36-\\uDF4E\\uDF50-\\uDF6E\\uDF70-\\uDF88\\uDF8A-\\uDFA8\\uDFAA-\\uDFC2\\uDFC4-\\uDFCB\\uDFCE-\\uDFFF]|\\uD836[\\uDE00-\\uDE36\\uDE3B-\\uDE6C\\uDE75\\uDE84\\uDE9B-\\uDE9F\\uDEA1-\\uDEAF]|\\uD83A[\\uDC00-\\uDCC4\\uDCD0-\\uDCD6]|\\uD83B[\\uDE00-\\uDE03\\uDE05-\\uDE1F\\uDE21\\uDE22\\uDE24\\uDE27\\uDE29-\\uDE32\\uDE34-\\uDE37\\uDE39\\uDE3B\\uDE42\\uDE47\\uDE49\\uDE4B\\uDE4D-\\uDE4F\\uDE51\\uDE52\\uDE54\\uDE57\\uDE59\\uDE5B\\uDE5D\\uDE5F\\uDE61\\uDE62\\uDE64\\uDE67-\\uDE6A\\uDE6C-\\uDE72\\uDE74-\\uDE77\\uDE79-\\uDE7C\\uDE7E\\uDE80-\\uDE89\\uDE8B-\\uDE9B\\uDEA1-\\uDEA3\\uDEA5-\\uDEA9\\uDEAB-\\uDEBB]|\\uD869[\\uDC00-\\uDED6\\uDF00-\\uDFFF]|\\uD86D[\\uDC00-\\uDF34\\uDF40-\\uDFFF]|\\uD86E[\\uDC00-\\uDC1D\\uDC20-\\uDFFF]|\\uD873[\\uDC00-\\uDEA1]|\\uD87E[\\uDC00-\\uDE1D]|\\uDB40[\\uDD00-\\uDDEF]$
Which component
q=\\d*\\.*\\d
PRIVMSG #test :bob_fred!!\\? dude
hicoree
Deleted Stream:
Hash algorithm mismatch in armor header and signature
'unsafe-inline'
Unexpected string \"bar\" on line 1\\.
__webpack_require__
rax-scripts
DirectorJobRunner: \\[external-cpi\\] \\[cpi-
Maps
#tablecolumndbtypes
\\. \nin
\u00e3\u0081\u0084\u00e3\u0081\u009f\u00e3\u0081\u00b0\u00e3\u0081\u0097
\\(-LRB- \\(\\)
Unable to locate transaction
emboss
Statistics
can't remove root document
\\\\\\^\\{c\\}
Set option: remain-on-exit \\-\\> on
Must use a valid SID::Principal
'OPTIONS'
_handleEnterKey
'x' and 'y' lengths differ
\\|\\s*b\\s*\\|\\s*1\\s*\\|
sap\\/ui\\/test\\/starter\\/runTest
\u00e0\u00aa\u0099
Element \u201chead\u201d is missing a required instance of child element \u201ctitle\u201d
Crosswalk
default value
undefined method `closed\\?' for nil
1 is not a PostCSS plugin
Requested opening file in a too permissive mode
\\bcc\\b
all_est
s3 key doesn't look right
WARN Watir message
%_B
XXPASSWORDXX
No gems found
connection_type
\\bOf\\b
unsupported type \"bar\"
package_settings must be a Hash, not Symbol
Your discussion has been posted successfully
__:\\?__\\]
__CONSTANT__
expects at most 4 positional arguments but got 5
<i>Slang<\\/i>
_timer_
require input option
Failed to run cfn-lint
form-
PRODUCTION_ONLY
WepayRails
-MD
hommingberg
a\\ss\\si\\sa\\sn
GroupingTypeError:
CDATA\\[Error: it crapped out
scr
htpasswd
OS 
'study_uid'
a is {\"b\":{\"c\":{\"d\":{\"e\":{\"f\":{\"g\":1}}}}}}
\\- 
My other label
ID='
SIGNATURE
-Dsolr\\.solr\\.home=/var/solr
__CLASS__
\\| index \\| name \\| version \\| product_key \\| language \\|
\\.js\\.map
\\\\cyrchar\\\\CYRH 
keyword><function>language<
readdir\\(
method_missing'
can not be used as an Enum value
vimdir_path = \"
unifi_devices{site=\"Default\"} 2
\"UTF-8\"
progress_info
svg
contains no units
WWW::Link
demo-plugin
Deleted study
\\bhoje a noite\\b
RuntimeError: Middleware is broken
error id=0 msg=ok\n
}}}
--insight
Index \"4\" is out of bound
error - Failed at the x@1\\.2\\.3 start script 'wharble-garble-blorst'\\.
Fdx
not adding a transientMap
\\x{062A}
assertlib
Hello Zack
View Selected
:\\u{3042}
LF
Module::Build::Compat
checking module metadata style \\(metadata\\.json\\)
--sbin-path=
Invalid semver version
invalid regex
<rb>
:owner_class\\b
failures=\"0\"
font
<link rel=\"alternate\" type=\"application\\/rss\\+xml\" title=\"Ghost\" href=\"http:\\/\\/localhost:65530\\/rss\\/\" \\/>
\\x{1085}
can't set curl before ready
SELECT 1 FROM dummy 
epic
myClass
gzip compressed
would exceed max
type=template
unknwon enumerated value
index\\.less
app\\-user:\\[
Luna
secondary
IceCat
flow:
alias value
W: -1 in u8 command is negative
style\\.css
VPC
Instance group 'fake-errand-name' is not an errand
No solution was found for \"anything\"
return value of type String\\[\\] was expected
MIME
x is not defined
SharedAccessSignature
example_helper\\.rb
option sameSite is invalid
Cannot invoke toString on a Matrix interface
Unsupported function \"_test\" with arguments \"\\[\\]\"
expected not to render \\\"template_name\\\", but did
    test-feature - it is very long and goes on for at least 80 characters, its\n    super long yo, so long, very long\\. doesnt get much longer than this\\. this is\n    not a good commit message\\.
Unexpected closing square bracket on line 3\\.
BF_ENC
DOUBLE\\b
\"authorization\" URL must be specified
\"{{ color-12 }}\"
'bin_image'
Signal 2 received, terminating
x-pagination-
free\\(\\)
t\\.co
\\{url\\}
\u00b6\u00df
\\. IN KEY 
Started container with id
<player>
DMunnamed
LG
No such file or directory - foobar
countryCode
Required arguments :user missing
echo 
could not find an object
\\bdeclare\\s
\\\\ElsevierGlyph\\{E215\\}
nichrome
isz
\\(postgres_group:shard2\\)
a-b
def title_text_field
_48px\\.svg
@title
gridLinesY
OpaqueRef:
\n   AND 
\\x{0641}\\x{0651}
\\x{0644}
connectOptions not specified
Validation Error
Your build settings specify a provisioning profile with the UUID
\"tests\":
%ycenter%
'invalid' is not a valid component of 'OutputVariable'
_#_&#64;_#_
%und
PRECONDITION_FAILED
requires
setprotoent\\(
\\\"id\\\":null
SVGPan library
spec\\/applications
\\/get_info
openebs_actual_used 4
Skipping `
but pattern
\\%3
simple dispatch test
SIZ1
Initialized empty Git repository
\\[SEQUEST\\]
params\\[:user_input2\\]
failure
\\@task_active\\@
::MF
\\bWTFPL\\b
Please specify --data or -d only once
<title>\\s*Internet Archive Wayback Machine\\s*</title>
Attribute\\.
\\\\Elzrtll 
kill: illegal process id: kill
a href\\=\"\\/
blip
red bold
Float64
\"InvoiceReference\":\"orderid1\"
SELECT name FROM authors WHERE 1\\+1 = 3
File for upload not found
server was stopped
 -akzv --stats --progress 
path=\\/test\\/path
Foo content is: <h5>this is content for foo!</h5>
Unexpected \"\\/\"
ems
angular-bootstrap
\u05dc\u05d9\u05dc\u05d4
<\\/figure><\\/p>
\\/tag\\.json
stash->get
/mapper/
prebuild
endEvent
Expected UInt31
_updateFlagFromNumber
3 arguments given, 2 expected
test_server
\"title\":\"testing update\"
no match here
<link rel=\"canonical\" href=\"http:\\/\\/localhost:65530\\/featured\\/\" \\/>
                                  so you can have really long descriptions\n                                  And another line
evaluations
Sent mail to system@test\\.lindsaar\\.net
Foo!
\\blinux\\b
Cannot specify \\\"options\\.defaultIntegration\\\" since Lambda integration is automatically defined
restore
SampleForTesting
Java
&lt;=
123ms
\"name\"
options\\.rule
Currently not available\\. Try again later\\.
invalid@
Duplicate declaration for rule 'foo' in grammar 'G2' \\(originally declared in 'G1'\\)
No module named jedi
Volume UUID: 
_double em tags_
_by
ae
Target State: \\{:package=>\"php\", :manager=>\"gem\", :value=>\"c\", :ensure=>\"present\"\\}
vanilla
requireChangeReason
DYNAMIC\\b
##open##
return Handlebars\\.partials\\['empty'\\]
c expect ArrayOf\\(String\\) got /a/
checked=\"checked\"
initiation codon
\\\\ding\\{221\\}
Error: Panic!
Thread::Semaphore::
Waiting 5 seconds for process 
add_column :audits, :association_type, :string
ERR_MISSING_ARGS
PDL
intercept
no business network
application\\/x-mmc\\.
\\.flac
Java Project
react-redux-firebase\\/es
\\\\NotGreaterGreater 
\\ds
asmdom::h\\(u8\"span\"\\)
sdadsad
E11000 duplicate key error
ReferenceError: 
@-webkit-keyframes
voila
varchar
#OUTPUT AREA
ITERATOR
really want to quit
dotfiles
Don\\'t know how to build task \\'testt\\'
<saml:Issuer
ml=\\`git log -1 --pretty=format:%H\\`
Member
_landau_
UniProtKB=
dependency is an expression
mt-test
rel\\slink\\schecker
never match
\u00ef\u00bc\u009e
did not contain a required property of 'source_observable_s' in schema
spl=en-GB
NS_ERROR_FILE_UNRECOGNIZED_PATH
%name\\.camelCased%
0\\.10\\.
\\<img
-u deploy_user kill -s QUIT `cat 999`;
<list of options>
\\G \\)
200\\d
3\\s/2008/11/21/nested/
data-alchemy-overlay
Data::Sofu::
The `params\\.auth\\.key` option is required
safari
type=\"datetime\"
puffin
__LOC__
%roleName%
karma-firefox-launcher
\\bapache\\b
spec\\/unit
!LITERAL\"
INNER JOIN taggable_models ON
class User < ActiveRecord::Base\n  rolify\n
 \\(ucred\\)
<h2>Header</h2>\n<div class=\\\"highlight\\\"><pre><span class=\\\"nb\\\">puts</span> <span class=\\\"s1\\\">&#39;hello world&#39;</span>\n</pre>\n</div>\n
\"_id\":\"org\\.couchdb\\.user:npm_oauth_auth_dummy_user\"
rake_test_loader\\.rb
Echo
\\${publisherDisplayName}
create issue
YYACCEPT
\\[\\[toCategory\\]\\]
metadata\\[email\\]=foo\\%40wonderfullyfakedomain\\.com
RulesPerSecurityGroupLimitExceeded
sg-
\\.premium-example \\{
Good signature
_YCOL
db/seeds\\.rb
[*][)]\\/h
WithBankUsing
execute procedure logidze_logger\\(null, 'updated_at'\\);
Unexpected end of expression
--profile=watir
Unable to find JS config at \"\\.\\/config-that-does-exist\"
dataType was 12; expected one of
\\Gteatime\\b
color
Orbitrap
panic
Female
send_message
This is the test file content
\u3042{0}\\p{foobarbaz}
%age%
5 tests
error foo\n
\\bcsv-geo-
\"metaData\":
\\:class
vport_ops
openebs_size_of_volume
\\\\begin{description}
Something Boring
<FIELD KEY=\"operation_type\">sale<\\/FIELD>
invalidPlacement
{controllerName}
targetwithdetails
New value must be an array
&quot;\\(function\\)&quot;
vagrantfile
envelope
Invalid state :maybe
Packets recevied
pre_
end_time
\\[0\\;3\\dm
First argument must not be a function
BEGIN PGP MESSAGE
ensembltogene
just a comment
application\\/xtm\\+xml
\\/jutebase\\/test
CheckHttp CRITICAL: 404
sqlite:///
preserved
\\.\\/percy-stub
totalBusy
 cia\\.
protected static final String\\[\\] yyNames = \\{
account, user\\.rb
\\bSkipNaN\\b
Error occurred in afterAll
34jf3
data:,
%05
RTIEL
unifi_devices_wired_received_packets_total{id=\"123\",mac=\"ab:ad:1d:ea:ab:ad\",name=\"OneTwoThree\",site=\"Default\"} 2
\\\\=
capi
reserved
PROJECT
create_schema \"latest\"
promise rejected
Do you have `sox' installed\\?
nonce=\"abc\"
%%LEVEL%%
\\\\u002F
Referential integrity constraint violation
expected no Exception, got #<RuntimeError: example message>
hook_content
\"name\": \"my-app\"
port should be number, but got null
<description><!\\[CDATA\\[<h1>HTML Ipsum Presents<\\/h1>
\\<template name=\\\"dogsView\\\"\\>
Create a foo
>\\s,\\s<
coisas
lazy-module\\.js
db:
QEMU Virtual CPU
id=\"pnnext\"
Could not find resource 'Class\\[Baz\\]' in parameter 'require'
\\\\RightDownTeeVector 
rss\\smenu
Cannot compile node of unknown type \"foo\"
VM must be running to execute this command
DATAFIELD
Notification
ruby-debug-ide
Pipe with name 'randomPipeName' not found!
The Label Text
Zen Cart
already running
a maximum number of global secondary index per table is 5
Invalid target
CONSTRAINT_TYPE
XYZ
__START__
\\.jpeg
Export \"a\" with i64 as parameter can only be used for direct wasm to wasm dependencies
&zwnj;
MapServer
functions
Cannot overwrite `A` model
tr
core\\:confirm
0x122bd1a75ae8c741f7e2ab0a28bd30b8dbb1a67e
with SSL support
\u00e1\u008d\u00bb\u00e1\u008d\u00bc
{{name}}
AbiLogicBot
transform-runtime
Constant
pw
Windows Server
OK\\r\n
test2: not started
Expected at least 1 element matching \\\"#4\\\", found 0\\.
'app': '\\/css\\/app\\.css',
koepabot
feed:\\/\\/
`foo'
Cannot read property
envelopeder
SeznamBot\\/
<title>Error - 500<\\/title>
OrderBy not supported
<h1 id=\"right-arrow\">&gt; right &gt; arrow &gt;<\\/h1>
root to:
[ ]*\\*/
\\buse slot\\b
bar-
data-method=\"delete\"
foo\\\\b/
presentation
must provide block to `with_visitor`
<cardNumber>XXXX4242</cardNumber>
Expected configuration value apiKey to be defined for provider named test
TELEMETRY
\\[WARN\\]
You must pass an array of transformations for `using` option
too many requests
disabled old_password
[*][(]\\/o
create empty xmlnode
paravirtualized kernel on vmi
orders
class=\"internal absent\"
Microsoft Visual Studio 12
Fake_context
\\.webfont-avatar
new column
9:59pm
\\\\'Y
Error Topic Count
<\\/dperl>
\\#ffff00
class Iguchi::IntegrationTest < ActionDispatch::IntegrationTest
min_successful_submissions \\(3\\) must be less than or equal to
Specified object should be an Object or Array
Settings
render engine not exists: xml
export default _default;
\\^\\s*{{
class=\\'bighead\\'
edit GET
\\bOpera\\b
invalid format: foo
dot11
pub
page=117146&id=King-of-the-dot&page=
\\bambiguous\\b
THISMONTH
-l 22
