input type='button'
sub123
Could not produce a diff
The given order is updated
firstlist
invalid trait definition, it must be a map
yandexbot
requires `:attributes`
called with unexpected arguments \\(\"foo\"\\)
with alias
status_code\\.200:\\d\\|c
autosave_documents
class=\"loweralpha\"
\\$SetOutputScalarTypeTo\\{\\$vtkType\\}
\"markstory/asset_compress\"\\s*\\:\\s*\"dev-master\"
This is a custom fact in 
I press add
tag_ID
<title>R2D2</title>
'scanf' expects 2 arguments, got 1
TypeError: Invalid input, two numbers expected
/help
\\\\ding\\{231\\}
script-src \\'self\\'
format_string_error
:1
\\b__filename\\b
@angular\\/cli
Sep 01, 2009 12:30:00
20\\d
Invalid method options \\(user\\)
 Du 
%APP_NAME%
wicz
C1274021
\u00e3\u0081\u00a1\u00e3\u0082\u0085\u00e3\u0081\u0086\u00e3\u0081\u008a\u00e3\u0081\u0086
\\brequired\\b
mockkey1 \\(type: ssh-rsa\\)
Expected a String for foo
\\bchxt=r\\b
60
\\ts-jest\\b
init: not set
prune
\n  - item wbb \n
RecordNo>RecordNumberRequested
error while trying to read
Pair: Must provide a first and second value
<pre>Internal Server Error<\\/pre>
create_table :monsters, id: :uuid do
//timeline//
<title>Dummy<\\/title>
100
RENAME TABLE
has an invalid \"id\" operator within \"nodeUnionRefList\\.every\"
IGNORED
Nterm_protein
mcollective%252FOL%253Dmcollective
\\/ignore
OK \\(1 test, 1 assertion\\)
:external
commits behind origin
pandoc: unrecognized option `--escape-html
SOURCE_NAME
ArgumentError
must include publication, publication name, publication language, title, and publication_date for news
ORDER BY id desc
Event
AUTHORIZED
\\/\\-
\\x{d}
\\bcolumn1\\b
kontena-cli 
sentry-raven
pv=1
found \"D\" following segment identifier
Forced exception
\\/\\*
To force yes use -y
Subject: Welcome Aboard
LongJob
<title>lush - Luyat shell</title>
Right
\\\\textbackslash\\\\\\{\\\\\\}
Property already used: \\'tokenTTL\\'
Please enter a
\\\\cyrchar\\\\cyrotld 
RIPng
FIXME
\\ssimple\\-page\\-type
Error: ENOENT: no such file or directory
no certificate matches fingerprint
\\\\ham{I}
\\bmath\\(
Statements of purpose
Expected valid crop id\\/name\\/strategy for crop but received zoinks of type string
MPlayer
Logout
mi-one
e2011457-1546-43c5-a5fe-008deee3d3f0
\"BAM\" failed for path arr
malcolm
cvd_indicator>
4\\.0\\.0
[*][)]=w[|]
datatype><normal> };<
mysqli
Document must have an object or array at root
<BadBool>false</BadBool>
setType\\(NullLiteral\\)
inner
Too many arguments for open
</object>
more information
test_analysis
userattributes
Expected service not-present to be registered
</html>
Elsa\u00df
name must only include alphanumeric, underscore, period, or hyphen characters
var google_conversion_id = 123456;
<link rel=\"canonical\" href=\"http:\\/\\/localhost:65530\\/page\\/2\\/\" \\/>
\\s*\\=\\s*
the cucumber page
duckduckgo
6  fff
Randomized\\ with\\ seed\\ 
No jobs matched the query
divided by 0
::Long
<TransactionPhase>Initialisation</TransactionPhase>
oregano
Starting migration
invalid enum value
Pro
controller `next` should not use next as argument from file
test delete message
/ExtGState
monoxy
Query Error: Unknown value_type: BLAH
200ms
The initial state specified does not exist in the states object
ParserDetails[.]ini
!= 
\u00e1\u00bf\u00a2
ES5 not supported
OSF
TextView
picture
URL endpoint
\\btenth\\b
0 problems
Tablet
the homepage
WRB
Bitcoin address is not a mainnet address
UNRELEASED -
Invalid response received from the PagoFacil API
Test\\/Unit
ows:
= NULL
Yikes
route '\\/test' did not match
\\bpdf\\b
--George
_mmaModLabel
value:test is not a valid number
TIMESTAMP
SQLException: Database 'newDB1' not found
unequal lengths
AAAC
 SVM
<pre><code>one\ntwo\nthree\nfour\n<\\/code><\\/pre>\n
BadNoValidCertificates
\\@account\\@
\n*<p>\n*
a maximum number of local secondary index per table is 5
I've prepared the Rakefile
ADAPI
:month
Half-duplex
AAAE
create_table \"legacy_primary_keys\", id: :bigint, default: nil
generated_by_
SIGINT not received
standards
-hello-
imageurl:'
The remove all functionality of removeListener and removeObserver has been deprecated
\\.sciurius\\.nl
main\\.css\\.less
otter
ThisFileShouldNotExist
\\-\\-
quirkey
\\bdnf\\b
code: `
-Uuseperlio\\b
nodemodule\\.js
ubuntu@
Joined on 
interaction session not found
as_user_id=2
NumberFormatException
<REMOVE_MARK>
functions\\/native
renaming as SingleWord_10444
localhost => succeeded
\\\">
class=\"mw-parser-output\"
MSDOS
reference to unresolved type 'NoneSuch'
\\bLongDouble_t\\b
\"name\": \"tradecore\"
KICK
Assignment bucket
dbi
\u00f3\u00c3\u00c8
##ArchiveDate
missing required positional argument inputFile
&#x5C;
captures
Element not found when calling `blur\\('#foo-bar-baz-not-here-ever-bye-bye'\\)`
ids
leaveFast
\\*\\]
t\\.citext \"cival\"
cannot contain spaces
value parameter is missing
not a spy
Token token=\"
#namespace
weeknd
no :other_content content to load
300: The external ID provided
&Uuml;
Unexpected character \\[}\\] at column 0:19
unable to complete migration:
input type=\"hidden\" name=\"error\" value=\"login_required\"
failed: 404
Compiled with warnings
ruby_wrapper\\.rb
\\0403
here without what
--gae
:cast must be
BSD\\/386
single numItems validator
Coolbeans
roar
reload
\"headline\": \"Welcome to Ghost &quot;test&quot;\"
Minimal metadata extractor
BAR-DE
bad username or password
\"name\":\"Hello World\"
--theta
OMIM
Required arguments :usergroup missing
Up\\=None
size mismatches: some/prefix/0000_part_00 \\(4 != 3\\), some/prefix/0002_part_00 \\(4 != 7\\)
weibo
Devel::Cover
#SELF#
failed to create neural network
Unknown operatingsystem support
js\\:
ios81
`node_modules` not allowed
Cannot destructure property
I'm stopping module 'mod-example'
##Build Here##
self\\.methods: 
{{hour}}
otege
back
\\\\upuparrows 
Approach must be a string: \\[curb, unrestricted\\] or null
!INTEGERS!
Failed to delete
_baidu_bookmark_start
filename: The filename in which to record the command history is 'hist_file\\.txt'
\\\\lessgtr 
test_dir\\/box\\.rb
window
bin\\/
particularly
Internet Mail Service
Script execution timed out
\\\\asymp 
WARN: Unknown port name given: MYPORT
RAILS
\\d0
The list of sources changed
wontomedia_test
ATTACH PARTITION
maroon01
SomethingElse
Invalid payload size
must begin with 'https'
export var
Missing \"txId\" parameter in the proposal request
First argument must be a window handle string
\\[ 
\"delete\": \"delete\"
GET #edit
\\x66\\x31\\xc0
\\bcov_\\B
SQLasedAddrList
%meta{itemprop: 'position', content: i}
test_endpoint
Unknown filetype
\\\"iTotalRecords\\\":2
PodNikeKit
\\/\\.\\/
\\\\arrowwaveright 
\"image\\\"
<%= render 'layouts\\/navigation_links' %>
regex literal in condition
\\{support\\}
NameError
##teamcity\\[testFinished name='phantomjs - it handles failures']
Using cache
E\u266f
classNameBindings must be non-empty strings
~~NOTOC~~
<table>
Gene:Dmel_
\\[native code\\]\n
NUM
responses: {
return \"someValue\"
spec\\/selenium\\/
Second parameter in function diag must be an integer
DOID
navigation_
\uff8c\uff9f\uff9b\uff8c\uff68\uff70\uff99
Native API not available in web runtime
Nope
\\} \\}
MSWin
application\\/x-htpl
@c=t
`component_1`
has an invalid \"lte\" operator within \"reqEnum\"
LogGroup
got 1, need at least 2
\"modernizr\"
dataUri
Fog::DNS::Google
user_count may only be requested for presence channels
\\.rvm
Overwrite
all,
\u00e1\u00bd\u008b
puppet
missing the comments array
--tslint
\\u1eb9\\u0300
ana
<span class=\"unnumbered-paper\">\\s*Unnumbered act paper\\s*</span>
#MEM_SIZE#
-o
Libraries
stockfish\\.wasm
omit version 3
3: \\[Fortitude::Tags::RenderWidgetPlaceholder/:_fortitude_render_widget_placeholder\\]
script1-ce78a5c3\\.js
Filter does not exist
\"int\" at: \\[\"a\"\\]\\[\"b\"\\]\\[\"c\"\\]
Information line
black\\shole
sin\\(
<pd><\\/pd>
the AsciiDoc source
Lord of Wa\\d
expects between 3 and 5 arguments, got 6
weight expects an element
Obligations
CommunicationFault
\u00ea\u00d5
Gem not found: name=with_steep_types123, version=
statementNarrative2=product
san\\s*=\\s*require\\(
empty array
imagesql=
qunit\\/test\\/path8
Test Booster v
request\\.async
\\\\\\]
sausages
PARALLEL
SSSS
indows
credit card number not allowed in demo mode
INSTALL_FAILED_VERSION_DOWNGRADE
coffeelint
throttl
ELLIPSIS_END
Invalid string value
You do not have the SUPER privilege and binary logging is enabled
\u00cf\u0088
full or part-time
Item_
Nutch
layout-column_
tests pass locally
commonjs-proxy:
\\(\\) 
argument str must be a string
It's working
ArgumentsError
BayStack450
only application\\/x-www-form-urlencoded content-type bodies are supported on POST \\/auth
Invalid remove range diff op: Key out of range: NaN
Invalid XML
class Admin::UserInviteJobTest < ActiveJob::TestCase
aws_security_token
\\.solo
ds is a read-only property
\\%ymd\\%
EventSource
ReportHtml2pdf
Dissertation
\\\\rightangle 
Map\\s*?\\{.*?}
snap 1\nsnap 2\nsnap 3\n
posts_new
\\bapt-get\\b
http \\{
<div class=\"gmail_quote\">
Be a part of React Cosmos
Could not find a directory environment named 'doesnotexist'
\\.\\.\\/\\.\\.\\/
option path is invalid
HELP_developer
\\\\textquestiondown 
\"changed\":true
\\B!important\\b
\\bltr\\b
\\[\\[NAME_UC\\]\\]
unterminated string
\\s*\\)\\s*,\\s*\\(\\s*
@@index
                                 so you can have really long descriptions\n                                 And another line
\u00d7\u0094\u00d7\u0091\u00d7\u0090\u00d7\u0099\u00d7\u009d
<js>
licherweise haben Sie eine Seite zu schn
is-holiday
{{dom}}
\n ====
/var/log/appscale
called\\ with\\ a\\ String\\ or\\ Beaker
Must override method
test_password3
oauth_signature=\"DprU1bdbNdJQ40UhD4n7wRR9jts%3D\"
password is required
frame=
:hover
__MAXITEMS__
post users_url, params: \\{ user: \\{  \\} \\}
\\bfulliframe\\b
arch
DDE is not initialized
sample
/api/scheduled_reports
\\\\Koppa 
\\{seq_num\\}
incoming legs
\\/main\\.js
a\\Hc
Everything is terrible!
\\@ServerRoot@
if-I-was-a-bit
token=undefined
 UDP\\/TLS\\/RTP\\/SAVP
n\t\t}n\t\tn\t\t
Aws
QT_STATIC_CONST
Transfer aborted: SQL PREPARE\\/DESCRIBE failure
Could not initialize KVM
scratch
Error: Cannot convert \"foo\" to Fraction
references are not pointing back
id=\"c89ca970ba19a4174d332aa8cfbd0c42\"
Unknown YAML tag '
\\p{LOE}
'Hiya from javascript'
vor
-init_logging
02-19-08_1709\\.jpg
Expected start 1 to be less than final 0
\\(line 2, column 5\\)
my custom error
\ngithub 'user\\/repo' do\n  gem 'foo'\n  gem 'bar'\n  gem 'baz'\nend
\u00e3\u0083\u00a2\u00e3\u0083\u008e\u00e3\u0082\u00af\u00e3\u0083\u00ad
Cannot parse config file
post_status=trash
\\bIO\\b
\"FirstName\":\"Jim Awesome\"
benchmark runOptions requires iterations and limit properties
In order to form an extended quote
RS_IP\\d_NAME
\\\\textparagraph 
<h:ul
\\\\cyrchar\\\\cyrkvcrs 
@cleanValue
\\\"tooltip\\\": { \\\"enabled\\\": true,\\\"formatter\\\"
width=\"650\" height=\"658\"
Nginx config file
Could not set conditions
big\\sbrother
Maximum shard size
\\\\DownRightVectorBar 
keystroke \"p\" using {option down, command down}
rails aborted!
Possible EventEmitter memory leak detected
&thetasym;
\\/css\\/style-1d87bebe-c4092d8d\\.css
is an experimental feature
Skipping heartbeat check for broker
\\? super 
The data-domain attribute is required for
\\\\mathscr\\{I\\}
#SERVER#
es6
content\\-type
<body>\n    <%= yield %>\n  </body>
jruby-complete
invalid frequency
using puppet 
QNAN
\\.gemspec
playlist=21Lk4YiASMo
Incorrect number of fields in example table
with-headers
%TZ_PREFIX%
Lib
add_column :books, :user_id, :integer
BISONPRE_NOT
\\x{91}
stats\\-
password \"password\"
prototype\\.js
M!
pozdro600
Unexpected token '
URL=
<&CODE>
dir2
Can not found package match notexistpackage
Invalid chmod format:
<li>AllPagesMacroPage
d-m-y
_FIELDS_TYPE_
\\(\\. 
<qmregex>
unknown encoding name - test_ruby_test_rubyoptions_foobarbazqux \\(RuntimeError\\)
username test privilege 8 nopassword
Bootstrap: Hello, stdout
/kernel
Cannot invoke resize on a Matrix interface
<zoom>
\"{{ color-7 }}\"
with hidden ancestor
\\/usr\\/www\\/wap
statusMessage
\\\\hspace\\{1em\\}
unparsable content <definitions> detected
Dolphin\\/INT
BugsnagReactNative
\\bwd\\b
\\\\ding\\{121\\}
module User::Authentication
\\/login\\/login
label\\s*=\\s*\"Right justified label\\\\r\"
\\.c-color
UT
Cert store already contains this certificate
:binary:
the new post page
Conflict between `vhd_containers`
invalid hex escape
uninstalled
\\\\frac
MMMM
redis
Tg\\(
promap: Function or Profunctor required for third argument
Expected uri to be a string
pagedata_citylist
Moe
bgp enforce-first-as disable
0\\.17
# base64 encoded \"openshiftpaas\"
The first argument must be an array
You're instantiating a tag that has a tagIds of 2, but some of those records don't exist in the database
have not been called at the third time with
password not available
Allowed operators are: \"clear\"\\.
Column number out of range \\(column 4 requested, but the length of line 3 is 4\\)\\.
jruby
<a href=\\\\\"#
remove_column :bars, :flew, :string
delete from \"users\"
Expected an array argument for initializer
Aaron
CHECK: INST HEALTH_STATUS ARY2\\[1\\] was within range
Attempted update of unknown file type: octopus
without start_progress
\\*p3
\\(\\+
EXTERNAL CLOCK POWER IS TURNED OFF
\\btext/html\\b
--outdir
SELECT 1;
not appear to be valid
{{shape}}
song_name
is expected to be a Date and is not
plus\\.google\\.com
1\\/2dim
version: next
\\{part\\}
\\? extends
-END CERTIFICATE-
script>'\\)<\\/script><\\/body>
Error creating LB Listener Rule: ValidationError
__CODE_TSR__
snrna
dst
\\b Foo::Bar#method_without_doc\\b
\\btimezone_offset\\b
Statistics_
otherAssetMap\\.json
invalid option: -sdkjflksd
object:Puppet::Node::Facts
&trade;
Performed 56 in NestedDemo::TestJobC
does not implement the instance method
api_version
Type for variable 'smurf' is missing; 'type' must be specified
firstToEither: First returning function required for second argument
hessian readString error, unexpect string code: 0x72
Misconfigured substitute for
acc
must implement #broadcast
module RootPresenter
\u00e1\u00bc\u0080
'collection-view'
RESTART
intervenor dft\\b
TEST_VAR
the site is up
top\\.WINDOW
\\bnoautolearn\\b
\"\\/discovered_hosts\"
>YARD</a>
response-error
failed to start
<option value=\"03\" selected=\"selected\">03<\\/option>
::__ASP_
__instance__
/routes
\\~startperl\\~
substring\\(
previous definition of
5 weeks
there is no resource type named invalidType
sample\\s
dateJoined - can't be blank
existence test error
\\(irb_local_binding\\)
<CODE>
highperformance
Invalid Account Number
descartes
\u05d9\u05d4
backslash
\\\\'\\{\\$\\\\alpha\\$\\}
class AdminUser < ActiveRecord::Base
\"ProvidePlugin\": {\n
select \"someView\"\\.\\* from \"someView\" where \"someView\"\\.\"id\" = 1
please ensure there's a single source of configuration
\\${HSPSCORE}
Starting '
CreateYummy::Bacon
alpha
\\.xml
!=\\s
Warning at time
unplanned
raffic
Malformed quality factor
Randomized with seed
<saml:AuthnContextClassRef>secure\\/name\\/password\\/uri<\\/saml:AuthnContextClassRef>
[{]index[}]
Could not find valid key packet for encryption
called from
<clTRID>
\"foo\\\nbar\"
ashwinder\\.sycophanthex\\.com
something happened
!!after_enqueue_bar!! \\[7\\, 8\\]
SMB2
:litella
should contain exactly one
you did not provide a valid callback for action
%\\[MODULE\\]%
Primary Options:
/build/lib/
Invalid event pattern '\"Hello\"', expecting an object or an array
cdb=false
merge conflicts
No service for '
Ensemble
 mingw 
image_size
\\s-
\\2LITERAL\\\\1LITERAL\\2
class=\"problem\">stop_id<
class3
is already registered as a variant
FlankMarkers;
<BoolVal>true</BoolVal>
\\/groups
RoutingError
XPOSIX
markdown string
batch
Problem running Snyk
\\\\bumpeq 
norename
public\\.mac_keys
\\\\'\\{U\\}
  gem 'guard'
401 Authorization Required
\\G%name
global_var
Mollie
Incompatible arguments
\\bfancytree-checkbox\\b
Loop
h[(]=[|]
\\/wfs
CIPP-TIMEOUT
<source>Diese Nachricht ist <pc
\\\not<
definition is not found
add_column :books, :title, :string
\\bshallow_copy\\b
XMLHttpRequest
Using wolkenkit as shared key
must respond to `configuration`
\\p{Script=Latn}+
\\bui-listview-item-divider\\b
currency code
Both sources and destinations need to be specified
extra button clicked
\"description\": \"all about our blog\"
I stop recording a macro
\\p{Grapheme_Base}
ConfigReply
prev
patch user_url\\(@user\\), params: \\{ user: \\{ age: @user\\.age, name: @user\\.name, organization_id: @user\\.organization_id, organization_type: @user\\.organization_type \\} \\}, as: :json
audit\\(\\) method
i/o timeout
2 second suite
Bloglines
\\${version}
english
1F33B
platform_principal is required when platform =
Jane Doe
invalid request type
\\/usr\\/lib64\\/R
no failureTitle and should
Parameter \"config\" missing required field \"cryptoSuite\"
included in a subclass of OAuthenticator::SignedRequest
lib/rails_event_store
Resolve-Path
environmemt
Please specify path
SetEnv HTTP_MOD_REWRITE No
\\%i\\%
jis
Key not found in database \\[\\/version\\]
schema\\.js
%worlds%
size=250
no_test_builder
from command line
<div class=\"vtitle\">
\\\\cyrchar\\\\cyrtshe 
CAPENV_
Chile
2012-11-14T21:16
Generated @
lower-alpha
00000000
Bucket IHAB throttle limit
#DC3522
\\\\cdot 
You must supply 62 characters
LAME
logLevel must be one of
Syntax error at '='
Something went wrong when installing
Event not found: 0
ldap
features html
`event` is required
\\G&\"
Lizard finished with errors
RELA
<rpEndDel/>
'ais-search-box' is not a known element
APP_RAKEFILE
deprecated_application_config,sqerl,db_type
not a file
<ExpM>
content=removefam
\\?v \\.
fnn
mod_perl\\.h
\\\\\\\\/
INSERTDYNAMICEVENLIST
\\.\\.\\/\\.\\.
WINDOWS
-net-
failingOpaTest
DG
<script type=\"text\\/coaster_js_replace\"><\\/script>
If you specify a network administrators card file name, you must specify one for all network administrators
\u9080\u8bf7\u4f60\u52a0\u5165\u7fa4\u804a
Nintendo
SignatureVersion
ceph_monitor_store_log_bytes{cluster=\"ceph\",monitor=\"test-mon04\"} 871605
\\x{063A}\\x{0651}
maxlength=\"115\"
0 discovered hosts were provisioned
<\\/dict>
set=set; HttpOnly
9c
TList
:black
{{moduleType}}
Modelabs
microsoft
@include grid-fluid-offset-x
_GENE_NAME:
neighbor_diary
cannot include with empty filename
disable
Ghost version: 1\\.5\\.0 \\(at ~\\/ghost\\)
Booya
Topic metadata not loaded
\\{\\{price_text_field\\}\\}
\n=> 
\\{\\{\\s*head_content\\s*\\}\\}
no-indent
tag_ids
printTcFilters
Aquarium::PointcutFinderTestClasses::PointcutConstantHolder
invalid_grant
You may not use nested hash
ethtool -g
JS_Execution
</svg>
>Not Found<
version 
Subject:
cancel-external
sundays
Custom::Error
unknown-scope
localhost:
\u09b0\u09be\u09a4
System configuration
firefox
SysListView32
REVISIT
Mysql::Error: Deadlock found
<'\\u0021'
BRICK_HEADINGS_SMALL_COLOR
View this page live
mauve_container
<html class=\"no-js\"
/posts/
<svg><g id=\"G1\" class=\"C1\"/></svg>
delete it first\\.
nul-separated patterns
System\\.registerDynamic\\(\\[\"\\.\\/jquery\\.js\"
Please turn JavaScript on
fatal: could not read
\\bebcCty\\b
\"tabs\"
Revision
e 
Entailment
\\!binary \\|\\-
data-turbolinks-track
The body of a
Credit is not supported
\\/attributes\\/
DevOps Meetup
Must provide an extension or set defaultExtension in manager options
application\\/json
<h2
'\",
\u00e1\u00bc\u0083
<!\\[endif\\]
SPECIAL WEATHER STATEMENT
blockType=page-data
 *\\bempty-line\\b *
foox
crash=\"burn\"
default expression for \\$b tries to illegally access not yet evaluated \\$c
page2
\\+ \\+
string with \\\\\" escaped quote mark
{{\\s*version\\s*}}
Node: 'foo' should be wrapped in sequence
%\\+
normal><normal>}<
Powered by CS\\-Cart
CH
\\x{00c4}
\\%\\%VAR\\%\\%
WARNING: Property beta
Color model 16
webtv
NCSA
inbox\\.lt
Authorization header is blank
\"firm_with_primary_keys_compani\"\\.\"id\"
Couldn't convert whatever you passed
Explosive
MyBackend
\\)    \\d :  
specify a message
/lib/riemann/dash/controller
my\\/lib6\\/library\\.js
createUnit expects first
sr-blockquote
context is: SimpleRc, value 67890
<rs:md capability=\"description\" />
confirmpassword
Expected Something\\.validate to be a undefined \\| function but got string
Ravi Shankar
sqlite3 did not install properly
`wrong'
Not all
must be true or false
features
above_detection_limit
property: 'type\\?' is invalid in a trait
Metadata string value \"\u4e2d\u6587\" contains illegal characters
Resources share same URI
\\%Lastline\\%
\u00cf\u009d
context is: SimpleRc, value 45678
at step 1
leav
Wrong sequence of numerals
<\\/CDNA_SUPPORT>
In ur browser
WWW::MobileCarrierJP::Softbank
__MATCH__
viewcontroller
nounlink
\"description\": \"blog &quot;test&quot; description\"
init terminating
%y\\b
Systemd service has already been set up
MacHado
/\\+
www\\.plentyMarkets\\.
function constructor
ArtifactResolve
vbulletin_
windows ce
Route \\[POST\\]\"\\/foo\\/:foo\\/bar\\/:bar\" needs a parameter \"bar\"\\.
STATUSRETURNTYPEMAP
%mselectInputClass%
The specified user is not a member of this list
SF_FORMAT_
chmod=ug=rwx
attr_accessible :email
- Running post install hooks
\"emp_no\"
-u user@example\\.org:password
does not seem to contain a Cordova platform:
Required arguments :query missing
mutant
<<filename>>
init - Initialize configuration
\\\"status\\\":200
Mozilla/
-F dsym=@\"dsym path\"
expected body to be filtered by id==5, but got
ProtocolException
<preApprovalRequest>
\\dms
__COL__
Processing
sup dude JD Wolk and Pedro Nascimento!
\\browh_
comment cannot be used with count
25 blog posts found
-multiply_definedsuppress
\u00f3\u00c8
\\[\\[ros\\.\\]\\]
no test specified
backtrace_spec
LibXML::Tools
\\&amp;quot;
2\\s/2008/11/21/complex/
not an element
\\firefox\\b
you must specify :value in the :parameter configuration Hash
Available deployers:\n  fog\n  git\n  rsync
MI 
\\.editor
\\bKeep-Alive\\b
No such process
sup dude JD Wolk and jonathan and Nathan
console-filters\\.css
\\bexclude\\b
\\::
} catch {
_OBJSTORE
progress-foo
=>\\s*\\[\n\\s*\\]
templates = foo = foo \\|\\|
PROXY='foo:8080'
system config error
not created for parent:repo
\\/@webcomponents\\/webcomponentsjs\\/
Invalid role name found: must be one of \"peer\", \"member\" or \"admin\", but found
Ethernet
&oacute;
SecretUsenet\\.com
Did not understand roc-package-a - Did you mean roc-package-b
\\};\\}
modelFile not specified
Unable to instantiate translator
XXX
job :2:
\\\\'A
\u00e1\u00bd\u00a8
<HTAB>
\ud83d\ude33
identifying_role_values
Last OS error: No such file or directory
<meta name=\"description\"
<code>\\@count\\s\\=\\s20<\\/code>
Issued at time is too far in the past
%PM2_PATH%
^(?!(?:do|if|in|for|let|new|try|var|case|else|enum|eval|null|this|true|void|with|await|break|catch|class|const|false|super|throw|while|yield|delete|export|import|public|return|static|switch|typeof|default|extends|finally|package|private|continue|debugger|function|arguments|interface|protected|implements|instanceof)$)(?:[\\$A-Z_a-z\\xAA\\xB5\\xBA\\xC0-\\xD6\\xD8-\\xF6\\xF8-\\u02C1\\u02C6-\\u02D1\\u02E0-\\u02E4\\u02EC\\u02EE\\u0370-\\u0374\\u0376\\u0377\\u037A-\\u037D\\u037F\\u0386\\u0388-\\u038A\\u038C\\u038E-\\u03A1\\u03A3-\\u03F5\\u03F7-\\u0481\\u048A-\\u052F\\u0531-\\u0556\\u0559\\u0561-\\u0587\\u05D0-\\u05EA\\u05F0-\\u05F2\\u0620-\\u064A\\u066E\\u066F\\u0671-\\u06D3\\u06D5\\u06E5\\u06E6\\u06EE\\u06EF\\u06FA-\\u06FC\\u06FF\\u0710\\u0712-\\u072F\\u074D-\\u07A5\\u07B1\\u07CA-\\u07EA\\u07F4\\u07F5\\u07FA\\u0800-\\u0815\\u081A\\u0824\\u0828\\u0840-\\u0858\\u08A0-\\u08B4\\u08B6-\\u08BD\\u0904-\\u0939\\u093D\\u0950\\u0958-\\u0961\\u0971-\\u0980\\u0985-\\u098C\\u098F\\u0990\\u0993-\\u09A8\\u09AA-\\u09B0\\u09B2\\u09B6-\\u09B9\\u09BD\\u09CE\\u09DC\\u09DD\\u09DF-\\u09E1\\u09F0\\u09F1\\u0A05-\\u0A0A\\u0A0F\\u0A10\\u0A13-\\u0A28\\u0A2A-\\u0A30\\u0A32\\u0A33\\u0A35\\u0A36\\u0A38\\u0A39\\u0A59-\\u0A5C\\u0A5E\\u0A72-\\u0A74\\u0A85-\\u0A8D\\u0A8F-\\u0A91\\u0A93-\\u0AA8\\u0AAA-\\u0AB0\\u0AB2\\u0AB3\\u0AB5-\\u0AB9\\u0ABD\\u0AD0\\u0AE0\\u0AE1\\u0AF9\\u0B05-\\u0B0C\\u0B0F\\u0B10\\u0B13-\\u0B28\\u0B2A-\\u0B30\\u0B32\\u0B33\\u0B35-\\u0B39\\u0B3D\\u0B5C\\u0B5D\\u0B5F-\\u0B61\\u0B71\\u0B83\\u0B85-\\u0B8A\\u0B8E-\\u0B90\\u0B92-\\u0B95\\u0B99\\u0B9A\\u0B9C\\u0B9E\\u0B9F\\u0BA3\\u0BA4\\u0BA8-\\u0BAA\\u0BAE-\\u0BB9\\u0BD0\\u0C05-\\u0C0C\\u0C0E-\\u0C10\\u0C12-\\u0C28\\u0C2A-\\u0C39\\u0C3D\\u0C58-\\u0C5A\\u0C60\\u0C61\\u0C80\\u0C85-\\u0C8C\\u0C8E-\\u0C90\\u0C92-\\u0CA8\\u0CAA-\\u0CB3\\u0CB5-\\u0CB9\\u0CBD\\u0CDE\\u0CE0\\u0CE1\\u0CF1\\u0CF2\\u0D05-\\u0D0C\\u0D0E-\\u0D10\\u0D12-\\u0D3A\\u0D3D\\u0D4E\\u0D54-\\u0D56\\u0D5F-\\u0D61\\u0D7A-\\u0D7F\\u0D85-\\u0D96\\u0D9A-\\u0DB1\\u0DB3-\\u0DBB\\u0DBD\\u0DC0-\\u0DC6\\u0E01-\\u0E30\\u0E32\\u0E33\\u0E40-\\u0E46\\u0E81\\u0E82\\u0E84\\u0E87\\u0E88\\u0E8A\\u0E8D\\u0E94-\\u0E97\\u0E99-\\u0E9F\\u0EA1-\\u0EA3\\u0EA5\\u0EA7\\u0EAA\\u0EAB\\u0EAD-\\u0EB0\\u0EB2\\u0EB3\\u0EBD\\u0EC0-\\u0EC4\\u0EC6\\u0EDC-\\u0EDF\\u0F00\\u0F40-\\u0F47\\u0F49-\\u0F6C\\u0F88-\\u0F8C\\u1000-\\u102A\\u103F\\u1050-\\u1055\\u105A-\\u105D\\u1061\\u1065\\u1066\\u106E-\\u1070\\u1075-\\u1081\\u108E\\u10A0-\\u10C5\\u10C7\\u10CD\\u10D0-\\u10FA\\u10FC-\\u1248\\u124A-\\u124D\\u1250-\\u1256\\u1258\\u125A-\\u125D\\u1260-\\u1288\\u128A-\\u128D\\u1290-\\u12B0\\u12B2-\\u12B5\\u12B8-\\u12BE\\u12C0\\u12C2-\\u12C5\\u12C8-\\u12D6\\u12D8-\\u1310\\u1312-\\u1315\\u1318-\\u135A\\u1380-\\u138F\\u13A0-\\u13F5\\u13F8-\\u13FD\\u1401-\\u166C\\u166F-\\u167F\\u1681-\\u169A\\u16A0-\\u16EA\\u16EE-\\u16F8\\u1700-\\u170C\\u170E-\\u1711\\u1720-\\u1731\\u1740-\\u1751\\u1760-\\u176C\\u176E-\\u1770\\u1780-\\u17B3\\u17D7\\u17DC\\u1820-\\u1877\\u1880-\\u18A8\\u18AA\\u18B0-\\u18F5\\u1900-\\u191E\\u1950-\\u196D\\u1970-\\u1974\\u1980-\\u19AB\\u19B0-\\u19C9\\u1A00-\\u1A16\\u1A20-\\u1A54\\u1AA7\\u1B05-\\u1B33\\u1B45-\\u1B4B\\u1B83-\\u1BA0\\u1BAE\\u1BAF\\u1BBA-\\u1BE5\\u1C00-\\u1C23\\u1C4D-\\u1C4F\\u1C5A-\\u1C7D\\u1C80-\\u1C88\\u1CE9-\\u1CEC\\u1CEE-\\u1CF1\\u1CF5\\u1CF6\\u1D00-\\u1DBF\\u1E00-\\u1F15\\u1F18-\\u1F1D\\u1F20-\\u1F45\\u1F48-\\u1F4D\\u1F50-\\u1F57\\u1F59\\u1F5B\\u1F5D\\u1F5F-\\u1F7D\\u1F80-\\u1FB4\\u1FB6-\\u1FBC\\u1FBE\\u1FC2-\\u1FC4\\u1FC6-\\u1FCC\\u1FD0-\\u1FD3\\u1FD6-\\u1FDB\\u1FE0-\\u1FEC\\u1FF2-\\u1FF4\\u1FF6-\\u1FFC\\u2071\\u207F\\u2090-\\u209C\\u2102\\u2107\\u210A-\\u2113\\u2115\\u2118-\\u211D\\u2124\\u2126\\u2128\\u212A-\\u2139\\u213C-\\u213F\\u2145-\\u2149\\u214E\\u2160-\\u2188\\u2C00-\\u2C2E\\u2C30-\\u2C5E\\u2C60-\\u2CE4\\u2CEB-\\u2CEE\\u2CF2\\u2CF3\\u2D00-\\u2D25\\u2D27\\u2D2D\\u2D30-\\u2D67\\u2D6F\\u2D80-\\u2D96\\u2DA0-\\u2DA6\\u2DA8-\\u2DAE\\u2DB0-\\u2DB6\\u2DB8-\\u2DBE\\u2DC0-\\u2DC6\\u2DC8-\\u2DCE\\u2DD0-\\u2DD6\\u2DD8-\\u2DDE\\u3005-\\u3007\\u3021-\\u3029\\u3031-\\u3035\\u3038-\\u303C\\u3041-\\u3096\\u309B-\\u309F\\u30A1-\\u30FA\\u30FC-\\u30FF\\u3105-\\u312D\\u3131-\\u318E\\u31A0-\\u31BA\\u31F0-\\u31FF\\u3400-\\u4DB5\\u4E00-\\u9FD5\\uA000-\\uA48C\\uA4D0-\\uA4FD\\uA500-\\uA60C\\uA610-\\uA61F\\uA62A\\uA62B\\uA640-\\uA66E\\uA67F-\\uA69D\\uA6A0-\\uA6EF\\uA717-\\uA71F\\uA722-\\uA788\\uA78B-\\uA7AE\\uA7B0-\\uA7B7\\uA7F7-\\uA801\\uA803-\\uA805\\uA807-\\uA80A\\uA80C-\\uA822\\uA840-\\uA873\\uA882-\\uA8B3\\uA8F2-\\uA8F7\\uA8FB\\uA8FD\\uA90A-\\uA925\\uA930-\\uA946\\uA960-\\uA97C\\uA984-\\uA9B2\\uA9CF\\uA9E0-\\uA9E4\\uA9E6-\\uA9EF\\uA9FA-\\uA9FE\\uAA00-\\uAA28\\uAA40-\\uAA42\\uAA44-\\uAA4B\\uAA60-\\uAA76\\uAA7A\\uAA7E-\\uAAAF\\uAAB1\\uAAB5\\uAAB6\\uAAB9-\\uAABD\\uAAC0\\uAAC2\\uAADB-\\uAADD\\uAAE0-\\uAAEA\\uAAF2-\\uAAF4\\uAB01-\\uAB06\\uAB09-\\uAB0E\\uAB11-\\uAB16\\uAB20-\\uAB26\\uAB28-\\uAB2E\\uAB30-\\uAB5A\\uAB5C-\\uAB65\\uAB70-\\uABE2\\uAC00-\\uD7A3\\uD7B0-\\uD7C6\\uD7CB-\\uD7FB\\uF900-\\uFA6D\\uFA70-\\uFAD9\\uFB00-\\uFB06\\uFB13-\\uFB17\\uFB1D\\uFB1F-\\uFB28\\uFB2A-\\uFB36\\uFB38-\\uFB3C\\uFB3E\\uFB40\\uFB41\\uFB43\\uFB44\\uFB46-\\uFBB1\\uFBD3-\\uFD3D\\uFD50-\\uFD8F\\uFD92-\\uFDC7\\uFDF0-\\uFDFB\\uFE70-\\uFE74\\uFE76-\\uFEFC\\uFF21-\\uFF3A\\uFF41-\\uFF5A\\uFF66-\\uFFBE\\uFFC2-\\uFFC7\\uFFCA-\\uFFCF\\uFFD2-\\uFFD7\\uFFDA-\\uFFDC]|\\uD800[\\uDC00-\\uDC0B\\uDC0D-\\uDC26\\uDC28-\\uDC3A\\uDC3C\\uDC3D\\uDC3F-\\uDC4D\\uDC50-\\uDC5D\\uDC80-\\uDCFA\\uDD40-\\uDD74\\uDE80-\\uDE9C\\uDEA0-\\uDED0\\uDF00-\\uDF1F\\uDF30-\\uDF4A\\uDF50-\\uDF75\\uDF80-\\uDF9D\\uDFA0-\\uDFC3\\uDFC8-\\uDFCF\\uDFD1-\\uDFD5]|\\uD801[\\uDC00-\\uDC9D\\uDCB0-\\uDCD3\\uDCD8-\\uDCFB\\uDD00-\\uDD27\\uDD30-\\uDD63\\uDE00-\\uDF36\\uDF40-\\uDF55\\uDF60-\\uDF67]|\\uD802[\\uDC00-\\uDC05\\uDC08\\uDC0A-\\uDC35\\uDC37\\uDC38\\uDC3C\\uDC3F-\\uDC55\\uDC60-\\uDC76\\uDC80-\\uDC9E\\uDCE0-\\uDCF2\\uDCF4\\uDCF5\\uDD00-\\uDD15\\uDD20-\\uDD39\\uDD80-\\uDDB7\\uDDBE\\uDDBF\\uDE00\\uDE10-\\uDE13\\uDE15-\\uDE17\\uDE19-\\uDE33\\uDE60-\\uDE7C\\uDE80-\\uDE9C\\uDEC0-\\uDEC7\\uDEC9-\\uDEE4\\uDF00-\\uDF35\\uDF40-\\uDF55\\uDF60-\\uDF72\\uDF80-\\uDF91]|\\uD803[\\uDC00-\\uDC48\\uDC80-\\uDCB2\\uDCC0-\\uDCF2]|\\uD804[\\uDC03-\\uDC37\\uDC83-\\uDCAF\\uDCD0-\\uDCE8\\uDD03-\\uDD26\\uDD50-\\uDD72\\uDD76\\uDD83-\\uDDB2\\uDDC1-\\uDDC4\\uDDDA\\uDDDC\\uDE00-\\uDE11\\uDE13-\\uDE2B\\uDE80-\\uDE86\\uDE88\\uDE8A-\\uDE8D\\uDE8F-\\uDE9D\\uDE9F-\\uDEA8\\uDEB0-\\uDEDE\\uDF05-\\uDF0C\\uDF0F\\uDF10\\uDF13-\\uDF28\\uDF2A-\\uDF30\\uDF32\\uDF33\\uDF35-\\uDF39\\uDF3D\\uDF50\\uDF5D-\\uDF61]|\\uD805[\\uDC00-\\uDC34\\uDC47-\\uDC4A\\uDC80-\\uDCAF\\uDCC4\\uDCC5\\uDCC7\\uDD80-\\uDDAE\\uDDD8-\\uDDDB\\uDE00-\\uDE2F\\uDE44\\uDE80-\\uDEAA\\uDF00-\\uDF19]|\\uD806[\\uDCA0-\\uDCDF\\uDCFF\\uDEC0-\\uDEF8]|\\uD807[\\uDC00-\\uDC08\\uDC0A-\\uDC2E\\uDC40\\uDC72-\\uDC8F]|\\uD808[\\uDC00-\\uDF99]|\\uD809[\\uDC00-\\uDC6E\\uDC80-\\uDD43]|[\\uD80C\\uD81C-\\uD820\\uD840-\\uD868\\uD86A-\\uD86C\\uD86F-\\uD872][\\uDC00-\\uDFFF]|\\uD80D[\\uDC00-\\uDC2E]|\\uD811[\\uDC00-\\uDE46]|\\uD81A[\\uDC00-\\uDE38\\uDE40-\\uDE5E\\uDED0-\\uDEED\\uDF00-\\uDF2F\\uDF40-\\uDF43\\uDF63-\\uDF77\\uDF7D-\\uDF8F]|\\uD81B[\\uDF00-\\uDF44\\uDF50\\uDF93-\\uDF9F\\uDFE0]|\\uD821[\\uDC00-\\uDFEC]|\\uD822[\\uDC00-\\uDEF2]|\\uD82C[\\uDC00\\uDC01]|\\uD82F[\\uDC00-\\uDC6A\\uDC70-\\uDC7C\\uDC80-\\uDC88\\uDC90-\\uDC99]|\\uD835[\\uDC00-\\uDC54\\uDC56-\\uDC9C\\uDC9E\\uDC9F\\uDCA2\\uDCA5\\uDCA6\\uDCA9-\\uDCAC\\uDCAE-\\uDCB9\\uDCBB\\uDCBD-\\uDCC3\\uDCC5-\\uDD05\\uDD07-\\uDD0A\\uDD0D-\\uDD14\\uDD16-\\uDD1C\\uDD1E-\\uDD39\\uDD3B-\\uDD3E\\uDD40-\\uDD44\\uDD46\\uDD4A-\\uDD50\\uDD52-\\uDEA5\\uDEA8-\\uDEC0\\uDEC2-\\uDEDA\\uDEDC-\\uDEFA\\uDEFC-\\uDF14\\uDF16-\\uDF34\\uDF36-\\uDF4E\\uDF50-\\uDF6E\\uDF70-\\uDF88\\uDF8A-\\uDFA8\\uDFAA-\\uDFC2\\uDFC4-\\uDFCB]|\\uD83A[\\uDC00-\\uDCC4\\uDD00-\\uDD43]|\\uD83B[\\uDE00-\\uDE03\\uDE05-\\uDE1F\\uDE21\\uDE22\\uDE24\\uDE27\\uDE29-\\uDE32\\uDE34-\\uDE37\\uDE39\\uDE3B\\uDE42\\uDE47\\uDE49\\uDE4B\\uDE4D-\\uDE4F\\uDE51\\uDE52\\uDE54\\uDE57\\uDE59\\uDE5B\\uDE5D\\uDE5F\\uDE61\\uDE62\\uDE64\\uDE67-\\uDE6A\\uDE6C-\\uDE72\\uDE74-\\uDE77\\uDE79-\\uDE7C\\uDE7E\\uDE80-\\uDE89\\uDE8B-\\uDE9B\\uDEA1-\\uDEA3\\uDEA5-\\uDEA9\\uDEAB-\\uDEBB]|\\uD869[\\uDC00-\\uDED6\\uDF00-\\uDFFF]|\\uD86D[\\uDC00-\\uDF34\\uDF40-\\uDFFF]|\\uD86E[\\uDC00-\\uDC1D\\uDC20-\\uDFFF]|\\uD873[\\uDC00-\\uDEA1]|\\uD87E[\\uDC00-\\uDE1D])(?:[\\$0-9A-Z_a-z\\xAA\\xB5\\xB7\\xBA\\xC0-\\xD6\\xD8-\\xF6\\xF8-\\u02C1\\u02C6-\\u02D1\\u02E0-\\u02E4\\u02EC\\u02EE\\u0300-\\u0374\\u0376\\u0377\\u037A-\\u037D\\u037F\\u0386-\\u038A\\u038C\\u038E-\\u03A1\\u03A3-\\u03F5\\u03F7-\\u0481\\u0483-\\u0487\\u048A-\\u052F\\u0531-\\u0556\\u0559\\u0561-\\u0587\\u0591-\\u05BD\\u05BF\\u05C1\\u05C2\\u05C4\\u05C5\\u05C7\\u05D0-\\u05EA\\u05F0-\\u05F2\\u0610-\\u061A\\u0620-\\u0669\\u066E-\\u06D3\\u06D5-\\u06DC\\u06DF-\\u06E8\\u06EA-\\u06FC\\u06FF\\u0710-\\u074A\\u074D-\\u07B1\\u07C0-\\u07F5\\u07FA\\u0800-\\u082D\\u0840-\\u085B\\u08A0-\\u08B4\\u08B6-\\u08BD\\u08D4-\\u08E1\\u08E3-\\u0963\\u0966-\\u096F\\u0971-\\u0983\\u0985-\\u098C\\u098F\\u0990\\u0993-\\u09A8\\u09AA-\\u09B0\\u09B2\\u09B6-\\u09B9\\u09BC-\\u09C4\\u09C7\\u09C8\\u09CB-\\u09CE\\u09D7\\u09DC\\u09DD\\u09DF-\\u09E3\\u09E6-\\u09F1\\u0A01-\\u0A03\\u0A05-\\u0A0A\\u0A0F\\u0A10\\u0A13-\\u0A28\\u0A2A-\\u0A30\\u0A32\\u0A33\\u0A35\\u0A36\\u0A38\\u0A39\\u0A3C\\u0A3E-\\u0A42\\u0A47\\u0A48\\u0A4B-\\u0A4D\\u0A51\\u0A59-\\u0A5C\\u0A5E\\u0A66-\\u0A75\\u0A81-\\u0A83\\u0A85-\\u0A8D\\u0A8F-\\u0A91\\u0A93-\\u0AA8\\u0AAA-\\u0AB0\\u0AB2\\u0AB3\\u0AB5-\\u0AB9\\u0ABC-\\u0AC5\\u0AC7-\\u0AC9\\u0ACB-\\u0ACD\\u0AD0\\u0AE0-\\u0AE3\\u0AE6-\\u0AEF\\u0AF9\\u0B01-\\u0B03\\u0B05-\\u0B0C\\u0B0F\\u0B10\\u0B13-\\u0B28\\u0B2A-\\u0B30\\u0B32\\u0B33\\u0B35-\\u0B39\\u0B3C-\\u0B44\\u0B47\\u0B48\\u0B4B-\\u0B4D\\u0B56\\u0B57\\u0B5C\\u0B5D\\u0B5F-\\u0B63\\u0B66-\\u0B6F\\u0B71\\u0B82\\u0B83\\u0B85-\\u0B8A\\u0B8E-\\u0B90\\u0B92-\\u0B95\\u0B99\\u0B9A\\u0B9C\\u0B9E\\u0B9F\\u0BA3\\u0BA4\\u0BA8-\\u0BAA\\u0BAE-\\u0BB9\\u0BBE-\\u0BC2\\u0BC6-\\u0BC8\\u0BCA-\\u0BCD\\u0BD0\\u0BD7\\u0BE6-\\u0BEF\\u0C00-\\u0C03\\u0C05-\\u0C0C\\u0C0E-\\u0C10\\u0C12-\\u0C28\\u0C2A-\\u0C39\\u0C3D-\\u0C44\\u0C46-\\u0C48\\u0C4A-\\u0C4D\\u0C55\\u0C56\\u0C58-\\u0C5A\\u0C60-\\u0C63\\u0C66-\\u0C6F\\u0C80-\\u0C83\\u0C85-\\u0C8C\\u0C8E-\\u0C90\\u0C92-\\u0CA8\\u0CAA-\\u0CB3\\u0CB5-\\u0CB9\\u0CBC-\\u0CC4\\u0CC6-\\u0CC8\\u0CCA-\\u0CCD\\u0CD5\\u0CD6\\u0CDE\\u0CE0-\\u0CE3\\u0CE6-\\u0CEF\\u0CF1\\u0CF2\\u0D01-\\u0D03\\u0D05-\\u0D0C\\u0D0E-\\u0D10\\u0D12-\\u0D3A\\u0D3D-\\u0D44\\u0D46-\\u0D48\\u0D4A-\\u0D4E\\u0D54-\\u0D57\\u0D5F-\\u0D63\\u0D66-\\u0D6F\\u0D7A-\\u0D7F\\u0D82\\u0D83\\u0D85-\\u0D96\\u0D9A-\\u0DB1\\u0DB3-\\u0DBB\\u0DBD\\u0DC0-\\u0DC6\\u0DCA\\u0DCF-\\u0DD4\\u0DD6\\u0DD8-\\u0DDF\\u0DE6-\\u0DEF\\u0DF2\\u0DF3\\u0E01-\\u0E3A\\u0E40-\\u0E4E\\u0E50-\\u0E59\\u0E81\\u0E82\\u0E84\\u0E87\\u0E88\\u0E8A\\u0E8D\\u0E94-\\u0E97\\u0E99-\\u0E9F\\u0EA1-\\u0EA3\\u0EA5\\u0EA7\\u0EAA\\u0EAB\\u0EAD-\\u0EB9\\u0EBB-\\u0EBD\\u0EC0-\\u0EC4\\u0EC6\\u0EC8-\\u0ECD\\u0ED0-\\u0ED9\\u0EDC-\\u0EDF\\u0F00\\u0F18\\u0F19\\u0F20-\\u0F29\\u0F35\\u0F37\\u0F39\\u0F3E-\\u0F47\\u0F49-\\u0F6C\\u0F71-\\u0F84\\u0F86-\\u0F97\\u0F99-\\u0FBC\\u0FC6\\u1000-\\u1049\\u1050-\\u109D\\u10A0-\\u10C5\\u10C7\\u10CD\\u10D0-\\u10FA\\u10FC-\\u1248\\u124A-\\u124D\\u1250-\\u1256\\u1258\\u125A-\\u125D\\u1260-\\u1288\\u128A-\\u128D\\u1290-\\u12B0\\u12B2-\\u12B5\\u12B8-\\u12BE\\u12C0\\u12C2-\\u12C5\\u12C8-\\u12D6\\u12D8-\\u1310\\u1312-\\u1315\\u1318-\\u135A\\u135D-\\u135F\\u1369-\\u1371\\u1380-\\u138F\\u13A0-\\u13F5\\u13F8-\\u13FD\\u1401-\\u166C\\u166F-\\u167F\\u1681-\\u169A\\u16A0-\\u16EA\\u16EE-\\u16F8\\u1700-\\u170C\\u170E-\\u1714\\u1720-\\u1734\\u1740-\\u1753\\u1760-\\u176C\\u176E-\\u1770\\u1772\\u1773\\u1780-\\u17D3\\u17D7\\u17DC\\u17DD\\u17E0-\\u17E9\\u180B-\\u180D\\u1810-\\u1819\\u1820-\\u1877\\u1880-\\u18AA\\u18B0-\\u18F5\\u1900-\\u191E\\u1920-\\u192B\\u1930-\\u193B\\u1946-\\u196D\\u1970-\\u1974\\u1980-\\u19AB\\u19B0-\\u19C9\\u19D0-\\u19DA\\u1A00-\\u1A1B\\u1A20-\\u1A5E\\u1A60-\\u1A7C\\u1A7F-\\u1A89\\u1A90-\\u1A99\\u1AA7\\u1AB0-\\u1ABD\\u1B00-\\u1B4B\\u1B50-\\u1B59\\u1B6B-\\u1B73\\u1B80-\\u1BF3\\u1C00-\\u1C37\\u1C40-\\u1C49\\u1C4D-\\u1C7D\\u1C80-\\u1C88\\u1CD0-\\u1CD2\\u1CD4-\\u1CF6\\u1CF8\\u1CF9\\u1D00-\\u1DF5\\u1DFB-\\u1F15\\u1F18-\\u1F1D\\u1F20-\\u1F45\\u1F48-\\u1F4D\\u1F50-\\u1F57\\u1F59\\u1F5B\\u1F5D\\u1F5F-\\u1F7D\\u1F80-\\u1FB4\\u1FB6-\\u1FBC\\u1FBE\\u1FC2-\\u1FC4\\u1FC6-\\u1FCC\\u1FD0-\\u1FD3\\u1FD6-\\u1FDB\\u1FE0-\\u1FEC\\u1FF2-\\u1FF4\\u1FF6-\\u1FFC\\u200C\\u200D\\u203F\\u2040\\u2054\\u2071\\u207F\\u2090-\\u209C\\u20D0-\\u20DC\\u20E1\\u20E5-\\u20F0\\u2102\\u2107\\u210A-\\u2113\\u2115\\u2118-\\u211D\\u2124\\u2126\\u2128\\u212A-\\u2139\\u213C-\\u213F\\u2145-\\u2149\\u214E\\u2160-\\u2188\\u2C00-\\u2C2E\\u2C30-\\u2C5E\\u2C60-\\u2CE4\\u2CEB-\\u2CF3\\u2D00-\\u2D25\\u2D27\\u2D2D\\u2D30-\\u2D67\\u2D6F\\u2D7F-\\u2D96\\u2DA0-\\u2DA6\\u2DA8-\\u2DAE\\u2DB0-\\u2DB6\\u2DB8-\\u2DBE\\u2DC0-\\u2DC6\\u2DC8-\\u2DCE\\u2DD0-\\u2DD6\\u2DD8-\\u2DDE\\u2DE0-\\u2DFF\\u3005-\\u3007\\u3021-\\u302F\\u3031-\\u3035\\u3038-\\u303C\\u3041-\\u3096\\u3099-\\u309F\\u30A1-\\u30FA\\u30FC-\\u30FF\\u3105-\\u312D\\u3131-\\u318E\\u31A0-\\u31BA\\u31F0-\\u31FF\\u3400-\\u4DB5\\u4E00-\\u9FD5\\uA000-\\uA48C\\uA4D0-\\uA4FD\\uA500-\\uA60C\\uA610-\\uA62B\\uA640-\\uA66F\\uA674-\\uA67D\\uA67F-\\uA6F1\\uA717-\\uA71F\\uA722-\\uA788\\uA78B-\\uA7AE\\uA7B0-\\uA7B7\\uA7F7-\\uA827\\uA840-\\uA873\\uA880-\\uA8C5\\uA8D0-\\uA8D9\\uA8E0-\\uA8F7\\uA8FB\\uA8FD\\uA900-\\uA92D\\uA930-\\uA953\\uA960-\\uA97C\\uA980-\\uA9C0\\uA9CF-\\uA9D9\\uA9E0-\\uA9FE\\uAA00-\\uAA36\\uAA40-\\uAA4D\\uAA50-\\uAA59\\uAA60-\\uAA76\\uAA7A-\\uAAC2\\uAADB-\\uAADD\\uAAE0-\\uAAEF\\uAAF2-\\uAAF6\\uAB01-\\uAB06\\uAB09-\\uAB0E\\uAB11-\\uAB16\\uAB20-\\uAB26\\uAB28-\\uAB2E\\uAB30-\\uAB5A\\uAB5C-\\uAB65\\uAB70-\\uABEA\\uABEC\\uABED\\uABF0-\\uABF9\\uAC00-\\uD7A3\\uD7B0-\\uD7C6\\uD7CB-\\uD7FB\\uF900-\\uFA6D\\uFA70-\\uFAD9\\uFB00-\\uFB06\\uFB13-\\uFB17\\uFB1D-\\uFB28\\uFB2A-\\uFB36\\uFB38-\\uFB3C\\uFB3E\\uFB40\\uFB41\\uFB43\\uFB44\\uFB46-\\uFBB1\\uFBD3-\\uFD3D\\uFD50-\\uFD8F\\uFD92-\\uFDC7\\uFDF0-\\uFDFB\\uFE00-\\uFE0F\\uFE20-\\uFE2F\\uFE33\\uFE34\\uFE4D-\\uFE4F\\uFE70-\\uFE74\\uFE76-\\uFEFC\\uFF10-\\uFF19\\uFF21-\\uFF3A\\uFF3F\\uFF41-\\uFF5A\\uFF66-\\uFFBE\\uFFC2-\\uFFC7\\uFFCA-\\uFFCF\\uFFD2-\\uFFD7\\uFFDA-\\uFFDC]|\\uD800[\\uDC00-\\uDC0B\\uDC0D-\\uDC26\\uDC28-\\uDC3A\\uDC3C\\uDC3D\\uDC3F-\\uDC4D\\uDC50-\\uDC5D\\uDC80-\\uDCFA\\uDD40-\\uDD74\\uDDFD\\uDE80-\\uDE9C\\uDEA0-\\uDED0\\uDEE0\\uDF00-\\uDF1F\\uDF30-\\uDF4A\\uDF50-\\uDF7A\\uDF80-\\uDF9D\\uDFA0-\\uDFC3\\uDFC8-\\uDFCF\\uDFD1-\\uDFD5]|\\uD801[\\uDC00-\\uDC9D\\uDCA0-\\uDCA9\\uDCB0-\\uDCD3\\uDCD8-\\uDCFB\\uDD00-\\uDD27\\uDD30-\\uDD63\\uDE00-\\uDF36\\uDF40-\\uDF55\\uDF60-\\uDF67]|\\uD802[\\uDC00-\\uDC05\\uDC08\\uDC0A-\\uDC35\\uDC37\\uDC38\\uDC3C\\uDC3F-\\uDC55\\uDC60-\\uDC76\\uDC80-\\uDC9E\\uDCE0-\\uDCF2\\uDCF4\\uDCF5\\uDD00-\\uDD15\\uDD20-\\uDD39\\uDD80-\\uDDB7\\uDDBE\\uDDBF\\uDE00-\\uDE03\\uDE05\\uDE06\\uDE0C-\\uDE13\\uDE15-\\uDE17\\uDE19-\\uDE33\\uDE38-\\uDE3A\\uDE3F\\uDE60-\\uDE7C\\uDE80-\\uDE9C\\uDEC0-\\uDEC7\\uDEC9-\\uDEE6\\uDF00-\\uDF35\\uDF40-\\uDF55\\uDF60-\\uDF72\\uDF80-\\uDF91]|\\uD803[\\uDC00-\\uDC48\\uDC80-\\uDCB2\\uDCC0-\\uDCF2]|\\uD804[\\uDC00-\\uDC46\\uDC66-\\uDC6F\\uDC7F-\\uDCBA\\uDCD0-\\uDCE8\\uDCF0-\\uDCF9\\uDD00-\\uDD34\\uDD36-\\uDD3F\\uDD50-\\uDD73\\uDD76\\uDD80-\\uDDC4\\uDDCA-\\uDDCC\\uDDD0-\\uDDDA\\uDDDC\\uDE00-\\uDE11\\uDE13-\\uDE37\\uDE3E\\uDE80-\\uDE86\\uDE88\\uDE8A-\\uDE8D\\uDE8F-\\uDE9D\\uDE9F-\\uDEA8\\uDEB0-\\uDEEA\\uDEF0-\\uDEF9\\uDF00-\\uDF03\\uDF05-\\uDF0C\\uDF0F\\uDF10\\uDF13-\\uDF28\\uDF2A-\\uDF30\\uDF32\\uDF33\\uDF35-\\uDF39\\uDF3C-\\uDF44\\uDF47\\uDF48\\uDF4B-\\uDF4D\\uDF50\\uDF57\\uDF5D-\\uDF63\\uDF66-\\uDF6C\\uDF70-\\uDF74]|\\uD805[\\uDC00-\\uDC4A\\uDC50-\\uDC59\\uDC80-\\uDCC5\\uDCC7\\uDCD0-\\uDCD9\\uDD80-\\uDDB5\\uDDB8-\\uDDC0\\uDDD8-\\uDDDD\\uDE00-\\uDE40\\uDE44\\uDE50-\\uDE59\\uDE80-\\uDEB7\\uDEC0-\\uDEC9\\uDF00-\\uDF19\\uDF1D-\\uDF2B\\uDF30-\\uDF39]|\\uD806[\\uDCA0-\\uDCE9\\uDCFF\\uDEC0-\\uDEF8]|\\uD807[\\uDC00-\\uDC08\\uDC0A-\\uDC36\\uDC38-\\uDC40\\uDC50-\\uDC59\\uDC72-\\uDC8F\\uDC92-\\uDCA7\\uDCA9-\\uDCB6]|\\uD808[\\uDC00-\\uDF99]|\\uD809[\\uDC00-\\uDC6E\\uDC80-\\uDD43]|[\\uD80C\\uD81C-\\uD820\\uD840-\\uD868\\uD86A-\\uD86C\\uD86F-\\uD872][\\uDC00-\\uDFFF]|\\uD80D[\\uDC00-\\uDC2E]|\\uD811[\\uDC00-\\uDE46]|\\uD81A[\\uDC00-\\uDE38\\uDE40-\\uDE5E\\uDE60-\\uDE69\\uDED0-\\uDEED\\uDEF0-\\uDEF4\\uDF00-\\uDF36\\uDF40-\\uDF43\\uDF50-\\uDF59\\uDF63-\\uDF77\\uDF7D-\\uDF8F]|\\uD81B[\\uDF00-\\uDF44\\uDF50-\\uDF7E\\uDF8F-\\uDF9F\\uDFE0]|\\uD821[\\uDC00-\\uDFEC]|\\uD822[\\uDC00-\\uDEF2]|\\uD82C[\\uDC00\\uDC01]|\\uD82F[\\uDC00-\\uDC6A\\uDC70-\\uDC7C\\uDC80-\\uDC88\\uDC90-\\uDC99\\uDC9D\\uDC9E]|\\uD834[\\uDD65-\\uDD69\\uDD6D-\\uDD72\\uDD7B-\\uDD82\\uDD85-\\uDD8B\\uDDAA-\\uDDAD\\uDE42-\\uDE44]|\\uD835[\\uDC00-\\uDC54\\uDC56-\\uDC9C\\uDC9E\\uDC9F\\uDCA2\\uDCA5\\uDCA6\\uDCA9-\\uDCAC\\uDCAE-\\uDCB9\\uDCBB\\uDCBD-\\uDCC3\\uDCC5-\\uDD05\\uDD07-\\uDD0A\\uDD0D-\\uDD14\\uDD16-\\uDD1C\\uDD1E-\\uDD39\\uDD3B-\\uDD3E\\uDD40-\\uDD44\\uDD46\\uDD4A-\\uDD50\\uDD52-\\uDEA5\\uDEA8-\\uDEC0\\uDEC2-\\uDEDA\\uDEDC-\\uDEFA\\uDEFC-\\uDF14\\uDF16-\\uDF34\\uDF36-\\uDF4E\\uDF50-\\uDF6E\\uDF70-\\uDF88\\uDF8A-\\uDFA8\\uDFAA-\\uDFC2\\uDFC4-\\uDFCB\\uDFCE-\\uDFFF]|\\uD836[\\uDE00-\\uDE36\\uDE3B-\\uDE6C\\uDE75\\uDE84\\uDE9B-\\uDE9F\\uDEA1-\\uDEAF]|\\uD838[\\uDC00-\\uDC06\\uDC08-\\uDC18\\uDC1B-\\uDC21\\uDC23\\uDC24\\uDC26-\\uDC2A]|\\uD83A[\\uDC00-\\uDCC4\\uDCD0-\\uDCD6\\uDD00-\\uDD4A\\uDD50-\\uDD59]|\\uD83B[\\uDE00-\\uDE03\\uDE05-\\uDE1F\\uDE21\\uDE22\\uDE24\\uDE27\\uDE29-\\uDE32\\uDE34-\\uDE37\\uDE39\\uDE3B\\uDE42\\uDE47\\uDE49\\uDE4B\\uDE4D-\\uDE4F\\uDE51\\uDE52\\uDE54\\uDE57\\uDE59\\uDE5B\\uDE5D\\uDE5F\\uDE61\\uDE62\\uDE64\\uDE67-\\uDE6A\\uDE6C-\\uDE72\\uDE74-\\uDE77\\uDE79-\\uDE7C\\uDE7E\\uDE80-\\uDE89\\uDE8B-\\uDE9B\\uDEA1-\\uDEA3\\uDEA5-\\uDEA9\\uDEAB-\\uDEBB]|\\uD869[\\uDC00-\\uDED6\\uDF00-\\uDFFF]|\\uD86D[\\uDC00-\\uDF34\\uDF40-\\uDFFF]|\\uD86E[\\uDC00-\\uDC1D\\uDC20-\\uDFFF]|\\uD873[\\uDC00-\\uDEA1]|\\uD87E[\\uDC00-\\uDE1D]|\\uDB40[\\uDD00-\\uDDEF])*$
Music Player Daemon
validator_
context \"create action\"
Firefox
rawhide
already been added
-FLAG
Dell
ResourceNotFoundError
AAAD
UNIVERSITET
missing-cart-1
\\bprocess\\.env\\.NON_EXISTING_VAR\\b
tree
note:
legacy
RUBY_PLATFORM
Cannot use URLs of type 'ftp' as source for fileserving
\\>Home\\<
i_am_deprecated is deprecated
PRIVMSG #jquery-ot
NEANT
Unknown option\\(s\\) specified: unknown_key
Takes a boolean argument or 
key is not allowed
 -ARNDCQEGHILKMFPSTWYV 
bright_black
MB of memory available for smooth operation
fiber
&and;
w=
GRANT DBA TO SA
LOC
/usr
fixed1
autoplay=
\\bwill NOT be verified
iframe is not resizable
_mmaModData
SalesOrders_ID
doNotParseJson
\"PartnerID\":\"OtherPartner\"
test=1
must be before
AppWorkerDiedError
Version\\/5\\.1\\.2
11th Doctor
<form id=\"op\\.deviceInputForm\" novalidate method=\"post\" action=\"\\/device\">
expected that code would exit 100, instead exited 101
character 3
test-lint
NO_PROGRAM
'a' doesn't look right
MSIE 6
need to provide socketAddress
SessionIdInvalid
\u00c3\u00ba
entities
this file defines the plot device
hmind=1000
expects an Integer value
\\\\define\\(\"SODIUM_{\\$constant}\", \\\\constant\\(\"ParagonIE_Sodium_Compat::{\\$constant}\"\\)\\);
\"debug-invalid\":true,\"debugInvalid\":true
-ignore 
Test Static
Bork\\!
ppmgraph\\.pl
--app rails232app
>>comment<<
Authenticated user:
logo-name-1
ANY-LOCAL_IP
\\s\\/\\s
\\/\\/ a
text\\/css
Syntax error at ','
Set cardinality '512' too large
_AWS_ACCOUNT_ID_
\\\\cyrchar\\\\CYRL 
Server Status
\"foobar\\(\\)
blast_user
SLOW
Net\\:\\:HTTP\\:\\:Spore\\:\\:Middleware
Target directory
select class=\"custom_class\"
EDITABLE_CELL_TEMPLATE
ruby18
consolidate
CL_CALLBACK
safecopy_flushed
\u592a\u5b57
'z'
<</T\\(other_field\\)/V<FEFF0062006100720020007100750078>>>
 5 seconds
casper\\.capture
<br\\/><br\\/>
field :name, :string
Action must be an array
\u00d0\u00b5\\b
Iai
new full-speed USB device
Pulling down a snapshot of application '
Couldn't locate
[ ]*END[ ]*SUBMODULE
Downloads
%{DOCMA_BASE}
blurb
href=\\\"\\/people\\/fred-bloggs\\/edit\\\"
\\@interaction_count\\@
customerPostCode=11111
\\bc4gl\\b
<\\/TR>
bootstrap-scalastyle_2_11
<th 
kitchen
Missing dependency
\u00d0\u00b5\u00d0\u00bc\\b
<h1>F&auml;ncy<\\/h1><p>test inner content<\\/p>
bundle exec danger
&lt;script&gt;alert\\(1\\)&lt;\\/script&gt;
DROP INDEX index_books_on_shelf_id
\\(file: example\\.pp, line: 42\\)
stub\\sfunction
<\\/em><em>
Nock: No match for request
___abe___
html-support
All elements must be Buffers or objects with a 'buffer' property
MSIE\\s\\d
BOOTSTRAP_ADDRESS
 \\?
tsickle_Closure_declarations\\(\\)
@CWD@
{function
@jupyterlab\\/codeeditor\\/lib\\/jsoneditor
# 12345678901234567890123456789012345678901234567890123456789012345\\.\\.\\.
@properties parameter should be an Object
us-east-1\\.aws
has-one
The configuration file is missing
Warning: 
Techfaith
<symbol\\s
Last updated about 1 hour ago
telephone conversation
weeks
amp
Special
<\\/YUI_EMBED>
Compiling packages: foo\\/
BoomConfig
SAMLResponse is not valid base64-encoded XML
<\\/TimeML>
Physical Address
\\.\u00c2\u00aa
\\s*url\\s*\\(
require 'jamie/thor_tasks'
\n\n}
class UserMailer < Janus::Mailer
\u00d0\u00b2\u00d0\u00bb\\b
is too long
hap update AirQualitySensor PM2_5Density 100
Post was not valid!
can\\'t be set
triggers:
rails5
\\blevel1\\b
iconv-loader
Not enough parameters for TABLE
time is now 2
spec/
Strict
expected not to find field \"unchecked field\"
invalid base64
Expected 1, got 2
wp-content
!!after_enqueue_bar!! \\[nil, :foo, 5\\]
Pogo
NotTriggerScaleUp
dix-neuf
sa
\\-port
::X\\u{df}:
\\bTesco\\b
\\.cc\\.
resultToLast: Result or Result returning function required
16700875781344019340/1
<FS>
\\/passenger\\.gemspec
<w:vMerge w:val=\"continue\" />
CLONE=
inc:int
\\bnpa\\b
raise_on_missing_translations = true
comments
\\\\\"\\{U\\}
#\\snoqa
z-host: localhost:8890
%xgap%
var baz *= *'Cannot\\\\x20find\\\\x20module\\\\x20\\\\x27' *\\+ *foo *\\+ *'\\\\x27';
!!BEGIN around_perform_cat!! \\[nil, \"foo\", 5\\]
\\d\\d\\d\\d-\\d\\d
PKCS11 PIN must be set
&set=
no such column:
location\\.replace
REPLACE_META_KEYWORDS
Testikatu 1 A 10
\\bPhantomJS\\/\\b
_58x_58x
Invalid task
Metric#getType\\(\\), must return a type defined in MetricsTypes
return Model\\.extend\\('TestingNew',
strict
An ORM must be set to install Devise
kind: 'Article',\n
\\{\\{\\?\\}\\}
nnlich
The property 'dependencies/0/name' value \"in###id\" did not match the regex
Netscape
Sign-in
Cannot find module 'clipboard'
DOCTYPE html
ip address 
NYC
Invalid state color ORANGE
\\*= require_tree \\.
\u00e1\u00be\u00ba
-----BEGIN PGP SIGNED MESSAGE-----
motherfucker
because your app hasn't finished transitioning
insert
agent1
typo3temp
getnetbyaddr\\(
import ReactDOM from 'react-dom';
SecurityError
before_action :set_user, only: \\[:show, :update, :destroy\\]
Audit Reporter failed
function createNewConnection
<!--container-->
%%millis%%
\\/param1
REFCOUNTED
unsubscribe_from_queue
Suarez
Your branch is ahead
Binding mismatch: 3 for 2
\\bedge\\/16\\.
\\|  
taps server
\\[pic\\]
\"merchantId\":\"spreedly-susanswidg-32270590-2095203-148657924\"
at or near
uninitialized parser
Pressure:
case
IndexError: Index out of range \\(-2 < 1\\)
No build data parameter found for 'baz'
,\\\"
securityDefinitions must be an object
_c
FTCIRCLE
engine\\.io
custom filter block
Malformed XML test report file given
not in owner mode
found to be conflicting
 Error
Invalid configuration file
leader
\\.lang
--with-qt-dir
Couldn't convert that filter to a kuery
angular2-hmr
usleep
trusted-host\\s*=\\s*world
PNRef=3648838
sdfn    sdf          sdfsdfn     sdfsf
REVERSED
netbsdelf
Command failed: iamabadcommand
nowait
 \\b fig \\b             
_HIT
\\\\v\\{t\\}
\u00d6\u0085
\\.ht\\\"
Qtek
welcome to stub http
continue
\"\\/html\\/products\\/getIndex\\.html\":
el
linguee\\sbot
REM 
Sassnitz
deleted
Unknown option: unknown
missing body of path
\\)\\)
undersized_pgs{cluster=\"ceph\"} 52
context \"update action\"
INSERTION
url_scheme unknown
Templates uploaded to s3
Whale
templateResponse
Couldn't find policy class for
Writable
Invalid Option
UR
\\\nleftarrow 
SUCCESS_HOOK: WaitAMoment
<td>EMP0003</td>
\\bbless\\s*\\(\\s*
Test::Unit::TestCase
form action should not be on AMP CDN
require \"sinatra\\/base\"
{{second}}
expect request url to be a string or a http request options, but got 1
replace_me\\|number
\\\u2019d
air mass
property: 'is' is invalid in a trait
\\[ng\\\\\\:
Accelerated=true
did_you_mean
does not support compiling for the client synchronously
undefined, promise, generator
\\sA
LEFT OUTER JOIN
Error: Could not find resource 'Exec\\[before target\\]' in parameter 'before'
hideAnnouncement
dom_sid2
envelopemime
506,507,508,509 is not a valid value for id
We found no inverse relationships by the name of 'testPost' on the 'user' model
\\%H
Could not determine archive format
Cannot traverse
user_id
\\/artists\\/Foo%20Fighters
\\/Parent
re-resolving dependencies
hap update Speaker Volume 80
foo\\.bundle\\.js
notininput
urn:Belkin:device
Freezing Rain
Windows 8\\.1
AX
Configuration Database locked by another application \\- try later
suspend
\\'t
Active
\\bMarker_t\\b
\\bwhen\\b
View all comments
ipp
nice
openebs_read_block_count
The snapshot file is v0, but only v2 is supported\\.
no whois server
Perl
\\.\\/missing
should be a valid number
@author
Some worker kills failed
can't modify frozen String
at grammar
Invalid TerminalID - Must be 8 digit number
mart
PERL_TEST
@\\{notranslate\\}
\n- unordered list entry\n
\\[\\[del\\]\\]
\\p{Math}
\\{\\{ width \\}\\}
source-map-support
Invalid Credit Card
emerg:  Error: something is wrong
\\?format=yaml
Jan 01\\, 2000  5\\:00 AM\\, deployment 0000003 \\(rollback to Jan 01\\, 2000  3\\:00 AM\\, rolled back\\)
broken cigar
\"errors\":\\[{\"type\":\"AirbrakeTestError\"
WRAP
Srcset must have width or dpr sources, but not both
Symlinked
\u871c\u82bd\u5b9d\u8d1d>
\\[xyz\\]: cage
- sudo -u postgres sh -c 'createuser tmp_test & createdb tmp_test'
\"amount\"=>\"\\[FILTERED\\]\"
are outside the bitmap
#coding:EUC-JP
\\x10051
step=GEN,SIM
__L_M_TMP__
unsigned long long int
exiting
module a appeler
public_watchful_method
describe \"index\" do
gol
reference a valid KeyStore key entry containing a private key
gems\\/pry
myrole
member of 0 teams
\\p{blk=Latin_1_Sup}+
1758584451
Shipment Notification
endpoint is required
\\{API_CALL_PARAMS\\}
ReferenceError:\\s'b'
EMERGENCY
clock_gettime
Expected bar formatting string, got `{:output=>
columns
DEFINITIONS
----
DROP TABLE \"FULL_DROP_TEST_TEMP\"
 -opt:ref,icf
The card was declined
-thread\\b
Fluticasoni
CREATE VIEW sst_customers_view
PAGE_PATH
\\# revcomp
label:path
_P
keyword><function>syntaxes<
payee
Sample
ERROR 2003 \\(HY000\\): Can't connect to MySQL server on
Firefox\\/
norelaying
ACTION_BY_CUSTOMER
Migration definition should be an object
[*][(]=h[|]
# Project root directory 
Entry wrong not found
node-opcua-
\u00e6\u009d\u00b1\u00e4\u00ba\u00ac\u00e9\u0083\u00bd\u00ef\u00bc\u0092\u00ef\u00bc\u0093\u00e5\u008c\u00ba
Users
Ctrl-C
DONE
dir
Doom
@node
netscape
class=\"row stream\"
\\s*text-indent: 0cm\\s*;
func\\(
Attempted to set both server and server_list
ENVH
i\\/
var f = document\\.createElement\\('form'\\); f\\.style\\.display = 'none';
nr
datatype><normal> = <
\\.rb:\\d
>sdk-tools-
Chapter 2 contents
_db_
--print-media-type
api\\.smartystreets\\.com\\/street-address\\?
Expected geometry type
\"@type\": \"Organization\"
property: body specification must be a map
shadowing outer local variable
lookup2b: \\[mpm_prefork, php, ssl\\]
\\^2
\"hasLocale\": true
escaped horizontal tab
No valid versions found
\\bFloat_t\\b
\\.ngrok\\.io
 \\N{GREEK SMALL LETTER PHI}           
EPOJAR
Test User
label\\s*=\\s*\"Label with spaces\"
yyleng
\\<ID 1\\>
This and further
chromeframe
Your account does not support gear sizes compatible with this cartridge
app closed
perl-
expect_size_match
how awesome: super awesome!
SMS
<span id=\"fr-break\"><\\/span>
input_native
\\Q::\\E
create_table \"entries\"
import { environment }
You must specify one or more tokens to delete
but the hash 'no' does not
The attached disks on VM \\\"
<em>Thanda<\\/em>
service { '
event-001\"
unappeared
rspec-core
--LBRACE--
Notepad
param looks like a remote
--timeout 8000
!doctype html
events must be of type Array
Casio
no or an invalid version is provided
\\[object CanvasRenderingContext2D\\]
\\<\\/td
undersized
_TOP
_locales
ERMAGERD PERMERLINK
syck
:posts,
action=\"/entries\"
User agent
 checked
\\\\{\\\\textbackslash\\\\}
npm access ls isn't implemented yet!
Unable to find original transaction
\\(\\?
frame_1
\\\\134
channel not up
\\\\ElsevierGlyph\\{2232\\}
Configuration in hostgroup::hostgroup_01 is incorrect; from:
<%= form\\.password_field :password %>
\\/proxy
VCGE9KB042
Archived on:
\\\\prod 
Define a key when the input is not a string
test \"visiting the index\"
Unable to parse cpu data
 : 0-1 {Black mates}
molamazo
Origin of iframe request
Service \"test\" not found
my_tmp_file
<pre>Cannot GET resource<\\/pre>
program summary is required
<pre><code class=\"language-js\">
Do-It-Yourself
Speakeasy - totp - Missing secret
activestate
\\??auth=0
s=%5Eboom
\\ *\\-\\ *
texture2D\\(
DOCKER_BINARY
Removed you from the Ministry of Justice team
Acl
Invalid alias name
\\G<%
<!-- END doctoc 
mopt_payone__ewallet
\\{statusText\\}
\\bSyncEnumerator\\b
submitURL is a required option to crashReporter\\.start
Attempting to change `something_init_only` init_only attribute value from
datatype><operator>
to respond_to to_str
\\{DATE\\}
T:
env-env2-ruby-function
\\bjs\\b
delimited
GetServiceStatus
border-bottom
-config
Secret Data
HTMLCS\\.js
WorldWideWeb
background-position: 45% 35%;
II 9\\.2\\.0
h264
\\$align\\[\\$cnt\\]
I want to be interrupted
vock
Migrations not current after 
>>>INPUT_TYPE<<<
create_table :test_app_admin_gallery_image
gem 'sentry-raven'
Incorrect Business Network Identifier
TypeError: Content-Type cannot be set to an Array
fromdate
dragonfly
OpenStack
repeated test
\\[\\[Image:
cisco_
test %s
at Array\\.map \\(native\\)
\\ud800[\\udc00-\\udc0b\\udc0d-\\udc26\\udc28-\\udc3a\\udc3c\\udc3d\\udc3f-\\udc4d\\udc50-\\udc5d\\udc80-\\udcfa\\uddfd\\ude80-\\ude9c\\udea0-\\uded0\\udee0\\udf00-\\udf1f\\udf30-\\udf40\\udf42-\\udf49\\udf50-\\udf7a\\udf80-\\udf9d\\udfa0-\\udfc3\\udfc8-\\udfcf]|\\ud801[\\udc00-\\udc9d\\udd00-\\udd27\\udd30-\\udd63\\ude00-\\udf36\\udf40-\\udf55\\udf60-\\udf67]|\\ud802[\\udc00-\\udc05\\udc08\\udc0a-\\udc35\\udc37\\udc38\\udc3c\\udc3f-\\udc55\\udc60-\\udc76\\udc80-\\udc9e\\udd00-\\udd15\\udd20-\\udd39\\udd80-\\uddb7\\uddbe\\uddbf\\ude00-\\ude03\\ude05\\ude06\\ude0c-\\ude13\\ude15-\\ude17\\ude19-\\ude33\\ude38-\\ude3a\\ude3f\\ude60-\\ude7c\\ude80-\\ude9c\\udec0-\\udec7\\udec9-\\udee6\\udf00-\\udf35\\udf40-\\udf55\\udf60-\\udf72\\udf80-\\udf91]|\\ud803[\\udc00-\\udc48]|\\ud804[\\udc00-\\udc46\\udc7f-\\udcba\\udcd0-\\udce8\\udd00-\\udd34\\udd50-\\udd73\\udd76\\udd80-\\uddc4\\uddda\\ude00-\\ude11\\ude13-\\ude37\\udeb0-\\udeea\\udf01-\\udf03\\udf05-\\udf0c\\udf0f\\udf10\\udf13-\\udf28\\udf2a-\\udf30\\udf32\\udf33\\udf35-\\udf39\\udf3c-\\udf44\\udf47\\udf48\\udf4b-\\udf4d\\udf57\\udf5d-\\udf63\\udf66-\\udf6c\\udf70-\\udf74]|\\ud805[\\udc80-\\udcc5\\udcc7\\udd80-\\uddb5\\uddb8-\\uddc0\\ude00-\\ude40\\ude44\\ude80-\\udeb7]|\\ud806[\\udca0-\\udcdf\\udcff\\udec0-\\udef8]|\\ud808[\\udc00-\\udf98]|\\ud80c[\\udc00-\\udfff]|\\ud80d[\\udc00-\\udc2e]|\\ud81a[\\udc00-\\ude38\\ude40-\\ude5e\\uded0-\\udeed\\udef0-\\udef4\\udf00-\\udf36\\udf40-\\udf43\\udf63-\\udf77\\udf7d-\\udf8f]|\\ud81b[\\udf00-\\udf44\\udf50-\\udf7e\\udf8f-\\udf9f]|\\ud82c[\\udc00\\udc01]|\\ud82f[\\udc00-\\udc6a\\udc70-\\udc7c\\udc80-\\udc88\\udc90-\\udc99\\udc9d\\udc9e]|\\ud834[\\udd65-\\udd69\\udd6d-\\udd72\\udd7b-\\udd82\\udd85-\\udd8b\\uddaa-\\uddad\\ude42-\\ude44]|\\ud835[\\udc00-\\udc54\\udc56-\\udc9c\\udc9e\\udc9f\\udca2\\udca5\\udca6\\udca9-\\udcac\\udcae-\\udcb9\\udcbb\\udcbd-\\udcc3\\udcc5-\\udd05\\udd07-\\udd0a\\udd0d-\\udd14\\udd16-\\udd1c\\udd1e-\\udd39\\udd3b-\\udd3e\\udd40-\\udd44\\udd46\\udd4a-\\udd50\\udd52-\\udea5\\udea8-\\udec0\\udec2-\\udeda\\udedc-\\udefa\\udefc-\\udf14\\udf16-\\udf34\\udf36-\\udf4e\\udf50-\\udf6e\\udf70-\\udf88\\udf8a-\\udfa8\\udfaa-\\udfc2\\udfc4-\\udfcb]|\\ud83a[\\udc00-\\udcc4\\udcd0-\\udcd6]|\\ud83b[\\ude00-\\ude03\\ude05-\\ude1f\\ude21\\ude22\\ude24\\ude27\\ude29-\\ude32\\ude34-\\ude37\\ude39\\ude3b\\ude42\\ude47\\ude49\\ude4b\\ude4d-\\ude4f\\ude51\\ude52\\ude54\\ude57\\ude59\\ude5b\\ude5d\\ude5f\\ude61\\ude62\\ude64\\ude67-\\ude6a\\ude6c-\\ude72\\ude74-\\ude77\\ude79-\\ude7c\\ude7e\\ude80-\\ude89\\ude8b-\\ude9b\\udea1-\\udea3\\udea5-\\udea9\\udeab-\\udebb]|\\ud840[\\udc00-\\udfff]|\\ud841[\\udc00-\\udfff]|\\ud842[\\udc00-\\udfff]|\\ud843[\\udc00-\\udfff]|\\ud844[\\udc00-\\udfff]|\\ud845[\\udc00-\\udfff]|\\ud846[\\udc00-\\udfff]|\\ud847[\\udc00-\\udfff]|\\ud848[\\udc00-\\udfff]|\\ud849[\\udc00-\\udfff]|\\ud84a[\\udc00-\\udfff]|\\ud84b[\\udc00-\\udfff]|\\ud84c[\\udc00-\\udfff]|\\ud84d[\\udc00-\\udfff]|\\ud84e[\\udc00-\\udfff]|\\ud84f[\\udc00-\\udfff]|\\ud850[\\udc00-\\udfff]|\\ud851[\\udc00-\\udfff]|\\ud852[\\udc00-\\udfff]|\\ud853[\\udc00-\\udfff]|\\ud854[\\udc00-\\udfff]|\\ud855[\\udc00-\\udfff]|\\ud856[\\udc00-\\udfff]|\\ud857[\\udc00-\\udfff]|\\ud858[\\udc00-\\udfff]|\\ud859[\\udc00-\\udfff]|\\ud85a[\\udc00-\\udfff]|\\ud85b[\\udc00-\\udfff]|\\ud85c[\\udc00-\\udfff]|\\ud85d[\\udc00-\\udfff]|\\ud85e[\\udc00-\\udfff]|\\ud85f[\\udc00-\\udfff]|\\ud860[\\udc00-\\udfff]|\\ud861[\\udc00-\\udfff]|\\ud862[\\udc00-\\udfff]|\\ud863[\\udc00-\\udfff]|\\ud864[\\udc00-\\udfff]|\\ud865[\\udc00-\\udfff]|\\ud866[\\udc00-\\udfff]|\\ud867[\\udc00-\\udfff]|\\ud868[\\udc00-\\udfff]|\\ud869[\\udc00-\\uded6\\udf00-\\udfff]|\\ud86a[\\udc00-\\udfff]|\\ud86b[\\udc00-\\udfff]|\\ud86c[\\udc00-\\udfff]|\\ud86d[\\udc00-\\udf34\\udf40-\\udfff]|\\ud86e[\\udc00-\\udc1d]|\\ud87e[\\udc00-\\ude1d]|\\udb40[\\udd00-\\uddef]
Malformed, grandfathered or 'privateuse' Language-Tag
unclosed patter
<dl>
\\\\'\\{l\\}
Cannot apply a numeric index as object property
params\\.fetch\\(:user, \\{\\}\\)
<h2>Access Denied<\\/h2>
<SP>
Invalid role name found
_xlfn\\.
'SET' 'CLUSTER'
unknown error code
\\.vue\\?rollup-plugin-vue
finally
'\\\\''
='
<name nil=\"true\"/>
Login 
\\\\ElsevierGlyph\\{E20B\\}
\"name\":\"stylus\"
 leaflet-pan-anim
<p>\\${myData}<\\/p>
 <= 
this_url
font>\"],<
Indexed 
Auto-removed
'beam_item'
\"undefined\"
\\scollapse\\b
A Domain Name cannot be extended beyond
add_column :posts, :user_uuid, :string
Rejected\\b
\\b\\.\\b
minirunit
geometry Point not supported
validCount
2: \\[Fortitude::Tags::PartialTagPlaceholder/:_fortitude_partial_placeholder\\]
IO\\u{26a1}
a statement with no error handler failed: Error preparing an SQLite statement
wildly_inaccurate_regexp_match
cumulative
!!before_perform_foo!! \\[nil, \"foo\", 5\\]
Stack validation failed with the following errors
{reddit_author}
%extime%
the area page
javascript-obfuscator *: *enable
Lotus\\-Domino
Content missing
\\d examples, \\d failure
head
Timeout waiting for response
hessian writeArray input type invalid
AW
must be a function or a string
Expected a Resource or a Concept
CIEN
HSM pin property
&quote;
can not be used
Bebe
>fromToken<\\/
</p>
_SCR_
keyword><function>stack<
SHIPPING
<\\s*\\/\\s*script
blackout
this is a test message
n\\Q\u00e3\u0081\u0094\u00e7\u0099\u00bb\u00e9\u008c\u00b2\u00e3\u0080\u0081\u00e3\u0081\u0082\u00e3\u0082\u008a\u00e3\u0081\u008c\u00e3\u0081\u00a8\u00e3\u0081\u0086\u00e3\u0081\u0094\u00e3\u0081\u0096\u00e3\u0081\u0084\u00e3\u0081\u00be\u00e3\u0081\u0099\u00e3\u0080\u0082\u00e7\u0099\u00bb\u00e9\u008c\u00b2\u00e3\u0082\u0092\u00e6\u0089\u00bf\u00e8\u00aa\u008d\u00e3\u0081\u0099\u00e3\u0082\u008b\u00e5\u00a0\u00b4\u00e5\u0090\u0088\u00e3\u0081\u00afn\u00e4\u00b8\u008b\u00e3\u0081\u00ae\u00e3\u0083\u00aa\u00e3\u0083\u00b3\u00e3\u0082\u00af\u00e3\u0082\u0092\u00e3\u0082\u00af\u00e3\u0083\u00aa\u00e3\u0083\u0083\u00e3\u0082\u00af\u00e3\u0081\u0097\u00e3\u0081\u00a6\u00e3\u0081\u008f\u00e3\u0081\u00a0\u00e3\u0081\u0095\u00e3\u0081\u0084\u00e3\u0080\u0082nnThank you for registration. To confirm your registration,nplease click following link:nn\\Ehttp://localhost/(?:[^/]+/)*register\\.yatt\\?!confirm=1[;&]token=(?<token>[0-9a-f]+)\\Qnn\u00e5\u00bf\u0083\u00e5\u00bd\u0093\u00e3\u0081\u009f\u00e3\u0082\u008a\u00e3\u0081\u00ae\u00e7\u0084\u00a1\u00e3\u0081\u0084\u00e6\u0096\u00b9\u00e3\u0081\u00af\u00e3\u0080\u0081\u00e3\u0081\u0093\u00e3\u0081\u00ae\u00e3\u0083\u00a1\u00e3\u0083\u00bc\u00e3\u0083\u00ab\u00e3\u0081\u00af\u00e7\u00a0\u00b4\u00e6\u00a3\u0084\u00e3\u0081\u0097\u00e3\u0081\u00a6\u00e3\u0081\u008f\u00e3\u0081\u00a0\u00e3\u0081\u0095\u00e3\u0081\u0084\u00e3\u0080\u0082nnIf you have received this mail without having requested it,nplease dispose this mail.n\\E
working directory clean
\\{percentage}
bbb
The data-gfyid attribute is required for
__DESCRIPTION__
Invalid rest method
Can not resolve relative\\.md
devise_for :users, ::AbAdmin::Devise\\.config
NOMATCH
transaction is not valid to abort
<h1> was left open
System\\.register\\(
failed: timeout
%forloop%
_MSI_
can't create new
sample\\.2
A8X
expected 2 queries
Incorrect arguments for snapshot delete command
\\]\\\\\\]
Bones: index
mportant
sl
\\{HOST\\.NAME\\}
sha1
SERVERSTATTYPEMAP
ignored/
localdelay
\\.\\./\\.\\./
error trying to set include_path
get property bar1 of undefined
RTL Plus
_one_time_conditions
255,\\s*0,\\s* 0,\\s*1\\s*
name=\"my_prefix_price\"
Created container with id
DeadlockDetectedException
not master
\"type\":\"AirbrakeTestError\",\"message\":\"after_rollback\"
\\(next\\) foo
validator
The parameter \"limit\" must be defined for the collection method \"mapLimit\"\\.
env-production hiera provided value
apt-get -y install ansible
Opera Mini;
Dont-Document-method:\\s
rdf:rest \\(2 3\\) \\.
enigma\\sbrowser
has \"eq\" operator with invalid value within \"nodeRef\"
107
No mention of statusCode: 200
posts\\/1\\/relationships\\/author
\\bINSERT\\b
\\\\mathchar\"2208
Value\\d
test_error
only key
this doesn't makes sense
but its value is `null`\\.
\\\\volintegral 
class User < ActiveRecord::Base\n  rolify :role_cname => 'Admin::Role'\n
COL_FIELD
logsene
_doubleQuote
Could not find a valid Wordpress directory
\\\\ElsevierGlyph\\{E25B\\}
add_foreign_key_constraint \"child\", \"parent_id\", \"parent\", \"id\", :name => \"test_fk_name\"
###method
<b>test</b> HTML<br/>
Removing the remote branch
not-used uri parameter unused
\\{\\{name}}
not valid arguments
The server does not support deployments
\u00b0\u00b0JOP\u00b0CHECKBOX\u00b0TICK\u00b0\u00b0
account_id must be a properly formatted
qop=auth
\\\\mathbin\\{\\{:\\}\\\\!\\\\!\\{\\-\\}\\\\!\\\\!\\{:\\}\\}
command_dependency\\.rb
t\\.index \\[\"code\"\\]
did not find a value for the name 'mod_a::b'
Test finished without running any assertions
\\bAxis_t\\b
<role role_name=\"Issuer\">
Source must be an integer
Hello windows
Expecting components to be array
RuntimeException: This is my exception in file 
soir
\\\\]
expected to find visible field \"it is checked\"
action=login\\.pl
\\[ \\-\\- \\]
TypeCount
Oink Log Entry Complete
has \"mul\" operator with invalid value in \"optFloat\"
<div>some returned HTML<\\/div>
Stack=103 \\(bottom\\) ID=100
 SET 
Errno
The parameter
sonar
def_API
PropTypes\\.node
intern version \\d
This spec requires forking to work properly
\\bERROR
:else
projectnameonly
\u00a7\u00a7\u00a7
\\{\\{hwt-mark-stop\\}\\}
Ruby/
\\{\\{#
<\\/corpus>
Retpahc
 \\b UPSILON   \\b  
\\[96\\]
,1
\\/\\*\\s*#EndGlobalDeclaration\\s*\\*\\/
Constructor
MMM
variant-attributes
w3c-mobileok
Imported 'alignak_module_example' for mod-example-2
\\p{Ideo}
no such table: BogusTable
\\/\\* grunt\\-contrib\\-compass banner \\*\\/
reread
Soy\\.register\\(MarbleComponent, templates\\)
Vhd
Property name should not be \"constructor\" in Model: Ctor
Insufficient_storage
manipulator must be defined
Target INST already mapped to interface INST_INT
Resource \\'\\/resource\\' already exists
EXECUTABLE DIRECTORY:
JC
%NODE_PATH%
passwordfile realm username
i\u30fc
__CLASSIFY_NAMESPACE__
Task1
wps2_path
\\bGoogle TV\\b
segment_efforts
<tt>b597b5d<\\/tt>
Jackson
\\btom\\b
 s\u00c3\u00a1b\\.
mdy
@test = test
4c8e30888c099e6f166c4a7d590fb0c5
Port
dir-a-base-2
sematext\\/sematext-agent-docker
body></body
Timeout: Request failed to complete in 1000ms
\\bwith SpamAssassin\\b
\"\\^
video
scorefile
Unable to get Terminal Size
\"float\":10
 ERROR - 
href=\"http
<div id=\"ajax_recaptcha\"></div>
\\.service\\('Testing2Service',\\ function\\(\\Testing2Model\\)\\ {
text\\.blog\\.plain
cynthia
Second argument with valueless unit expected
list_
<bt>
dropped
expects a Timestamp value, got Integer
relax2
cleaned 0 interfaces
Must set the password
#access_key, #secret_key, #bucket are all required
<ipAddress>
p'
:host and :login_url MUST be provided
record your message
engines/bastion/test/test_helper\\.rb
RateLimit
enlarge_window
Full Name&nbsp;&#9660;
Cannot GET \\/whatev
DIRNAME
\"PartnerID\":
the results should contain reviews
apcupsd_line_nominal_volts{hostname=\"a\",model=\"b\",ups_name=\"c\"} 120
CONTRIBUTORS
:data_type must be one of
;Value date;
Ampulle
solr
<div role=\\\\\"implicitly_defined\\\\\">
<___\\/script___>
\\{\"name\": \"asciidoctor\"\\}
Invalid CORSANYWHERE_RATELIMIT\\. Regex at index 1 must start and end with a slash \\(\"\\/\"\\)\\.
Caused by
<%--
unsupported field
roi_item
mymod has an invalid and unparsable metadata\\.json file
<xmp>
/url
reloading foobar
spooky
E1048
d=\\\"\\s*L\\s*0,0\\\"\\/>
JobId
granite\\.it\\.
Duplicate RecordSet found in resource
Usage: my-bin-sub <command> \\[options]
warning: removing `
yadan start
on or after 2099-03-01
Argument #1 expected MyClass instance, but was Object instance
-spec\\.
Bucket id is malformed
OppStatus
ahh
\\bColor_t\\b
t-mobile\\.de
#{\\s*key\\s*}
ON_RUN_START_ERROR
and testing
FEATURE
mount_uploader :pdf1, FilyResourcePdf1Uploader
<meta itemprop='position' content='<%= i %>' />
choice=no
Old Food Post
class=\\\"originalvalue\\\"
whitespace
\\\\c\\{c\\}
Huawei Integrated Access Software
ANIEM
none is deprecated
AMigration: reverted
u\\. s\\.
uap
vue
Time must be a number
Severus S
\\[/url\\]
fork
OBJECT
WARN : Surely you jest!
mcdonnel
<postalCode>K1C2N6</postalCode>
</data>
<style>@import url\\(https:\\/\\/fonts\\.googleapis\\.com\\/css\\?family=Indie\\+Flower\\);body{background:snow;colour:grey}\\[contenteditable=true]:active,\\[contenteditable=true]:focus{border:none}<\\/style>
multipart\\/form-data
x1=\"0\"
MH2
key=pickpoint-api-key
invalid kopi
\"collectiosfklajsfns\" is not allowed
deploy
stream ended unexpectedly
== Reference
must be a list
undefined method `unpack'
Spoof
\\{PACKAGE_NAME\\}
localhost\\/
unknown network 'nonexistent-network'
WARN -- : --create-symlinks is ignored unless --preserve-environments is used
WrongPattern
<h2>Comparisons:</h2>
koopa
startYear
[*]\\\\w
robot
Loading plugin 'yard-foo'
\\s*<hr\\ \\/>\\s*
_aligned
\\bcustomTC\\b
ip netns exec tpnns
<OrderID>transaction_id<\\/
-rHEAD -v
\\.maf
\\[warn\\]: Missing @return tag near \\(stdin\\):2\\.
MACRO_NAME
<a href='#!\\/guide\\/myguide-section-my-f%C3%A4pter'>
weex-sticky-placeholder
\nend
mixpanel\\.init\\(\"abcdef\"\\, config
afternoon
ceph_cluster_used_bytes{cluster=\"ceph\"} 0
gem \"rails\"
<% EXPORT_DIST %>
pkg_add -r ruby
\\bMDY\\b
vast central plain
var\\s
* Always start with 2 *
%TITLE
class AddEmailToUsers
 \\b PI        \\b  
%token
in-addr
_new
ORDERBYCOL
attempt to store duplicate value
\\(\\s*object\\s*\\)
\u00e1\u00be\u008d
cruel
module TestApp\n  class Admin::User::Special::RoleTest < ActiveSupport::TestCase
#END
InventoryUpdate
User-Agent
No route \\[POST\\]\"\\/foo\\/bar\" found for host \"localhost\"\\.
No callback provided to pbkdf2
Proc-Type
not implemented by any registered plugin
has not been started
different URL
#This Row
\\G\\@\"
tracking\\.koego\\.com\\/end\\/ego\\.js
\\*_\\b
Invalid klippspec configuration
\\{yyyy\\}
\\>\\s*README\\s*\\<
rtl
failed with exit code 1
wiped
pos:f
No rules of the form
\\p{Mn}
lincoln
\n## My second title
state
cmd\\.exe
use Rack::Cache
handle
 !=
\\{year\\}
#COUNT#
WIN
height=\"32\"
#6 MiniTest::Unit::TestCase
entry 'annotations' expects a value of type Undef or Hash
Will be removed after 2011-09-02
DesignName
\\.net/z/
part1
\\bdel\\b
Not allowed with argument
You must specify a domain with -n
must be a RegExp object
subscribe
\\b400\\b
\\.ipa
param2=%40%24
jackson-databind-2\\.0\\.6\\.jar
\u00e1\u00be\u0097
No responses
Connection is closed
foo is not defined
sjis
\\\\period
cvv2=
attempting to run jasmine init in a Rails project
unable to find a host
\\\\ding\\{89\\}
</question>\n
_PopupRenderer
imageLiteral=
<h2 id=\"welcome\">Welcome!<\\/h2>
null 
er\\b
hap update AirQualitySensor NitrogenDioxideDensity 100
654321
aa
8BITMIME
what this is
Sign up
min_columns
WindowsMobile
AU_THU
What is the npm module name
&ldquo;
allow_index
handler
old syntax no longer supported
<&VERSION>
Could not obtain ExecJS runtime context
\\? Do you want to apply the migration \\(Y\\/n\\)
maybeToAsync: Maybe or Maybe returning function required for second argument
\\p{IsWord}-\\p{IsWord}
cker
User #
XML
Cart
Album
edit subcommand is not implemented yet
Nintendo DS
DONT_MATCH
Cannot constitute a value of type object \\(while constituting post constructor for FaultyPostClass\\)
\\{q\\}
Invalid add range diff op: Key out of range: NaN
flycheck_
<dc:creator>
Just drop one of your bourbon balls into a cup of coffee
\"GET \\/ \" 200 - 
Diff: -
No rules defined for state 'htmlcomment'
console_log_test
<noncharacter
\\?v\\.
spec\\/
unterminated quoted string meets end of file
cpk
Picklist_Field is not a dependent picklist
UNAVAILABLE
simil
admin/
meth\\.
use_local_format: false\n
\\svi\\b
Bundle complete!
 \\`
\\{\\{!
Powered by osCommerce
test_resources/1/child/5
Aborted because of self decline: \\.\\/a\\.js
\\\\Elzfhr 
widget\\(:gerbil\\)
4 tasks, 2 done, 2 pending in
\\/_\\/ipfs\\/files
-Files to be modified-
No \"Hero\" key
unable to open image nil
Session\\.Name\\.\\.\\.\\:
angular-ui-router
INFO -- : No differences
Version: 1\\.9\\.0
Environment variable\\(s\\) not found in the provided file\\(s\\)\\.
a\\p{Any}a
\"level\":4
\\/Pods\\/
/accounts\\/1\\?test=true
parapara
\\.jar!
github\\.com\\/finnp\\/abc
Foo::Bar#blah
What measure
-----END EC PRIVATE KEY-----
static dataSourceName = 'ds';
Bayes
wrong number of arguments \\(5 for 1\\.\\.4\\)
gro\u00dfo
mouseup
Manage Proxies
Puppet\\:\\:Functions\\.create_function
<\\/instance>
some\\/url
unknown setting
refute_match
UNDEFINED\\b
Creating new user
\\byysstack\\b
INVALID_SESSION
NOT RUNNING
test_1 test_2
pgroup
the_stack
AM
Iou
# sample
Fail 
\\[\\/ALIGN\\]
_:a <http://example/b> \"c\" \\.
\\btags\\b
Illegal integer 'blahblah'
\u00ef\u00bd\u00a1
-profile\\s
@module
w/
Unknown resource type: 'create-resource-foo'
%solution%
\u00ce\u009d\u00ce\u00a4
'm
line 4:
CHECKSIG
keyframes
_public\\.
fabrowser
could not be located
{BY_USER}
add_index :products, :user_id
Usage:   script/extension command \\[arguments\\]
Fehlerhafte Eingabe
Username:
g# %3 o & %2525 %37 dir
\\.L
Diff:
%dred
unittest was called
{TARGET_STYLE}
request timed out
___SOLSTICE_DB_WRITE_COUNT___
The cartridge 'manifest://test' does not define a version '0\\.2'\\.
Write fragment views\\/foo
Bad references: q_1; q_1, a_1; q_watch, a_b_1
Cover
notTrunking
Post #2
comment><comment> <
PSI
<db\\.user>
mixin-sentinel
\\.yyErrOk\\b
MacKlin
MI-ONE
Errand 'fake-errand-name' completed with error \\(exit code 23\\)
 \\G \\) 
\"index_entries_on_title\"
Invalid mouse
stat\\(
CHS
_gamma_
Minitest\\.backtrace_filter = Minitest::BacktraceFilter\\.new
first spec
<EXTENDED_UTR>
Plugin bbb is attempting to redefine mapping \"amap\"
definitionFn given to
type \"Link\"
the new candidate page
HTTPServer#start:
\\bACME\\b
Nevermind
app\\/coffeescripts\\/ember\\/shared\\/templates\\/
Cannot call get with 'aProperty' on an undefined object
#! \\/usr\\/bin\\/env python
called with `\\(\\[test double \\(unnamed\\)\\]\\)`
_END_
\\.\\.\\.Validate
DUCK
ve over
User-agent
Invalid property
email required
rssbandit
near \\\"\\[object Object\\]\\\": syntax error
cubed
\\&data\\=Email\\+Address\\%2CFirst\\+Name\\%2CLast\\+Name\\%0A
\u6587\u5b57\u5316\u3051
not allowed to access package
no sflow
\\\\\\#
\\\\cyrchar\\\\cyrerev 
owner must be specified
No projects registered
office:value-type=\"string\"
A String or Symbol
Norway
is not signed at all
\\bmakeMark\\b
molcajete
XS\\/
Duplicate export name 'foo' for global 0 and function 0
\\\\cyrchar\\\\cyrb 
kang
The following gems are missing
ipdrdoc
\\d\\d%
B:
different
